#
# There is insufficient memory for the Java Runtime Environment to continue.
# Native memory allocation (mmap) failed to map 264241152 bytes. Error detail: G1 virtual space
# Possible reasons:
#   The system is out of physical RAM or swap space
#   This process is running with CompressedOops enabled, and the Java Heap may be blocking the growth of the native heap
# Possible solutions:
#   Reduce memory load on the system
#   Increase physical memory or swap space
#   Check if swap backing store is full
#   Decrease Java heap size (-Xmx/-Xms)
#   Decrease number of Java threads
#   Decrease Java thread stack sizes (-Xss)
#   Set larger code cache with -XX:ReservedCodeCacheSize=
#   JVM is running with Zero Based Compressed Oops mode in which the Java heap is
#     placed in the first 32GB address space. The Java Heap base address is the
#     maximum limit for the native heap growth. Please use -XX:HeapBaseMinAddress
#     to set the Java Heap base and to place the Java Heap above 32GB virtual address.
# This output file may be truncated or incomplete.
#
#  Out of Memory Error (os_windows.cpp:3707), pid=28304, tid=17604
#
# JRE version:  (23.0.2+7) (build )
# Java VM: OpenJDK 64-Bit Server VM (23.0.2+7-58, mixed mode, sharing, tiered, compressed oops, compressed class ptrs, g1 gc, windows-amd64)
# No core dump will be written. Minidumps are not enabled by default on client versions of Windows
#

---------------  S U M M A R Y ------------

Command Line: -Dmaven.multiModuleProjectDirectory=C:\Users\msi\OneDrive - ESPRIT\Bureau\AutoHeaven -Djansi.passthrough=true -Dmaven.home=C:\Program Files\JetBrains\intellij\IntelliJ IDEA 2024.2.3\plugins\maven\lib\maven3 -Dclassworlds.conf=C:\Program Files\JetBrains\intellij\IntelliJ IDEA 2024.2.3\plugins\maven\lib\maven3\bin\m2.conf -Dmaven.ext.class.path=C:\Program Files\JetBrains\intellij\IntelliJ IDEA 2024.2.3\plugins\maven\lib\maven-event-listener.jar -javaagent:C:\Program Files\JetBrains\intellij\IntelliJ IDEA 2024.2.3\lib\idea_rt.jar=52601:C:\Program Files\JetBrains\intellij\IntelliJ IDEA 2024.2.3\bin -Dfile.encoding=UTF-8 -Dsun.stdout.encoding=UTF-8 -Dsun.stderr.encoding=UTF-8 org.codehaus.classworlds.Launcher -Didea.version=2024.2.3 org.openjfx:javafx-maven-plugin:0.0.8:run

Host: 12th Gen Intel(R) Core(TM) i7-12650H, 16 cores, 15G,  Windows 11 , 64 bit Build 22621 (10.0.22621.4830)
Time: Sun Feb 16 14:39:25 2025 GMT elapsed time: 0.020916 seconds (0d 0h 0m 0s)

---------------  T H R E A D  ---------------

Current thread (0x00000225967818f0):  JavaThread "Unknown thread" [_thread_in_vm, id=17604, stack(0x0000003fe5b00000,0x0000003fe5c00000) (1024K)]

Stack: [0x0000003fe5b00000,0x0000003fe5c00000]
Native frames: (J=compiled Java code, j=interpreted, Vv=VM code, C=native code)
V  [jvm.dll+0x6e0b99]  (no source info available)
V  [jvm.dll+0x87e2b3]  (no source info available)
V  [jvm.dll+0x88073e]  (no source info available)
V  [jvm.dll+0x880e13]  (no source info available)
V  [jvm.dll+0x27b006]  (no source info available)
V  [jvm.dll+0x6dd485]  (no source info available)
V  [jvm.dll+0x6d127a]  (no source info available)
V  [jvm.dll+0x35b50a]  (no source info available)
V  [jvm.dll+0x363916]  (no source info available)
V  [jvm.dll+0x34fe7e]  (no source info available)
V  [jvm.dll+0x350118]  (no source info available)
V  [jvm.dll+0x328aec]  (no source info available)
V  [jvm.dll+0x32978e]  (no source info available)
V  [jvm.dll+0x8449a5]  (no source info available)
V  [jvm.dll+0x3b9a08]  (no source info available)
V  [jvm.dll+0x82d68c]  (no source info available)
V  [jvm.dll+0x454f2e]  (no source info available)
V  [jvm.dll+0x456db1]  (no source info available)
C  [jli.dll+0x52a3]  (no source info available)
C  [ucrtbase.dll+0x29333]  (no source info available)
C  [KERNEL32.DLL+0x1259d]  (no source info available)
C  [ntdll.dll+0x5af38]  (no source info available)

Lock stack of current Java thread (top to bottom):


---------------  P R O C E S S  ---------------

Threads class SMR info:
_java_thread_list=0x00007ffa72004618, length=0, elements={
}

Java Threads: ( => current thread )
Total: 0

Other Threads:
  0x00000225967e8a90 WorkerThread "GC Thread#0"                     [id=3552, stack(0x0000003fe5c00000,0x0000003fe5d00000) (1024K)]
  0x00000225967fe420 ConcurrentGCThread "G1 Main Marker"            [id=47508, stack(0x0000003fe5d00000,0x0000003fe5e00000) (1024K)]
  0x00000225967ffd50 WorkerThread "G1 Conc#0"                       [id=44500, stack(0x0000003fe5e00000,0x0000003fe5f00000) (1024K)]

[error occurred during error reporting (printing all threads), id 0xc0000005, EXCEPTION_ACCESS_VIOLATION (0xc0000005) at pc=0x00007ffa7174c0da]
VM state: not at safepoint (not fully initialized)

VM Mutex/Monitor currently owned by a thread:  ([mutex/lock_event])
[0x00007ffa72084988] Heap_lock - owner thread: 0x00000225967818f0

Heap address: 0x0000000704a00000, size: 4022 MB, Compressed Oops mode: Zero based, Oop shift amount: 3

CDS archive(s) mapped at: [0x0000000000000000-0x0000000000000000-0x0000000000000000), size 0, SharedBaseAddress: 0x0000000800000000, ArchiveRelocationMode: 1.
Narrow klass base: 0x0000000000000000, Narrow klass shift: 0, Narrow klass range: 0x0

GC Precious Log:
 CardTable entry size: 512
 Card Set container configuration: InlinePtr #cards 4 size 8 Array Of Cards #cards 16 size 48 Howl #buckets 8 coarsen threshold 3686 Howl Bitmap #cards 512 size 80 coarsen threshold 460 Card regions per heap region 1 cards per card region 4096

Heap:
 garbage-first heap   total reserved 4118528K, committed 0K, used 0K [0x0000000704a00000, 0x0000000800000000)
  region size 2048K, 0 young (0K), 0 survivors (0K)

[error occurred during error reporting (printing heap information), id 0xc0000005, EXCEPTION_ACCESS_VIOLATION (0xc0000005) at pc=0x00007ffa71b4c6a9]
GC Heap History (0 events):
No events

Dll operation events (1 events):
Event: 0.012 Loaded shared library C:\Users\msi\.jdks\openjdk-23.0.2\bin\java.dll

Deoptimization events (0 events):
No events

Classes loaded (0 events):
No events

Classes unloaded (0 events):
No events

Classes redefined (0 events):
No events

Internal exceptions (0 events):
No events

VM Operations (0 events):
No events

Memory protections (0 events):
No events

Nmethod flushes (0 events):
No events

Events (0 events):
No events


Dynamic libraries:
0x00007ff6436a0000 - 0x00007ff6436ae000 	C:\Users\msi\.jdks\openjdk-23.0.2\bin\java.exe
0x00007ffb67450000 - 0x00007ffb67667000 	C:\WINDOWS\SYSTEM32\ntdll.dll
0x00007ffb2b470000 - 0x00007ffb2b48a000 	C:\Program Files\Avast Software\Avast\aswhook.dll
0x00007ffb65140000 - 0x00007ffb65204000 	C:\WINDOWS\System32\KERNEL32.DLL
0x00007ffb64ad0000 - 0x00007ffb64ea0000 	C:\WINDOWS\System32\KERNELBASE.dll
0x000000005bc40000 - 0x000000005bf6e000 	C:\Program Files\Norton Security\NortonData\22.24.3.6\Definitions\IPSDefs\20250115.064\IPSEng64.dll
0x00007ffb66c30000 - 0x00007ffb66ce1000 	C:\WINDOWS\System32\ADVAPI32.dll
0x00007ffb67070000 - 0x00007ffb67117000 	C:\WINDOWS\System32\msvcrt.dll
0x00007ffb664c0000 - 0x00007ffb66567000 	C:\WINDOWS\System32\sechost.dll
0x00007ffb64980000 - 0x00007ffb649a8000 	C:\WINDOWS\System32\bcrypt.dll
0x00007ffb658e0000 - 0x00007ffb659f4000 	C:\WINDOWS\System32\RPCRT4.dll
0x00007ffb66af0000 - 0x00007ffb66af8000 	C:\WINDOWS\System32\PSAPI.DLL
0x00007ffb649b0000 - 0x00007ffb64ac1000 	C:\WINDOWS\System32\ucrtbase.dll
0x00007ffb4c320000 - 0x00007ffb4c337000 	C:\Users\msi\.jdks\openjdk-23.0.2\bin\jli.dll
0x00007ffb53ba0000 - 0x00007ffb53bbb000 	C:\Users\msi\.jdks\openjdk-23.0.2\bin\VCRUNTIME140.dll
0x00007ffb65a90000 - 0x00007ffb65c3e000 	C:\WINDOWS\System32\USER32.dll
0x00007ffb64f20000 - 0x00007ffb64f46000 	C:\WINDOWS\System32\win32u.dll
0x00007ffb47b20000 - 0x00007ffb47db2000 	C:\WINDOWS\WinSxS\amd64_microsoft.windows.common-controls_6595b64144ccf1df_6.0.22621.4830_none_270fe7d773858e80\COMCTL32.dll
0x00007ffb65a00000 - 0x00007ffb65a29000 	C:\WINDOWS\System32\GDI32.dll
0x00007ffb64700000 - 0x00007ffb6481b000 	C:\WINDOWS\System32\gdi32full.dll
0x00007ffb64820000 - 0x00007ffb648ba000 	C:\WINDOWS\System32\msvcp_win.dll
0x00007ffb66e80000 - 0x00007ffb66eb1000 	C:\WINDOWS\System32\IMM32.DLL
0x00007ffb53b90000 - 0x00007ffb53b9c000 	C:\Users\msi\.jdks\openjdk-23.0.2\bin\vcruntime140_1.dll
0x00007ffb173c0000 - 0x00007ffb1744e000 	C:\Users\msi\.jdks\openjdk-23.0.2\bin\msvcp140.dll
0x00007ffa71410000 - 0x00007ffa72160000 	C:\Users\msi\.jdks\openjdk-23.0.2\bin\server\jvm.dll
0x00007ffb66960000 - 0x00007ffb669d1000 	C:\WINDOWS\System32\WS2_32.dll
0x00007ffb635c0000 - 0x00007ffb6360d000 	C:\WINDOWS\SYSTEM32\POWRPROF.dll
0x00007ffb5d330000 - 0x00007ffb5d33a000 	C:\WINDOWS\SYSTEM32\VERSION.dll
0x00007ffb57be0000 - 0x00007ffb57c14000 	C:\WINDOWS\SYSTEM32\WINMM.dll
0x00007ffb63580000 - 0x00007ffb63593000 	C:\WINDOWS\SYSTEM32\UMPDC.dll
0x00007ffb63830000 - 0x00007ffb63848000 	C:\WINDOWS\SYSTEM32\kernel.appcore.dll
0x00007ffb4c5d0000 - 0x00007ffb4c5da000 	C:\Users\msi\.jdks\openjdk-23.0.2\bin\jimage.dll
0x00007ffb62040000 - 0x00007ffb62272000 	C:\WINDOWS\SYSTEM32\DBGHELP.DLL
0x00007ffb66570000 - 0x00007ffb66900000 	C:\WINDOWS\System32\combase.dll
0x00007ffb671d0000 - 0x00007ffb672a7000 	C:\WINDOWS\System32\OLEAUT32.dll
0x00007ffb5a680000 - 0x00007ffb5a6b2000 	C:\WINDOWS\SYSTEM32\dbgcore.DLL
0x00007ffb650c0000 - 0x00007ffb6513b000 	C:\WINDOWS\System32\bcryptPrimitives.dll
0x00007ffb4c4b0000 - 0x00007ffb4c4bf000 	C:\Users\msi\.jdks\openjdk-23.0.2\bin\instrument.dll
0x00007ffb42070000 - 0x00007ffb4208e000 	C:\Users\msi\.jdks\openjdk-23.0.2\bin\java.dll
0x00007ffb66ec0000 - 0x00007ffb67061000 	C:\WINDOWS\System32\ole32.dll
0x00007ffb65c40000 - 0x00007ffb664b8000 	C:\WINDOWS\System32\SHELL32.dll

dbghelp: loaded successfully - version: 4.0.5 - missing functions: none
symbol engine: initialized successfully - sym options: 0x614 - pdb path: .;C:\Users\msi\.jdks\openjdk-23.0.2\bin;C:\WINDOWS\SYSTEM32;C:\Program Files\Avast Software\Avast;C:\Program Files\Norton Security\NortonData\22.24.3.6\Definitions\IPSDefs\20250115.064;C:\WINDOWS\WinSxS\amd64_microsoft.windows.common-controls_6595b64144ccf1df_6.0.22621.4830_none_270fe7d773858e80;C:\Users\msi\.jdks\openjdk-23.0.2\bin\server

VM Arguments:
jvm_args: -Dmaven.multiModuleProjectDirectory=C:\Users\msi\OneDrive - ESPRIT\Bureau\AutoHeaven -Djansi.passthrough=true -Dmaven.home=C:\Program Files\JetBrains\intellij\IntelliJ IDEA 2024.2.3\plugins\maven\lib\maven3 -Dclassworlds.conf=C:\Program Files\JetBrains\intellij\IntelliJ IDEA 2024.2.3\plugins\maven\lib\maven3\bin\m2.conf -Dmaven.ext.class.path=C:\Program Files\JetBrains\intellij\IntelliJ IDEA 2024.2.3\plugins\maven\lib\maven-event-listener.jar -javaagent:C:\Program Files\JetBrains\intellij\IntelliJ IDEA 2024.2.3\lib\idea_rt.jar=52601:C:\Program Files\JetBrains\intellij\IntelliJ IDEA 2024.2.3\bin -Dfile.encoding=UTF-8 -Dsun.stdout.encoding=UTF-8 -Dsun.stderr.encoding=UTF-8 
java_command: org.codehaus.classworlds.Launcher -Didea.version=2024.2.3 org.openjfx:javafx-maven-plugin:0.0.8:run
java_class_path (initial): C:\Program Files\JetBrains\intellij\IntelliJ IDEA 2024.2.3\plugins\maven\lib\maven3\boot\plexus-classworlds-2.8.0.jar;C:\Program Files\JetBrains\intellij\IntelliJ IDEA 2024.2.3\plugins\maven\lib\maven3\boot\plexus-classworlds.license
Launcher Type: SUN_STANDARD

[Global flags]
     intx CICompilerCount                          = 12                                        {product} {ergonomic}
     uint ConcGCThreads                            = 3                                         {product} {ergonomic}
     uint G1ConcRefinementThreads                  = 13                                        {product} {ergonomic}
   size_t G1HeapRegionSize                         = 2097152                                   {product} {ergonomic}
   size_t InitialHeapSize                          = 264241152                                 {product} {ergonomic}
   size_t MarkStackSize                            = 4194304                                   {product} {ergonomic}
   size_t MarkStackSizeMax                         = 536870912                                 {product} {ergonomic}
   size_t MaxHeapSize                              = 4217372672                                {product} {ergonomic}
   size_t MinHeapDeltaBytes                        = 2097152                                   {product} {ergonomic}
   size_t MinHeapSize                              = 8388608                                   {product} {ergonomic}
    uintx NonNMethodCodeHeapSize                   = 7602176                                {pd product} {ergonomic}
    uintx NonProfiledCodeHeapSize                  = 122093568                              {pd product} {ergonomic}
    uintx ProfiledCodeHeapSize                     = 121962496                              {pd product} {ergonomic}
    uintx ReservedCodeCacheSize                    = 251658240                              {pd product} {ergonomic}
     bool SegmentedCodeCache                       = true                                      {product} {ergonomic}
   size_t SoftMaxHeapSize                          = 4217372672                             {manageable} {ergonomic}
     bool UseCompressedOops                        = true                           {product lp64_product} {ergonomic}
     bool UseG1GC                                  = true                                      {product} {ergonomic}
     bool UseLargePagesIndividualAllocation        = false                                  {pd product} {ergonomic}

Logging:
Log output configuration:
 #0: stdout all=warning uptime,level,tags foldmultilines=false
 #1: stderr all=off uptime,level,tags foldmultilines=false

Environment Variables:
PATH=C:\oraclexe\app\oracle\product\11.2.0\server\bin;C:\Program Files (x86)\VMware\VMware Workstation\bin\;C:\Windows\system32;C:\Windows;C:\Windows\System32\Wbem;C:\Windows\System32\WindowsPowerShell\v1.0\;C:\Windows\System32\OpenSSH\;C:\Program Files (x86)\NVIDIA Corporation\PhysX\Common;C:\Program Files\NVIDIA Corporation\NVIDIA NvDLISR;C:\xampp\php;C:\composer;C:\Program Files\Git\cmd;C:\WINDOWS\system32;C:\WINDOWS;C:\WINDOWS\System32\Wbem;C:\WINDOWS\System32\WindowsPowerShell\v1.0\;C:\WINDOWS\System32\OpenSSH\;C:\maven\apache-maven-3.9.9\bin;C:\Users\msi\scoop\shims;C:\Users\msi\AppData\Local\Microsoft\WindowsApps;C:\Users\msi\AppData\Local\Programs\Microsoft VS Code\bin;C:\Users\msi\AppData\Roaming\Composer\vendor\bin;C:\Program Files\JetBrains\intellij\IntelliJ IDEA 2024.2.3\bin;;
USERNAME=msi
OS=Windows_NT
PROCESSOR_IDENTIFIER=Intel64 Family 6 Model 154 Stepping 3, GenuineIntel
TMP=C:\Users\msi\AppData\Local\Temp
TEMP=C:\Users\msi\AppData\Local\Temp




Periodic native trim disabled

---------------  S Y S T E M  ---------------

OS:
 Windows 11 , 64 bit Build 22621 (10.0.22621.4830)
OS uptime: 1 days 1:26 hours

CPU: total 16 (initial active 16) (8 cores per cpu, 2 threads per core) family 6 model 154 stepping 3 microcode 0x424, cx8, cmov, fxsr, ht, mmx, 3dnowpref, sse, sse2, sse3, ssse3, sse4.1, sse4.2, popcnt, lzcnt, tsc, tscinvbit, avx, avx2, aes, erms, clmul, bmi1, bmi2, adx, sha, fma, vzeroupper, clflush, clflushopt, clwb, serialize, rdtscp, rdpid, fsrm, gfni, f16c, pku, cet_ibt, cet_ss
Processor Information for processor 0
  Max Mhz: 2300, Current Mhz: 2300, Mhz Limit: 2300
Processor Information for processor 1
  Max Mhz: 2300, Current Mhz: 2300, Mhz Limit: 2300
Processor Information for processor 2
  Max Mhz: 2300, Current Mhz: 2300, Mhz Limit: 2300
Processor Information for processor 3
  Max Mhz: 2300, Current Mhz: 2300, Mhz Limit: 2300
Processor Information for processor 4
  Max Mhz: 2300, Current Mhz: 2300, Mhz Limit: 2300
Processor Information for processor 5
  Max Mhz: 2300, Current Mhz: 2300, Mhz Limit: 2300
Processor Information for processor 6
  Max Mhz: 2300, Current Mhz: 2300, Mhz Limit: 2300
Processor Information for processor 7
  Max Mhz: 2300, Current Mhz: 2300, Mhz Limit: 2300
Processor Information for processor 8
  Max Mhz: 2300, Current Mhz: 2300, Mhz Limit: 2300
Processor Information for processor 9
  Max Mhz: 2300, Current Mhz: 2300, Mhz Limit: 2300
Processor Information for processor 10
  Max Mhz: 2300, Current Mhz: 2300, Mhz Limit: 2300
Processor Information for processor 11
  Max Mhz: 2300, Current Mhz: 2300, Mhz Limit: 2300
Processor Information for processor 12
  Max Mhz: 2300, Current Mhz: 1488, Mhz Limit: 2300
Processor Information for processor 13
  Max Mhz: 2300, Current Mhz: 2300, Mhz Limit: 2300
Processor Information for processor 14
  Max Mhz: 2300, Current Mhz: 2300, Mhz Limit: 2300
Processor Information for processor 15
  Max Mhz: 2300, Current Mhz: 1488, Mhz Limit: 2300

Memory: 4k page, system-wide physical 16085M (591M free)
TotalPageFile size 65237M (AvailPageFile size 212M)
current process WorkingSet (physical memory assigned to process): 14M, peak: 14M
current process commit charge ("private bytes"): 72M, peak: 324M

vm_info: OpenJDK 64-Bit Server VM (23.0.2+7-58) for windows-amd64 JRE (23.0.2+7-58), built on 2024-11-29T09:34:55Z with MS VC++ 17.6 (VS2022)

END.
