#
# There is insufficient memory for the Java Runtime Environment to continue.
# Native memory allocation (malloc) failed to allocate 32744 bytes. Error detail: Chunk::new
# Possible reasons:
#   The system is out of physical RAM or swap space
#   This process is running with CompressedOops enabled, and the Java Heap may be blocking the growth of the native heap
# Possible solutions:
#   Reduce memory load on the system
#   Increase physical memory or swap space
#   Check if swap backing store is full
#   Decrease Java heap size (-Xmx/-Xms)
#   Decrease number of Java threads
#   Decrease Java thread stack sizes (-Xss)
#   Set larger code cache with -XX:ReservedCodeCacheSize=
#   JVM is running with Zero Based Compressed Oops mode in which the Java heap is
#     placed in the first 32GB address space. The Java Heap base address is the
#     maximum limit for the native heap growth. Please use -XX:HeapBaseMinAddress
#     to set the Java Heap base and to place the Java Heap above 32GB virtual address.
# This output file may be truncated or incomplete.
#
#  Out of Memory Error (arena.cpp:149), pid=43100, tid=47256
#
# JRE version: OpenJDK Runtime Environment (23.0.2+7) (build 23.0.2+7-58)
# Java VM: OpenJDK 64-Bit Server VM (23.0.2+7-58, mixed mode, sharing, tiered, compressed oops, compressed class ptrs, g1 gc, windows-amd64)
# No core dump will be written. Minidumps are not enabled by default on client versions of Windows
#

---------------  S U M M A R Y ------------

Command Line: -Dmaven.multiModuleProjectDirectory=C:\Users\msi\OneDrive - ESPRIT\Bureau\AutoHeaven -Djansi.passthrough=true -Dmaven.home=C:\Program Files\JetBrains\intellij\IntelliJ IDEA 2024.2.3\plugins\maven\lib\maven3 -Dclassworlds.conf=C:\Program Files\JetBrains\intellij\IntelliJ IDEA 2024.2.3\plugins\maven\lib\maven3\bin\m2.conf -Dmaven.ext.class.path=C:\Program Files\JetBrains\intellij\IntelliJ IDEA 2024.2.3\plugins\maven\lib\maven-event-listener.jar -javaagent:C:\Program Files\JetBrains\intellij\IntelliJ IDEA 2024.2.3\lib\idea_rt.jar=52602:C:\Program Files\JetBrains\intellij\IntelliJ IDEA 2024.2.3\bin -Dfile.encoding=UTF-8 -Dsun.stdout.encoding=UTF-8 -Dsun.stderr.encoding=UTF-8 org.codehaus.classworlds.Launcher -Didea.version=2024.2.3 org.openjfx:javafx-maven-plugin:0.0.8:run

Host: 12th Gen Intel(R) Core(TM) i7-12650H, 16 cores, 15G,  Windows 11 , 64 bit Build 22621 (10.0.22621.4830)
Time: Sun Feb 16 14:39:29 2025 GMT elapsed time: 0.435658 seconds (0d 0h 0m 0s)

---------------  T H R E A D  ---------------

Current thread (0x0000029ad3c254a0):  JavaThread "main"             [_thread_in_vm, id=47256, stack(0x000000f852800000,0x000000f852900000) (1024K)]

Stack: [0x000000f852800000,0x000000f852900000]
Native frames: (J=compiled Java code, j=interpreted, Vv=VM code, C=native code)
V  [jvm.dll+0x6e0b99]  (no source info available)
V  [jvm.dll+0x87e2b3]  (no source info available)
V  [jvm.dll+0x88073e]  (no source info available)
V  [jvm.dll+0x880e13]  (no source info available)
V  [jvm.dll+0x27b006]  (no source info available)
V  [jvm.dll+0xbc06f]  (no source info available)
V  [jvm.dll+0xbc2cb]  (no source info available)
V  [jvm.dll+0x21012f]  (no source info available)
V  [jvm.dll+0x212f38]  (no source info available)
V  [jvm.dll+0x20822e]  (no source info available)
V  [jvm.dll+0x5be93f]  (no source info available)
V  [jvm.dll+0x7f4016]  (no source info available)
V  [jvm.dll+0x475ed6]  (no source info available)
V  [jvm.dll+0x47bd78]  (no source info available)
C  [java.dll+0x17d4]  (no source info available)
C  0x0000029ae6311afc  (no source info available)

The last pc belongs to native nmethod (printed below).
Java frames: (J=compiled Java code, j=interpreted, Vv=VM code)
J 714  java.lang.ClassLoader.defineClass1(Ljava/lang/ClassLoader;Ljava/lang/String;[BIILjava/security/ProtectionDomain;Ljava/lang/String;)Ljava/lang/Class; java.base@23.0.2 (0 bytes) @ 0x0000029ae6311a61 [0x0000029ae63119a0+0x00000000000000c1]
j  java.lang.ClassLoader.defineClass(Ljava/lang/String;[BIILjava/security/ProtectionDomain;)Ljava/lang/Class;+27 java.base@23.0.2
j  java.security.SecureClassLoader.defineClass(Ljava/lang/String;[BIILjava/security/CodeSource;)Ljava/lang/Class;+12 java.base@23.0.2
j  java.net.URLClassLoader.defineClass(Ljava/lang/String;Ljdk/internal/loader/Resource;)Ljava/lang/Class;+220 java.base@23.0.2
j  java.net.URLClassLoader$1.run()Ljava/lang/Class;+43 java.base@23.0.2
j  java.net.URLClassLoader$1.run()Ljava/lang/Object;+1 java.base@23.0.2
J 739 c1 java.security.AccessController.doPrivileged(Ljava/security/PrivilegedExceptionAction;Ljava/security/AccessControlContext;)Ljava/lang/Object; java.base@23.0.2 (26 bytes) @ 0x0000029ade82b694 [0x0000029ade82b4a0+0x00000000000001f4]
j  java.net.URLClassLoader.findClass(Ljava/lang/String;)Ljava/lang/Class;+13 java.base@23.0.2
j  org.codehaus.plexus.classworlds.realm.ClassRealm.findClassInternal(Ljava/lang/String;)Ljava/lang/Class;+2
j  org.codehaus.plexus.classworlds.realm.ClassRealm.loadClassFromSelf(Ljava/lang/String;)Ljava/lang/Class;+20
j  org.codehaus.plexus.classworlds.strategy.SelfFirstStrategy.loadClass(Ljava/lang/String;)Ljava/lang/Class;+18
J 781 c1 org.codehaus.plexus.classworlds.realm.ClassRealm.loadClass(Ljava/lang/String;Z)Ljava/lang/Class; (33 bytes) @ 0x0000029ade83e564 [0x0000029ade83e3e0+0x0000000000000184]
J 780 c1 org.codehaus.plexus.classworlds.realm.ClassRealm.loadClass(Ljava/lang/String;)Ljava/lang/Class; (7 bytes) @ 0x0000029ade83dd24 [0x0000029ade83dc20+0x0000000000000104]
v  ~StubRoutines::call_stub 0x0000029ae5ba0fcd
j  java.lang.Class.getDeclaredMethods0(Z)[Ljava/lang/reflect/Method;+0 java.base@23.0.2
j  java.lang.Class.privateGetDeclaredMethods(Z)[Ljava/lang/reflect/Method;+34 java.base@23.0.2
j  java.lang.Class.getMethodsRecursive(Ljava/lang/String;[Ljava/lang/Class;ZZ)Ljava/lang/PublicMethods$MethodList;+3 java.base@23.0.2
j  java.lang.Class.getMethod0(Ljava/lang/String;[Ljava/lang/Class;)Ljava/lang/reflect/Method;+15 java.base@23.0.2
j  java.lang.Class.getMethod(Ljava/lang/String;[Ljava/lang/Class;)Ljava/lang/reflect/Method;+26 java.base@23.0.2
j  org.eclipse.sisu.bean.BeanScheduler.<clinit>()V+34
v  ~StubRoutines::call_stub 0x0000029ae5ba0fcd
j  org.codehaus.plexus.DefaultPlexusContainer.<init>(Lorg/codehaus/plexus/ContainerConfiguration;[Lcom/google/inject/Module;)V+238
j  org.apache.maven.cli.MavenCli.container(Lorg/apache/maven/cli/CliRequest;)Lorg/codehaus/plexus/PlexusContainer;+279
j  org.apache.maven.cli.MavenCli.doMain(Lorg/apache/maven/cli/CliRequest;)I+34
j  org.apache.maven.cli.MavenCli.main([Ljava/lang/String;Lorg/codehaus/plexus/classworlds/ClassWorld;)I+24
j  java.lang.invoke.DirectMethodHandle$Holder.invokeStatic(Ljava/lang/Object;Ljava/lang/Object;Ljava/lang/Object;)I+11 java.base@23.0.2
j  java.lang.invoke.LambdaForm$MH+0x0000029a8100b000.invoke(Ljava/lang/Object;Ljava/lang/Object;Ljava/lang/Object;Ljava/lang/Object;)Ljava/lang/Object;+54 java.base@23.0.2
j  java.lang.invoke.LambdaForm$MH+0x0000029a81002400.invokeExact_MT(Ljava/lang/Object;Ljava/lang/Object;Ljava/lang/Object;Ljava/lang/Object;Ljava/lang/Object;)Ljava/lang/Object;+22 java.base@23.0.2
j  jdk.internal.reflect.DirectMethodHandleAccessor.invokeImpl(Ljava/lang/Object;[Ljava/lang/Object;)Ljava/lang/Object;+72 java.base@23.0.2
j  jdk.internal.reflect.DirectMethodHandleAccessor.invoke(Ljava/lang/Object;[Ljava/lang/Object;)Ljava/lang/Object;+23 java.base@23.0.2
j  java.lang.reflect.Method.invoke(Ljava/lang/Object;[Ljava/lang/Object;)Ljava/lang/Object;+102 java.base@23.0.2
j  org.codehaus.plexus.classworlds.launcher.Launcher.launchEnhanced([Ljava/lang/String;)V+45
j  org.codehaus.plexus.classworlds.launcher.Launcher.launch([Ljava/lang/String;)V+2
j  org.codehaus.plexus.classworlds.launcher.Launcher.mainWithExitCode([Ljava/lang/String;)I+108
j  org.codehaus.plexus.classworlds.launcher.Launcher.main([Ljava/lang/String;)V+1
j  org.codehaus.classworlds.Launcher.main([Ljava/lang/String;)V+1
v  ~StubRoutines::call_stub 0x0000029ae5ba0fcd
Lock stack of current Java thread (top to bottom):
LockStack[0]: java.lang.Object 
{0x00000007138a5bd8} - klass: 'java/lang/Object'
 - ---- fields (total size 2 words):


Compiled method (n/a) 545  714     n 0       java.lang.ClassLoader::defineClass1 (native)
 total in heap  [0x0000029ae6311888,0x0000029ae6311e40] = 1464
 relocation     [0x0000029ae6311960,0x0000029ae6311998] = 56
 main code      [0x0000029ae63119a0,0x0000029ae6311e3f] = 1183
 stub code      [0x0000029ae6311e3f,0x0000029ae6311e40] = 1

[Constant Pool (empty)]

[MachCode]
[Entry Point]
  # {method} {0x0000029a804773c8} 'defineClass1' '(Ljava/lang/ClassLoader;Ljava/lang/String;[BIILjava/security/ProtectionDomain;Ljava/lang/String;)Ljava/lang/Class;' in 'java/lang/ClassLoader'
  # parm0:    rdx:rdx   = 'java/lang/ClassLoader'
  # parm1:    r8:r8     = 'java/lang/String'
  # parm2:    r9:r9     = '[B'
  # parm3:    rdi       = int
  # parm4:    rsi       = int
  # parm5:    rcx:rcx   = 'java/security/ProtectionDomain'
  # parm6:    [sp+0xa0]   = 'java/lang/String'  (sp of caller)
  0x0000029ae63119a0: 6690 448b | 5208 443b 

  0x0000029ae63119a8: ;   {runtime_call ic_miss_stub}
  0x0000029ae63119a8: 5008 0f85 | 30cb 8dff 
[Verified Entry Point]
  0x0000029ae63119b0: 8984 2400 | 80ff ff55 | 488b ec48 | 81ec 9000 | 0000 6690 | 4181 7f20 | 0100 0000 

  0x0000029ae63119cc: ;   {runtime_call StubRoutines (final stubs)}
  0x0000029ae63119cc: 7405 e86d | 5d8c ff48 | 837d 1000 | 488d 4510 | 480f 4445 | 1048 8944 | 2440 4889 | 4c24 7048 
  0x0000029ae63119ec: 83f9 0048 | 8d44 2470 | 480f 4444 | 2470 4889 | 4424 3848 | 8974 2430 | 4889 7c24 | 284c 894c 
  0x0000029ae6311a0c: 2458 4983 | f900 488d | 4424 5848 | 0f44 4424 | 5848 8944 | 2420 4c89 | 4424 5049 | 83f8 004c 
  0x0000029ae6311a2c: 8d4c 2450 | 4c0f 444c | 2450 4889 | 5424 4848 | 83fa 004c | 8d44 2448 | 4c0f 4444 

  0x0000029ae6311a48: ;   {oop(a 'java/lang/Class'{0x0000000714401478} = 'java/lang/ClassLoader')}
  0x0000029ae6311a48: 2448 49be | 7814 4014 | 0700 0000 | 4c89 7424 | 784c 8d74 | 2478 498b | d6c5 f877 

  0x0000029ae6311a64: ;   {internal_word}
  0x0000029ae6311a64: 49ba 611a | 31e6 9a02 | 0000 4d89 | 97a8 0300 | 0049 89a7 | a003 0000 

  0x0000029ae6311a7c: ;   {external_word}
  0x0000029ae6311a7c: 49ba 41bd | 0572 fa7f | 0000 4180 | 3a00 0f84 | 4e00 0000 | 5241 5041 

  0x0000029ae6311a94: ;   {metadata({method} {0x0000029a804773c8} 'defineClass1' '(Ljava/lang/ClassLoader;Ljava/lang/String;[BIILjava/security/ProtectionDomain;Ljava/lang/String;)Ljava/lang/Class;' in 'java/lang/ClassLoader')}
  0x0000029ae6311a94: 5148 bac0 | 7347 809a | 0200 0049 | 8bcf 4883 | ec20 40f6 | c40f 0f84 | 1900 0000 | 4883 ec08 
  0x0000029ae6311ab4: ;   {runtime_call}
  0x0000029ae6311ab4: 48b8 f0f0 | b571 fa7f | 0000 ffd0 | 4883 c408 | e90c 0000 

  0x0000029ae6311ac8: ;   {runtime_call}
  0x0000029ae6311ac8: 0048 b8f0 | f0b5 71fa | 7f00 00ff | d048 83c4 | 2041 5941 | 585a 498d | 8fc0 0300 | 0041 c787 
  0x0000029ae6311ae8: 4404 0000 | 0400 0000 

  0x0000029ae6311af0: ;   {runtime_call}
  0x0000029ae6311af0: 48b8 9416 | 0742 fb7f | 0000 ffd0 | c5f8 7741 | c787 4404 | 0000 0500 | 0000 f083 | 4424 c000 
  0x0000029ae6311b10: 493b af48 | 0400 000f | 870e 0000 | 0041 83bf | 4004 0000 | 000f 842b | 0000 00c5 | f877 4889 
  0x0000029ae6311b30: 45f8 498b | cf4c 8be4 | 4883 ec20 | 4883 e4f0 

  0x0000029ae6311b40: ;   {runtime_call}
  0x0000029ae6311b40: 48b8 80ab | 7f71 fa7f | 0000 ffd0 | 498b e44d | 33e4 488b | 45f8 41c7 | 8744 0400 | 0008 0000 
  0x0000029ae6311b60: 0041 83bf | c804 0000 | 020f 84a3 

  0x0000029ae6311b6c: ;   {external_word}
  0x0000029ae6311b6c: 0200 0049 | ba41 bd05 | 72fa 7f00 | 0041 803a | 000f 844c | 0000 0048 

  0x0000029ae6311b84: ;   {metadata({method} {0x0000029a804773c8} 'defineClass1' '(Ljava/lang/ClassLoader;Ljava/lang/String;[BIILjava/security/ProtectionDomain;Ljava/lang/String;)Ljava/lang/Class;' in 'java/lang/ClassLoader')}
  0x0000029ae6311b84: 8945 f848 | bac0 7347 | 809a 0200 | 0049 8bcf | 4883 ec20 | 40f6 c40f | 0f84 1900 | 0000 4883 
  0x0000029ae6311ba4: ;   {runtime_call}
  0x0000029ae6311ba4: ec08 48b8 | f0f0 b571 | fa7f 0000 | ffd0 4883 | c408 e90c 

  0x0000029ae6311bb8: ;   {runtime_call}
  0x0000029ae6311bb8: 0000 0048 | b8f0 f0b5 | 71fa 7f00 | 00ff d048 | 83c4 2048 | 8b45 f849 | c787 a003 | 0000 0000 
  0x0000029ae6311bd8: 0000 49c7 | 87a8 0300 | 0000 0000 | 00c5 f877 | 4885 c00f | 84fe 0100 | 00a8 030f | 8508 0000 
  0x0000029ae6311bf8: 0048 8b00 | e9ee 0100 | 00a8 010f | 8509 0000 | 0048 8b40 | fee9 dd01 | 0000 488b | 40ff 4180 
  0x0000029ae6311c18: 7f38 000f | 84ce 0100 | 0048 83f8 | 000f 84c4 | 0100 0049 | 8b4f 2848 | 83f9 000f | 8414 0000 
  0x0000029ae6311c38: 0048 83e9 | 0849 894f | 2849 034f | 3048 8901 | e9a2 0100 | 0048 81ec | d000 0000 | 4889 0424 
  0x0000029ae6311c58: 4889 4c24 | 0848 8954 | 2410 4889 | 7424 1848 | 897c 2420 | 4c89 4424 | 284c 894c | 2430 4c89 
  0x0000029ae6311c78: 5424 384c | 895c 2440 | c5fb 1144 | 2450 c5fb | 114c 2458 | c5fb 1154 | 2460 c5fb | 115c 2468 
  0x0000029ae6311c98: c5fb 1164 | 2470 c5fb | 116c 2478 | c5fb 11b4 | 2480 0000 | 00c5 fb11 | bc24 8800 | 0000 c57b 
  0x0000029ae6311cb8: ;   {no_reloc}
  0x0000029ae6311cb8: 1184 2490 | 0000 00c5 | 7b11 8c24 | 9800 0000 | c57b 1194 | 24a0 0000 | 00c5 7b11 | 9c24 a800 
  0x0000029ae6311cd8: 0000 c57b | 11a4 24b0 | 0000 00c5 | 7b11 ac24 | b800 0000 | c57b 11b4 | 24c0 0000 | 00c5 7b11 
  0x0000029ae6311cf8: bc24 c800 | 0000 498b | d748 8bc8 | 4883 ec20 | 40f6 c40f | 0f84 1900 | 0000 4883 

  0x0000029ae6311d14: ;   {runtime_call}
  0x0000029ae6311d14: ec08 48b8 | 0009 7371 | fa7f 0000 | ffd0 4883 | c408 e90c 

  0x0000029ae6311d28: ;   {runtime_call}
  0x0000029ae6311d28: 0000 0048 | b800 0973 | 71fa 7f00 | 00ff d048 | 83c4 20c5 | 7b10 bc24 | c800 0000 | c57b 10b4 
  0x0000029ae6311d48: 24c0 0000 | 00c5 7b10 | ac24 b800 | 0000 c57b | 10a4 24b0 | 0000 00c5 | 7b10 9c24 | a800 0000 
  0x0000029ae6311d68: c57b 1094 | 24a0 0000 | 00c5 7b10 | 8c24 9800 | 0000 c57b | 1084 2490 | 0000 00c5 | fb10 bc24 
  0x0000029ae6311d88: 8800 0000 | c5fb 10b4 | 2480 0000 | 00c5 fb10 | 6c24 78c5 | fb10 6424 | 70c5 fb10 | 5c24 68c5 
  0x0000029ae6311da8: fb10 5424 | 60c5 fb10 | 4c24 58c5 | fb10 4424 | 504c 8b5c | 2440 4c8b | 5424 384c | 8b4c 2430 
  0x0000029ae6311dc8: 4c8b 4424 | 2848 8b7c | 2420 488b | 7424 1848 | 8b54 2410 | 488b 4c24 | 0848 8b04 | 2448 81c4 
  0x0000029ae6311de8: d000 0000 | c5f8 7749 | 8b8f 3004 | 0000 c781 | 0001 0000 | 0000 0000 | c949 837f | 0800 0f85 
  0x0000029ae6311e08: 0100 0000 

  0x0000029ae6311e0c: ;   {runtime_call StubRoutines (initial stubs)}
  0x0000029ae6311e0c: c3e9 aef0 | 88ff c5f8 | 7748 8945 | f84c 8be4 | 4883 ec20 | 4883 e4f0 

  0x0000029ae6311e24: ;   {runtime_call}
  0x0000029ae6311e24: 48b8 a025 | b671 fa7f | 0000 ffd0 | 498b e44d | 33e4 488b | 45f8 e930 | fdff fff4 
[/MachCode]


Compiled method (c1) 558  739   !   3       java.security.AccessController::doPrivileged (26 bytes)
 total in heap  [0x0000029ade82b308,0x0000029ade82ba08] = 1792
 relocation     [0x0000029ade82b3e0,0x0000029ade82b498] = 184
 main code      [0x0000029ade82b4a0,0x0000029ade82b960] = 1216
 stub code      [0x0000029ade82b960,0x0000029ade82b9e8] = 136
 metadata       [0x0000029ade82b9e8,0x0000029ade82ba08] = 32
 immutable data [0x0000029af54dad30,0x0000029af54dafb8] = 648
 dependencies   [0x0000029af54dad30,0x0000029af54dad40] = 16
 nul chk table  [0x0000029af54dad40,0x0000029af54dad50] = 16
 handler table  [0x0000029af54dad50,0x0000029af54dade0] = 144
 scopes pcs     [0x0000029af54dade0,0x0000029af54daed0] = 240
 scopes data    [0x0000029af54daed0,0x0000029af54dafb8] = 232

[Constant Pool (empty)]

[MachCode]
[Verified Entry Point]
  # {method} {0x0000029a80499840} 'doPrivileged' '(Ljava/security/PrivilegedExceptionAction;Ljava/security/AccessControlContext;)Ljava/lang/Object;' in 'java/security/AccessController'
  # parm0:    rdx:rdx   = 'java/security/PrivilegedExceptionAction'
  # parm1:    r8:r8     = 'java/security/AccessControlContext'
  #           [sp+0x90]  (sp of caller)
  0x0000029ade82b4a0: 8984 2400 | 80ff ff55 | 4881 ec80 | 0000 0090 | 4181 7f20 | 0100 0000 

  0x0000029ade82b4b8: ;   {runtime_call StubRoutines (final stubs)}
  0x0000029ade82b4b8: 7405 e881 

  0x0000029ade82b4bc: ;   {metadata(method data for {method} {0x0000029a80499840} 'doPrivileged' '(Ljava/security/PrivilegedExceptionAction;Ljava/security/AccessControlContext;)Ljava/lang/Object;' in 'java/security/AccessController')}
  0x0000029ade82b4bc: c23a 0748 | bea0 b510 | c29a 0200 | 008b becc | 0000 0083 | c702 89be | cc00 0000 | 81e7 fe07 
  0x0000029ade82b4dc: 0000 85ff | 0f84 8003 | 0000 4c89 | 4424 4048 | 8954 2448 

  0x0000029ade82b4f0: ;   {metadata(method data for {method} {0x0000029a80499840} 'doPrivileged' '(Ljava/security/PrivilegedExceptionAction;Ljava/security/AccessControlContext;)Ljava/lang/Object;' in 'java/security/AccessController')}
  0x0000029ade82b4f0: 48be a0b5 | 10c2 9a02 | 0000 4883 | 8618 0100 | 0001 0f1f 

  0x0000029ade82b504: ;   {static_call}
  0x0000029ade82b504: 4400 00e8 

  0x0000029ade82b508: ; ImmutableOopMap {[64]=Oop [72]=Oop }
                      ;*invokestatic getCallerClass {reexecute=0 rethrow=0 return_oop=0}
                      ; - java.security.AccessController::doPrivileged@0 (line 711)
  0x0000029ade82b508: 2446 ad07 

  0x0000029ade82b50c: ;   {other}
  0x0000029ade82b50c: 0f1f 8400 | 0402 0000 | 4889 4424 

  0x0000029ade82b518: ;   {metadata(method data for {method} {0x0000029a80499840} 'doPrivileged' '(Ljava/security/PrivilegedExceptionAction;Ljava/security/AccessControlContext;)Ljava/lang/Object;' in 'java/security/AccessController')}
  0x0000029ade82b518: 5048 baa0 | b510 c29a | 0200 0048 | 8382 2801 | 0000 0148 | 8b54 2440 | 4c8b c00f 

  0x0000029ade82b534: ;   {static_call}
  0x0000029ade82b534: 1f40 00e8 

  0x0000029ade82b538: ; ImmutableOopMap {[72]=Oop [80]=Oop }
                      ;*invokestatic checkContext {reexecute=0 rethrow=0 return_oop=0}
                      ; - java.security.AccessController::doPrivileged@6 (line 712)
  0x0000029ade82b538: 4704 0000 

  0x0000029ade82b53c: ;   {other}
  0x0000029ade82b53c: 0f1f 8400 | 3402 0001 | 4889 4424 

  0x0000029ade82b548: ;   {metadata(method data for {method} {0x0000029a80499840} 'doPrivileged' '(Ljava/security/PrivilegedExceptionAction;Ljava/security/AccessControlContext;)Ljava/lang/Object;' in 'java/security/AccessController')}
  0x0000029ade82b548: 5848 baa0 | b510 c29a | 0200 0048 | 8382 3801 

  0x0000029ade82b558: ;   {metadata(method data for {method} {0x0000029a80499ac8} 'executePrivileged' '(Ljava/security/PrivilegedExceptionAction;Ljava/security/AccessControlContext;Ljava/lang/Class;)Ljava/lang/Object;' in 'java/security/AccessController')}
  0x0000029ade82b558: 0000 0148 | ba88 3219 | c29a 0200 | 008b b2cc | 0000 0083 | c602 89b2 | cc00 0000 | 81e6 feff 
  0x0000029ade82b578: 1f00 85f6 | 0f84 0503 | 0000 4885 

  0x0000029ade82b584: ;   {metadata(method data for {method} {0x0000029a80499ac8} 'executePrivileged' '(Ljava/security/PrivilegedExceptionAction;Ljava/security/AccessControlContext;Ljava/lang/Class;)Ljava/lang/Object;' in 'java/security/AccessController')}
  0x0000029ade82b584: c048 ba88 | 3219 c29a | 0200 00be | 1801 0000 | 7405 be28 | 0100 0048 | 8b3c 3248 | 8d7f 0148 
  0x0000029ade82b5a4: 893c 320f | 8427 0000 

  0x0000029ade82b5ac: ;   {metadata(method data for {method} {0x0000029a80499ac8} 'executePrivileged' '(Ljava/security/PrivilegedExceptionAction;Ljava/security/AccessControlContext;Ljava/lang/Class;)Ljava/lang/Object;' in 'java/security/AccessController')}
  0x0000029ade82b5ac: 0048 ba88 | 3219 c29a | 0200 0048 | 8382 3801 | 0000 0148 | 8bd0 0f1f 

  0x0000029ade82b5c4: ;   {static_call}
  0x0000029ade82b5c4: 4400 00e8 

  0x0000029ade82b5c8: ; ImmutableOopMap {[72]=Oop [80]=Oop [88]=Oop }
                      ;*invokestatic ensureMaterializedForStackWalk {reexecute=0 rethrow=0 return_oop=0}
                      ; - java.security.AccessController::executePrivileged@5 (line 812)
                      ; - java.security.AccessController::doPrivileged@13 (line 714)
  0x0000029ade82b5c8: 642d ad07 

  0x0000029ade82b5cc: ;   {other}
  0x0000029ade82b5cc: 0f1f 8400 | c402 0002 

  0x0000029ade82b5d4: ;   {metadata(method data for {method} {0x0000029a80499ac8} 'executePrivileged' '(Ljava/security/PrivilegedExceptionAction;Ljava/security/AccessControlContext;Ljava/lang/Class;)Ljava/lang/Object;' in 'java/security/AccessController')}
  0x0000029ade82b5d4: 48ba 8832 | 19c2 9a02 | 0000 ff82 | 4801 0000 | 488b 5424 | 4848 3b02 

  0x0000029ade82b5ec: ;   {metadata(method data for {method} {0x0000029a80499ac8} 'executePrivileged' '(Ljava/security/PrivilegedExceptionAction;Ljava/security/AccessControlContext;Ljava/lang/Class;)Ljava/lang/Object;' in 'java/security/AccessController')}
  0x0000029ade82b5ec: 488b f248 | bf88 3219 | c29a 0200 | 008b 7608 | 49ba 0000 | 0080 9a02 | 0000 4903 | f248 3bb7 
  0x0000029ade82b60c: b001 0000 | 750d 4883 | 87b8 0100 | 0001 e960 | 0000 0048 | 3bb7 c001 | 0000 750d | 4883 87c8 
  0x0000029ade82b62c: 0100 0001 | e94a 0000 | 0048 83bf | b001 0000 | 0075 1748 | 89b7 b001 | 0000 48c7 | 87b8 0100 
  0x0000029ade82b64c: 0001 0000 | 00e9 2900 | 0000 4883 | bfc0 0100 | 0000 7517 | 4889 b7c0 | 0100 0048 | c787 c801 
  0x0000029ade82b66c: 0000 0100 | 0000 e908 | 0000 0048 | 8387 a801 | 0000 0166 | 0f1f 4400 | 0048 b890 | 8e62 c19a 
  0x0000029ade82b68c: ;   {virtual_call}
  0x0000029ade82b68c: 0200 00e8 

  0x0000029ade82b690: ; ImmutableOopMap {[80]=Oop [88]=Oop }
                      ;*invokeinterface run {reexecute=0 rethrow=0 return_oop=0}
                      ; - java.security.AccessController::executePrivileged@29 (line 816)
                      ; - java.security.AccessController::doPrivileged@13 (line 714)
  0x0000029ade82b690: fd7a 3c07 

  0x0000029ade82b694: ;   {other}
  0x0000029ade82b694: 0f1f 8400 | 8c03 0003 

  0x0000029ade82b69c: ;   {metadata(method data for {method} {0x0000029a80499ac8} 'executePrivileged' '(Ljava/security/PrivilegedExceptionAction;Ljava/security/AccessControlContext;Ljava/lang/Class;)Ljava/lang/Object;' in 'java/security/AccessController')}
  0x0000029ade82b69c: 48ba 8832 | 19c2 9a02 | 0000 ff82 | d801 0000 

  0x0000029ade82b6ac: ;   {metadata(method data for {method} {0x0000029a80499ac8} 'executePrivileged' '(Ljava/security/PrivilegedExceptionAction;Ljava/security/AccessControlContext;Ljava/lang/Class;)Ljava/lang/Object;' in 'java/security/AccessController')}
  0x0000029ade82b6ac: 48ba 8832 | 19c2 9a02 | 0000 4883 | 8238 0200 | 0001 488b | d048 8944 

  0x0000029ade82b6c4: ;   {static_call}
  0x0000029ade82b6c4: 2460 90e8 

  0x0000029ade82b6c8: ; ImmutableOopMap {[80]=Oop [88]=Oop [96]=Oop }
                      ;*invokestatic ensureMaterializedForStackWalk {reexecute=0 rethrow=0 return_oop=0}
                      ; - java.security.AccessController::executePrivileged@56 (line 824)
                      ; - java.security.AccessController::doPrivileged@13 (line 714)
  0x0000029ade82b6c8: 642c ad07 

  0x0000029ade82b6cc: ;   {other}
  0x0000029ade82b6cc: 0f1f 8400 | c403 0004 

  0x0000029ade82b6d4: ;   {metadata(method data for {method} {0x0000029a80499ac8} 'executePrivileged' '(Ljava/security/PrivilegedExceptionAction;Ljava/security/AccessControlContext;Ljava/lang/Class;)Ljava/lang/Object;' in 'java/security/AccessController')}
  0x0000029ade82b6d4: 48b8 8832 | 19c2 9a02 | 0000 4883 | 8048 0200 

  0x0000029ade82b6e4: ;   {metadata(method data for {method} {0x0000029a80195218} 'reachabilityFence' '(Ljava/lang/Object;)V' in 'java/lang/ref/Reference')}
  0x0000029ade82b6e4: 0001 48b8 | 5856 0ec2 | 9a02 0000 | 8b90 cc00 | 0000 83c2 | 0289 90cc | 0000 0081 | e2fe ff1f 
  0x0000029ade82b704: 0085 d20f | 84a0 0100 

  0x0000029ade82b70c: ;   {metadata(method data for {method} {0x0000029a80499ac8} 'executePrivileged' '(Ljava/security/PrivilegedExceptionAction;Ljava/security/AccessControlContext;Ljava/lang/Class;)Ljava/lang/Object;' in 'java/security/AccessController')}
  0x0000029ade82b70c: 0048 b888 | 3219 c29a | 0200 0048 | 8380 5802 

  0x0000029ade82b71c: ;   {metadata(method data for {method} {0x0000029a80195218} 'reachabilityFence' '(Ljava/lang/Object;)V' in 'java/lang/ref/Reference')}
  0x0000029ade82b71c: 0000 0148 | b858 560e | c29a 0200 | 008b 90cc | 0000 0083 | c202 8990 | cc00 0000 | 81e2 feff 
  0x0000029ade82b73c: 1f00 85d2 | 0f84 8801 | 0000 488b | 4424 6048 | 81c4 8000 

  0x0000029ade82b750: ;   {poll_return}
  0x0000029ade82b750: 0000 5d49 | 3ba7 4804 | 0000 0f87 | 8f01 0000 | c349 8b87 | 0005 0000 | 4d33 d24d | 8997 0005 
  0x0000029ade82b770: 0000 4d33 | d24d 8997 | 0805 0000 

  0x0000029ade82b77c: ;   {metadata(method data for {method} {0x0000029a80499840} 'doPrivileged' '(Ljava/security/PrivilegedExceptionAction;Ljava/security/AccessControlContext;)Ljava/lang/Object;' in 'java/security/AccessController')}
  0x0000029ade82b77c: 4c8b c048 | baa0 b510 | c29a 0200 | 0048 8382 | 4801 0000 

  0x0000029ade82b790: ;   {metadata(method data for {method} {0x0000029a80499400} 'wrapException' '(Ljava/lang/Exception;)Ljava/security/PrivilegedActionException;' in 'java/security/AccessController')}
  0x0000029ade82b790: 0148 ba08 | 2e19 c29a | 0200 008b | b2cc 0000 | 0083 c602 | 89b2 cc00 | 0000 81e6 | feff 1f00 
  0x0000029ade82b7b0: 85f6 0f84 | 4d01 0000 

  0x0000029ade82b7b8: ;   {metadata('java/security/PrivilegedActionException')}
  0x0000029ade82b7b8: 48ba 603c | 0481 9a02 | 0000 498b | 87b8 0100 | 0048 8d78 | 2849 3bbf | c801 0000 | 0f87 4c01 
  0x0000029ade82b7d8: 0000 4989 | bfb8 0100 | 0048 c700 | 0100 0000 | 488b ca49 | ba00 0000 | 809a 0200 | 0049 2bca 
  0x0000029ade82b7f8: 8948 0848 | 33c9 8948 | 0c48 33c9 | 4889 4810 | 4889 4818 | 4889 4820 

  0x0000029ade82b810: ;   {metadata(method data for {method} {0x0000029a80499400} 'wrapException' '(Ljava/lang/Exception;)Ljava/security/PrivilegedActionException;' in 'java/security/AccessController')}
  0x0000029ade82b810: 488b d048 | be08 2e19 | c29a 0200 | 0048 8386 | 1801 0000 | 0148 8bd0 | 4889 4424 

  0x0000029ade82b82c: ;   {optimized virtual_call}
  0x0000029ade82b82c: 6866 90e8 

  0x0000029ade82b830: ; ImmutableOopMap {[104]=Oop }
                      ;*invokespecial <init> {reexecute=0 rethrow=0 return_oop=0}
                      ; - java.security.AccessController::wrapException@5 (line 844)
                      ; - java.security.AccessController::doPrivileged@22 (line 718)
  0x0000029ade82b830: ac2f 3c07 

  0x0000029ade82b834: ;   {other}
  0x0000029ade82b834: 0f1f 8400 | 2c05 0005 | 488b 4424 | 68e9 0a01 | 0000 498b | 8700 0500 | 004d 33d2 | 4d89 9700 
  0x0000029ade82b854: 0500 004d | 33d2 4d89 | 9708 0500 | 00e9 ea00 

  0x0000029ade82b864: ;   {metadata({method} {0x0000029a80499840} 'doPrivileged' '(Ljava/security/PrivilegedExceptionAction;Ljava/security/AccessControlContext;)Ljava/lang/Object;' in 'java/security/AccessController')}
  0x0000029ade82b864: 0000 49ba | 3898 4980 | 9a02 0000 | 4c89 5424 | 0848 c704 | 24ff ffff 

  0x0000029ade82b87c: ;   {runtime_call counter_overflow Runtime1 stub}
  0x0000029ade82b87c: ffe8 dec8 

  0x0000029ade82b880: ; ImmutableOopMap {rdx=Oop r8=Oop }
                      ;*synchronization entry
                      ; - java.security.AccessController::doPrivileged@-1 (line 711)
  0x0000029ade82b880: 4807 e95f 

  0x0000029ade82b884: ;   {metadata({method} {0x0000029a80499ac8} 'executePrivileged' '(Ljava/security/PrivilegedExceptionAction;Ljava/security/AccessControlContext;Ljava/lang/Class;)Ljava/lang/Object;' in 'java/security/AccessController')}
  0x0000029ade82b884: fcff ff49 | bac0 9a49 | 809a 0200 | 004c 8954 | 2408 48c7 | 0424 ffff 

  0x0000029ade82b89c: ;   {runtime_call counter_overflow Runtime1 stub}
  0x0000029ade82b89c: ffff e8bd 

  0x0000029ade82b8a0: ; ImmutableOopMap {rax=Oop [72]=Oop [80]=Oop [88]=Oop }
                      ;*synchronization entry
                      ; - java.security.AccessController::executePrivileged@-1 (line 811)
                      ; - java.security.AccessController::doPrivileged@13 (line 714)
  0x0000029ade82b8a0: c848 07e9 | dafc ffff 

  0x0000029ade82b8a8: ;   {runtime_call throw_null_pointer_exception Runtime1 stub}
  0x0000029ade82b8a8: e833 6948 

  0x0000029ade82b8ac: ; ImmutableOopMap {rdx=Oop [80]=Oop [88]=Oop }
                      ;*invokeinterface run {reexecute=0 rethrow=0 return_oop=0}
                      ; - java.security.AccessController::executePrivileged@29 (line 816)
                      ; - java.security.AccessController::doPrivileged@13 (line 714)
                      ;   {metadata({method} {0x0000029a80195218} 'reachabilityFence' '(Ljava/lang/Object;)V' in 'java/lang/ref/Reference')}
  0x0000029ade82b8ac: 0749 ba10 | 5219 809a | 0200 004c | 8954 2408 | 48c7 0424 | ffff ffff 

  0x0000029ade82b8c4: ;   {runtime_call counter_overflow Runtime1 stub}
  0x0000029ade82b8c4: e897 c848 

  0x0000029ade82b8c8: ; ImmutableOopMap {[80]=Oop [96]=Oop }
                      ;*synchronization entry
                      ; - java.lang.ref.Reference::reachabilityFence@-1 (line 661)
                      ; - java.security.AccessController::executePrivileged@60 (line 828)
                      ; - java.security.AccessController::doPrivileged@13 (line 714)
  0x0000029ade82b8c8: 07e9 3ffe 

  0x0000029ade82b8cc: ;   {metadata({method} {0x0000029a80195218} 'reachabilityFence' '(Ljava/lang/Object;)V' in 'java/lang/ref/Reference')}
  0x0000029ade82b8cc: ffff 49ba | 1052 1980 | 9a02 0000 | 4c89 5424 | 0848 c704 | 24ff ffff 

  0x0000029ade82b8e4: ;   {runtime_call counter_overflow Runtime1 stub}
  0x0000029ade82b8e4: ffe8 76c8 

  0x0000029ade82b8e8: ; ImmutableOopMap {[96]=Oop }
                      ;*synchronization entry
                      ; - java.lang.ref.Reference::reachabilityFence@-1 (line 661)
                      ; - java.security.AccessController::executePrivileged@64 (line 829)
                      ; - java.security.AccessController::doPrivileged@13 (line 714)
  0x0000029ade82b8e8: 4807 e957 

  0x0000029ade82b8ec: ;   {internal_word}
  0x0000029ade82b8ec: feff ff49 | ba53 b782 | de9a 0200 | 004d 8997 | 6004 0000 

  0x0000029ade82b900: ;   {runtime_call SafepointBlob}
  0x0000029ade82b900: e9db 9a3c 

  0x0000029ade82b904: ;   {metadata({method} {0x0000029a80499400} 'wrapException' '(Ljava/lang/Exception;)Ljava/security/PrivilegedActionException;' in 'java/security/AccessController')}
  0x0000029ade82b904: 0749 baf8 | 9349 809a | 0200 004c | 8954 2408 | 48c7 0424 | ffff ffff 

  0x0000029ade82b91c: ;   {runtime_call counter_overflow Runtime1 stub}
  0x0000029ade82b91c: e83f c848 

  0x0000029ade82b920: ; ImmutableOopMap {r8=Oop }
                      ;*synchronization entry
                      ; - java.security.AccessController::wrapException@-1 (line 844)
                      ; - java.security.AccessController::doPrivileged@22 (line 718)
  0x0000029ade82b920: 07e9 92fe | ffff 488b 

  0x0000029ade82b928: ;   {runtime_call fast_new_instance Runtime1 stub}
  0x0000029ade82b928: d2e8 b271 

  0x0000029ade82b92c: ; ImmutableOopMap {r8=Oop }
                      ;*new {reexecute=0 rethrow=0 return_oop=0}
                      ; - java.security.AccessController::wrapException@0 (line 844)
                      ; - java.security.AccessController::doPrivileged@22 (line 718)
  0x0000029ade82b92c: 4807 e9dd | feff ff49 | 8b87 0005 | 0000 49c7 | 8700 0500 | 0000 0000 | 0049 c787 | 0805 0000 
  0x0000029ade82b94c: 0000 0000 | 4881 c480 | 0000 005d 

  0x0000029ade82b958: ;   {runtime_call unwind_exception Runtime1 stub}
  0x0000029ade82b958: e903 5548 | 07f4 f4f4 
[Stub Code]
  0x0000029ade82b960: ;   {no_reloc}
  0x0000029ade82b960: 0f1f 4400 

  0x0000029ade82b964: ;   {static_stub}
  0x0000029ade82b964: 0048 bb00 | 0000 0000 

  0x0000029ade82b96c: ;   {runtime_call nmethod}
  0x0000029ade82b96c: 0000 00e9 | fbff ffff 

  0x0000029ade82b974: ;   {static_stub}
  0x0000029ade82b974: 48bb 0000 | 0000 0000 

  0x0000029ade82b97c: ;   {runtime_call nmethod}
  0x0000029ade82b97c: 0000 e9fb 

  0x0000029ade82b980: ;   {static_stub}
  0x0000029ade82b980: ffff ff48 | bba8 9449 | 809a 0200 

  0x0000029ade82b98c: ;   {runtime_call I2C/C2I adapters}
  0x0000029ade82b98c: 00e9 a485 

  0x0000029ade82b990: ;   {static_stub}
  0x0000029ade82b990: 3c07 48bb | 0000 0000 | 0000 0000 

  0x0000029ade82b99c: ;   {runtime_call nmethod}
  0x0000029ade82b99c: e9fb ffff 

  0x0000029ade82b9a0: ;   {static_stub}
  0x0000029ade82b9a0: ff48 bb00 | 0000 0000 

  0x0000029ade82b9a8: ;   {runtime_call nmethod}
  0x0000029ade82b9a8: 0000 00e9 | fbff ffff 
[Exception Handler]
  0x0000029ade82b9b0: ;   {runtime_call handle_exception_from_callee Runtime1 stub}
  0x0000029ade82b9b0: e8ab 8f48 

  0x0000029ade82b9b4: ;   {external_word}
  0x0000029ade82b9b4: 0748 b930 | e5dd 71fa | 7f00 0048 

  0x0000029ade82b9c0: ;   {runtime_call}
  0x0000029ade82b9c0: 83e4 f048 | b850 4da4 | 71fa 7f00 | 00ff d0f4 
[Deopt Handler Code]
  0x0000029ade82b9d0: ;   {section_word}
  0x0000029ade82b9d0: 49ba d0b9 | 82de 9a02 | 0000 4152 

  0x0000029ade82b9dc: ;   {runtime_call DeoptimizationBlob}
  0x0000029ade82b9dc: e99f 8c3c | 07f4 f4f4 | f4f4 f4f4 
[/MachCode]


Compiled method (c1) 577  781   !   3       org.codehaus.plexus.classworlds.realm.ClassRealm::loadClass (33 bytes)
 total in heap  [0x0000029ade83e288,0x0000029ade83e6c8] = 1088
 relocation     [0x0000029ade83e360,0x0000029ade83e3c8] = 104
 main code      [0x0000029ade83e3e0,0x0000029ade83e630] = 592
 stub code      [0x0000029ade83e630,0x0000029ade83e688] = 88
 oops           [0x0000029ade83e688,0x0000029ade83e690] = 8
 metadata       [0x0000029ade83e690,0x0000029ade83e6c8] = 56
 immutable data [0x0000029ac16ff2e0,0x0000029ac16ff3f0] = 272
 dependencies   [0x0000029ac16ff2e0,0x0000029ac16ff2f0] = 16
 nul chk table  [0x0000029ac16ff2f0,0x0000029ac16ff300] = 16
 handler table  [0x0000029ac16ff300,0x0000029ac16ff318] = 24
 scopes pcs     [0x0000029ac16ff318,0x0000029ac16ff398] = 128
 scopes data    [0x0000029ac16ff398,0x0000029ac16ff3f0] = 88

[Constant Pool (empty)]

[MachCode]
[Instructions begin]
  0x0000029ade83e3e0: 6666 660f | 1f84 0000 | 0000 0066 | 6666 9066 | 6690 448b | 5208 443b 

  0x0000029ade83e3f8: ;   {runtime_call ic_miss_stub}
  0x0000029ade83e3f8: 5008 0f85 | e000 3b07 
[Verified Entry Point]
  0x0000029ade83e400: 8984 2400 | 80ff ff55 | 4883 ec60 | 4181 7f20 | 0100 0000 

  0x0000029ade83e414: ;   {runtime_call StubRoutines (final stubs)}
  0x0000029ade83e414: 7405 e825 

  0x0000029ade83e418: ;   {metadata(method data for {method} {0x0000029ac240bb10} 'loadClass' '(Ljava/lang/String;Z)Ljava/lang/Class;' in 'org/codehaus/plexus/classworlds/realm/ClassRealm')}
  0x0000029ade83e418: 9339 0748 | bef8 9141 | c29a 0200 | 008b becc | 0000 0083 | c702 89be | cc00 0000 | 81e7 fe07 
  0x0000029ade83e438: 0000 85ff | 0f84 3d01 

  0x0000029ade83e440: ;   {metadata(method data for {method} {0x0000029ac240bb10} 'loadClass' '(Ljava/lang/String;Z)Ljava/lang/Class;' in 'org/codehaus/plexus/classworlds/realm/ClassRealm')}
  0x0000029ade83e440: 0000 48be | f891 41c2 | 9a02 0000 | ff86 2801 | 0000 488b 

  0x0000029ade83e454: ;   {metadata(method data for {method} {0x0000029ac240bb10} 'loadClass' '(Ljava/lang/String;Z)Ljava/lang/Class;' in 'org/codehaus/plexus/classworlds/realm/ClassRealm')}
  0x0000029ade83e454: f248 bff8 | 9141 c29a | 0200 0048 | 8387 3801 

  0x0000029ade83e464: ;   {metadata(method data for {method} {0x0000029ac240bc20} 'unsynchronizedLoadClass' '(Ljava/lang/String;Z)Ljava/lang/Class;' in 'org/codehaus/plexus/classworlds/realm/ClassRealm')}
  0x0000029ade83e464: 0000 0148 | bea0 9341 | c29a 0200 | 008b becc | 0000 0083 | c702 89be | cc00 0000 | 81e7 feff 
  0x0000029ade83e484: 1f00 85ff | 0f84 1201 | 0000 488b 

  0x0000029ade83e490: ;   {metadata(method data for {method} {0x0000029ac240bc20} 'unsynchronizedLoadClass' '(Ljava/lang/String;Z)Ljava/lang/Class;' in 'org/codehaus/plexus/classworlds/realm/ClassRealm')}
  0x0000029ade83e490: f248 bfa0 | 9341 c29a | 0200 0048 | 8387 1801 | 0000 0149 | 8bf0 4c8b | c648 8bfa | 488b d748 
  0x0000029ade83e4b0: 8974 2448 | 4889 7c24 | 4066 0f1f 

  0x0000029ade83e4bc: ;   {optimized virtual_call}
  0x0000029ade83e4bc: 4400 00e8 

  0x0000029ade83e4c0: ; ImmutableOopMap {[64]=Oop [72]=Oop }
                      ;*invokespecial loadClass {reexecute=0 rethrow=0 return_oop=0}
                      ; - org.codehaus.plexus.classworlds.realm.ClassRealm::unsynchronizedLoadClass@3 (line 222)
                      ; - org.codehaus.plexus.classworlds.realm.ClassRealm::loadClass@9 (line 210)
  0x0000029ade83e4c0: 3c0b 0000 

  0x0000029ade83e4c4: ;   {other}
  0x0000029ade83e4c4: 0f1f 8400 | 3c02 0000 | 4883 c460 

  0x0000029ade83e4d0: ;   {poll_return}
  0x0000029ade83e4d0: 5d49 3ba7 | 4804 0000 | 0f87 e300 | 0000 c349 | 8b87 0005 | 0000 4d33 | d24d 8997 | 0005 0000 
  0x0000029ade83e4f0: 4d33 d24d | 8997 0805 | 0000 8b52 | 7048 c1e2 | 0348 85d2 | 0f84 2900 

  0x0000029ade83e508: ;   {metadata('org/codehaus/plexus/classworlds/strategy/SelfFirstStrategy')}
  0x0000029ade83e508: 0000 48b8 | 4054 0081 | 9a02 0000 | 8b5a 0849 | ba00 0000 | 809a 0200 | 0049 03da | 483b 4340 
  0x0000029ade83e528: 0f85 a900 | 0000 e900 | 0000 0048 | 8bf2 483b | 0248 8bf2 

  0x0000029ade83e53c: ;   {metadata(method data for {method} {0x0000029ac240bc20} 'unsynchronizedLoadClass' '(Ljava/lang/String;Z)Ljava/lang/Class;' in 'org/codehaus/plexus/classworlds/realm/ClassRealm')}
  0x0000029ade83e53c: 48bf a093 | 41c2 9a02 

  0x0000029ade83e544: ;   {metadata('org/codehaus/plexus/classworlds/strategy/SelfFirstStrategy')}
  0x0000029ade83e544: 0000 49ba | 4054 0081 | 9a02 0000 | 4c89 9730 | 0100 0048 | 8387 3801 

  0x0000029ade83e55c: ;   {optimized virtual_call}
  0x0000029ade83e55c: 0000 01e8 

  0x0000029ade83e560: ; ImmutableOopMap {}
                      ;*invokeinterface loadClass {reexecute=0 rethrow=0 return_oop=0}
                      ; - org.codehaus.plexus.classworlds.realm.ClassRealm::unsynchronizedLoadClass@13 (line 225)
                      ; - org.codehaus.plexus.classworlds.realm.ClassRealm::loadClass@9 (line 210)
  0x0000029ade83e560: e100 0000 

  0x0000029ade83e564: ;   {other}
  0x0000029ade83e564: 0f1f 8400 | dc02 0001 | 4883 c460 

  0x0000029ade83e570: ;   {poll_return}
  0x0000029ade83e570: 5d49 3ba7 | 4804 0000 | 0f87 6300 

  0x0000029ade83e57c: ;   {metadata({method} {0x0000029ac240bb10} 'loadClass' '(Ljava/lang/String;Z)Ljava/lang/Class;' in 'org/codehaus/plexus/classworlds/realm/ClassRealm')}
  0x0000029ade83e57c: 0000 c349 | ba08 bb40 | c29a 0200 | 004c 8954 | 2408 48c7 | 0424 ffff 

  0x0000029ade83e594: ;   {runtime_call counter_overflow Runtime1 stub}
  0x0000029ade83e594: ffff e8c5 

  0x0000029ade83e598: ; ImmutableOopMap {rdx=Oop r8=Oop }
                      ;*synchronization entry
                      ; - org.codehaus.plexus.classworlds.realm.ClassRealm::loadClass@-1 (line 209)
  0x0000029ade83e598: 9b47 07e9 | a2fe ffff 

  0x0000029ade83e5a0: ;   {metadata({method} {0x0000029ac240bc20} 'unsynchronizedLoadClass' '(Ljava/lang/String;Z)Ljava/lang/Class;' in 'org/codehaus/plexus/classworlds/realm/ClassRealm')}
  0x0000029ade83e5a0: 49ba 18bc | 40c2 9a02 | 0000 4c89 | 5424 0848 | c704 24ff 

  0x0000029ade83e5b4: ;   {runtime_call counter_overflow Runtime1 stub}
  0x0000029ade83e5b4: ffff ffe8 

  0x0000029ade83e5b8: ; ImmutableOopMap {rdx=Oop r8=Oop }
                      ;*synchronization entry
                      ; - org.codehaus.plexus.classworlds.realm.ClassRealm::unsynchronizedLoadClass@-1 (line 222)
                      ; - org.codehaus.plexus.classworlds.realm.ClassRealm::loadClass@9 (line 210)
  0x0000029ade83e5b8: a49b 4707 | e9cd feff 

  0x0000029ade83e5c0: ;   {internal_word}
  0x0000029ade83e5c0: ff49 bad1 | e483 de9a | 0200 004d | 8997 6004 

  0x0000029ade83e5d0: ;   {runtime_call SafepointBlob}
  0x0000029ade83e5d0: 0000 e909 

  0x0000029ade83e5d4: ;   {runtime_call throw_incompatible_class_change_error Runtime1 stub}
  0x0000029ade83e5d4: 6e3b 07e8 

  0x0000029ade83e5d8: ; ImmutableOopMap {r8=Oop rdx=Oop }
                      ;*invokeinterface loadClass {reexecute=0 rethrow=0 return_oop=0}
                      ; - org.codehaus.plexus.classworlds.realm.ClassRealm::unsynchronizedLoadClass@13 (line 225)
                      ; - org.codehaus.plexus.classworlds.realm.ClassRealm::loadClass@9 (line 210)
  0x0000029ade83e5d8: 8471 4707 

  0x0000029ade83e5dc: ;   {runtime_call throw_null_pointer_exception Runtime1 stub}
  0x0000029ade83e5dc: e8ff 3b47 

  0x0000029ade83e5e0: ; ImmutableOopMap {r8=Oop rdx=Oop }
                      ;*invokeinterface loadClass {reexecute=0 rethrow=0 return_oop=0}
                      ; - org.codehaus.plexus.classworlds.realm.ClassRealm::unsynchronizedLoadClass@13 (line 225)
                      ; - org.codehaus.plexus.classworlds.realm.ClassRealm::loadClass@9 (line 210)
                      ;   {internal_word}
  0x0000029ade83e5e0: 0749 ba71 | e583 de9a | 0200 004d | 8997 6004 

  0x0000029ade83e5f0: ;   {runtime_call SafepointBlob}
  0x0000029ade83e5f0: 0000 e9e9 | 6d3b 074c | 8b44 2448 | 488b 5424 | 40e9 d9fe | ffff 498b | 8700 0500 | 0049 c787 
  0x0000029ade83e610: 0005 0000 | 0000 0000 | 49c7 8708 | 0500 0000 | 0000 0048 | 83c4 605d 

  0x0000029ade83e628: ;   {runtime_call unwind_exception Runtime1 stub}
  0x0000029ade83e628: e933 2847 | 07f4 f4f4 
[Stub Code]
  0x0000029ade83e630: ;   {no_reloc}
  0x0000029ade83e630: 0f1f 4400 

  0x0000029ade83e634: ;   {static_stub}
  0x0000029ade83e634: 0048 bb40 | 6717 809a 

  0x0000029ade83e63c: ;   {runtime_call I2C/C2I adapters}
  0x0000029ade83e63c: 0200 00e9 | f6cd 3a07 

  0x0000029ade83e644: ;   {static_stub}
  0x0000029ade83e644: 9048 bb70 | 7f41 c29a 

  0x0000029ade83e64c: ;   {runtime_call I2C/C2I adapters}
  0x0000029ade83e64c: 0200 00e9 | e258 3b07 
[Exception Handler]
  0x0000029ade83e654: ;   {runtime_call handle_exception_from_callee Runtime1 stub}
  0x0000029ade83e654: e807 6347 

  0x0000029ade83e658: ;   {external_word}
  0x0000029ade83e658: 0748 b930 | e5dd 71fa | 7f00 0048 

  0x0000029ade83e664: ;   {runtime_call}
  0x0000029ade83e664: 83e4 f048 | b850 4da4 | 71fa 7f00 | 00ff d0f4 
[Deopt Handler Code]
  0x0000029ade83e674: ;   {section_word}
  0x0000029ade83e674: 49ba 74e6 | 83de 9a02 | 0000 4152 

  0x0000029ade83e680: ;   {runtime_call DeoptimizationBlob}
  0x0000029ade83e680: e9fb 5f3b | 07f4 f4f4 
[/MachCode]


---------------  P R O C E S S  ---------------

Threads class SMR info:
_java_thread_list=0x0000029ac1436680, length=16, elements={
0x0000029ad3c254a0, 0x0000029ac1024ee0, 0x0000029ac1026100, 0x0000029ac102a0b0,
0x0000029ac102aea0, 0x0000029ac1038ae0, 0x0000029ac103ae40, 0x0000029ac10471d0,
0x0000029ac104a0a0, 0x0000029af5683c40, 0x0000029ac1154b90, 0x0000029ac1155250,
0x0000029ac1161510, 0x0000029ac1184aa0, 0x0000029ac12cf240, 0x0000029ac12405f0
}

Java Threads: ( => current thread )
=>0x0000029ad3c254a0 JavaThread "main"                              [_thread_in_vm, id=47256, stack(0x000000f852800000,0x000000f852900000) (1024K)]
  0x0000029ac1024ee0 JavaThread "Reference Handler"          daemon [_thread_blocked, id=47220, stack(0x000000f853000000,0x000000f853100000) (1024K)]
  0x0000029ac1026100 JavaThread "Finalizer"                  daemon [_thread_blocked, id=45420, stack(0x000000f853100000,0x000000f853200000) (1024K)]
  0x0000029ac102a0b0 JavaThread "Signal Dispatcher"          daemon [_thread_blocked, id=47408, stack(0x000000f853200000,0x000000f853300000) (1024K)]
  0x0000029ac102aea0 JavaThread "Attach Listener"            daemon [_thread_blocked, id=47288, stack(0x000000f853300000,0x000000f853400000) (1024K)]
  0x0000029ac1038ae0 JavaThread "Service Thread"             daemon [_thread_blocked, id=47652, stack(0x000000f853400000,0x000000f853500000) (1024K)]
  0x0000029ac103ae40 JavaThread "Monitor Deflation Thread"   daemon [_thread_blocked, id=48088, stack(0x000000f853500000,0x000000f853600000) (1024K)]
  0x0000029ac10471d0 JavaThread "C2 CompilerThread0"         daemon [_thread_in_native, id=45088, stack(0x000000f853600000,0x000000f853700000) (1024K)]
  0x0000029ac104a0a0 JavaThread "C1 CompilerThread0"         daemon [_thread_blocked, id=47508, stack(0x000000f853700000,0x000000f853800000) (1024K)]
  0x0000029af5683c40 JavaThread "Common-Cleaner"             daemon [_thread_blocked, id=3552, stack(0x000000f853800000,0x000000f853900000) (1024K)]
  0x0000029ac1154b90 JavaThread "C1 CompilerThread1"         daemon [_thread_blocked, id=30204, stack(0x000000f853900000,0x000000f853a00000) (1024K)]
  0x0000029ac1155250 JavaThread "C1 CompilerThread2"         daemon [_thread_in_native, id=47312, stack(0x000000f853a00000,0x000000f853b00000) (1024K)]
  0x0000029ac1161510 JavaThread "C1 CompilerThread3"         daemon [_thread_blocked, id=44908, stack(0x000000f853b00000,0x000000f853c00000) (1024K)]
  0x0000029ac1184aa0 JavaThread "C2 CompilerThread1"         daemon [_thread_blocked, id=38092, stack(0x000000f853c00000,0x000000f853d00000) (1024K)]
  0x0000029ac12cf240 JavaThread "Monitor Ctrl-Break"         daemon [_thread_in_native, id=48080, stack(0x000000f853d00000,0x000000f853e00000) (1024K)]
  0x0000029ac12405f0 JavaThread "Notification Thread"        daemon [_thread_blocked, id=45664, stack(0x000000f853e00000,0x000000f853f00000) (1024K)]
Total: 16

Other Threads:
  0x0000029ac100ad70 VMThread "VM Thread"                           [id=48040, stack(0x000000f852f00000,0x000000f853000000) (1024K)]
  0x0000029af56829b0 WatcherThread "VM Periodic Task Thread"        [id=26084, stack(0x000000f852e00000,0x000000f852f00000) (1024K)]
  0x0000029ad3ccdeb0 WorkerThread "GC Thread#0"                     [id=47744, stack(0x000000f852900000,0x000000f852a00000) (1024K)]
  0x0000029ad60cd570 ConcurrentGCThread "G1 Main Marker"            [id=47656, stack(0x000000f852a00000,0x000000f852b00000) (1024K)]
  0x0000029ad60ce030 WorkerThread "G1 Conc#0"                       [id=45700, stack(0x000000f852b00000,0x000000f852c00000) (1024K)]
  0x0000029af5556620 ConcurrentGCThread "G1 Refine#0"               [id=38816, stack(0x000000f852c00000,0x000000f852d00000) (1024K)]
  0x0000029af55571a0 ConcurrentGCThread "G1 Service"                [id=47292, stack(0x000000f852d00000,0x000000f852e00000) (1024K)]
Total: 7

Threads with active compile tasks:
C2 CompilerThread0  590  992       4       java.util.HashMap::put (13 bytes)
C1 CompilerThread2  590  995       3       java.net.URLStreamHandler::parseURL (1124 bytes)
Total: 2

VM state: not at safepoint (normal execution)

VM Mutex/Monitor currently owned by a thread: None

Heap address: 0x0000000704a00000, size: 4022 MB, Compressed Oops mode: Zero based, Oop shift amount: 3

CDS archive(s) mapped at: [0x0000029a80000000-0x0000029a80d70000-0x0000029a80d70000), size 14090240, SharedBaseAddress: 0x0000029a80000000, ArchiveRelocationMode: 1.
Compressed class space mapped at: 0x0000029a81000000-0x0000029ac1000000, reserved size: 1073741824
Narrow klass base: 0x0000029a80000000, Narrow klass shift: 0, Narrow klass range: 0x41000000

GC Precious Log:
 CardTable entry size: 512
 Card Set container configuration: InlinePtr #cards 4 size 8 Array Of Cards #cards 16 size 48 Howl #buckets 8 coarsen threshold 3686 Howl Bitmap #cards 512 size 80 coarsen threshold 460 Card regions per heap region 1 cards per card region 4096
 CPUs: 16 total, 16 available
 Memory: 16085M
 Large Page Support: Disabled
 NUMA Support: Disabled
 Compressed Oops: Enabled (Zero based)
 Heap Region Size: 2M
 Heap Min Capacity: 8M
 Heap Initial Capacity: 252M
 Heap Max Capacity: 4022M
 Pre-touch: Disabled
 Parallel Workers: 13
 Concurrent Workers: 3
 Concurrent Refinement Workers: 13
 Periodic GC: Disabled

Heap:
 garbage-first heap   total reserved 4118528K, committed 258048K, used 10240K [0x0000000704a00000, 0x0000000800000000)
  region size 2048K, 7 young (14336K), 0 survivors (0K)
 Metaspace       used 3276K, committed 3392K, reserved 1114112K
  class space    used 315K, committed 384K, reserved 1048576K

Heap Regions: E=young(eden), S=young(survivor), O=old, HS=humongous(starts), HC=humongous(continues), CS=collection set, F=free, TAMS=top-at-mark-start, PB=parsable bottom
|   0|0x0000000704a00000, 0x0000000704a00000, 0x0000000704c00000|  0%| F|  |TAMS 0x0000000704a00000| PB 0x0000000704a00000| Untracked |  0
|   1|0x0000000704c00000, 0x0000000704c00000, 0x0000000704e00000|  0%| F|  |TAMS 0x0000000704c00000| PB 0x0000000704c00000| Untracked |  0
|   2|0x0000000704e00000, 0x0000000704e00000, 0x0000000705000000|  0%| F|  |TAMS 0x0000000704e00000| PB 0x0000000704e00000| Untracked |  0
|   3|0x0000000705000000, 0x0000000705000000, 0x0000000705200000|  0%| F|  |TAMS 0x0000000705000000| PB 0x0000000705000000| Untracked |  0
|   4|0x0000000705200000, 0x0000000705200000, 0x0000000705400000|  0%| F|  |TAMS 0x0000000705200000| PB 0x0000000705200000| Untracked |  0
|   5|0x0000000705400000, 0x0000000705400000, 0x0000000705600000|  0%| F|  |TAMS 0x0000000705400000| PB 0x0000000705400000| Untracked |  0
|   6|0x0000000705600000, 0x0000000705600000, 0x0000000705800000|  0%| F|  |TAMS 0x0000000705600000| PB 0x0000000705600000| Untracked |  0
|   7|0x0000000705800000, 0x0000000705800000, 0x0000000705a00000|  0%| F|  |TAMS 0x0000000705800000| PB 0x0000000705800000| Untracked |  0
|   8|0x0000000705a00000, 0x0000000705a00000, 0x0000000705c00000|  0%| F|  |TAMS 0x0000000705a00000| PB 0x0000000705a00000| Untracked |  0
|   9|0x0000000705c00000, 0x0000000705c00000, 0x0000000705e00000|  0%| F|  |TAMS 0x0000000705c00000| PB 0x0000000705c00000| Untracked |  0
|  10|0x0000000705e00000, 0x0000000705e00000, 0x0000000706000000|  0%| F|  |TAMS 0x0000000705e00000| PB 0x0000000705e00000| Untracked |  0
|  11|0x0000000706000000, 0x0000000706000000, 0x0000000706200000|  0%| F|  |TAMS 0x0000000706000000| PB 0x0000000706000000| Untracked |  0
|  12|0x0000000706200000, 0x0000000706200000, 0x0000000706400000|  0%| F|  |TAMS 0x0000000706200000| PB 0x0000000706200000| Untracked |  0
|  13|0x0000000706400000, 0x0000000706400000, 0x0000000706600000|  0%| F|  |TAMS 0x0000000706400000| PB 0x0000000706400000| Untracked |  0
|  14|0x0000000706600000, 0x0000000706600000, 0x0000000706800000|  0%| F|  |TAMS 0x0000000706600000| PB 0x0000000706600000| Untracked |  0
|  15|0x0000000706800000, 0x0000000706800000, 0x0000000706a00000|  0%| F|  |TAMS 0x0000000706800000| PB 0x0000000706800000| Untracked |  0
|  16|0x0000000706a00000, 0x0000000706a00000, 0x0000000706c00000|  0%| F|  |TAMS 0x0000000706a00000| PB 0x0000000706a00000| Untracked |  0
|  17|0x0000000706c00000, 0x0000000706c00000, 0x0000000706e00000|  0%| F|  |TAMS 0x0000000706c00000| PB 0x0000000706c00000| Untracked |  0
|  18|0x0000000706e00000, 0x0000000706e00000, 0x0000000707000000|  0%| F|  |TAMS 0x0000000706e00000| PB 0x0000000706e00000| Untracked |  0
|  19|0x0000000707000000, 0x0000000707000000, 0x0000000707200000|  0%| F|  |TAMS 0x0000000707000000| PB 0x0000000707000000| Untracked |  0
|  20|0x0000000707200000, 0x0000000707200000, 0x0000000707400000|  0%| F|  |TAMS 0x0000000707200000| PB 0x0000000707200000| Untracked |  0
|  21|0x0000000707400000, 0x0000000707400000, 0x0000000707600000|  0%| F|  |TAMS 0x0000000707400000| PB 0x0000000707400000| Untracked |  0
|  22|0x0000000707600000, 0x0000000707600000, 0x0000000707800000|  0%| F|  |TAMS 0x0000000707600000| PB 0x0000000707600000| Untracked |  0
|  23|0x0000000707800000, 0x0000000707800000, 0x0000000707a00000|  0%| F|  |TAMS 0x0000000707800000| PB 0x0000000707800000| Untracked |  0
|  24|0x0000000707a00000, 0x0000000707a00000, 0x0000000707c00000|  0%| F|  |TAMS 0x0000000707a00000| PB 0x0000000707a00000| Untracked |  0
|  25|0x0000000707c00000, 0x0000000707c00000, 0x0000000707e00000|  0%| F|  |TAMS 0x0000000707c00000| PB 0x0000000707c00000| Untracked |  0
|  26|0x0000000707e00000, 0x0000000707e00000, 0x0000000708000000|  0%| F|  |TAMS 0x0000000707e00000| PB 0x0000000707e00000| Untracked |  0
|  27|0x0000000708000000, 0x0000000708000000, 0x0000000708200000|  0%| F|  |TAMS 0x0000000708000000| PB 0x0000000708000000| Untracked |  0
|  28|0x0000000708200000, 0x0000000708200000, 0x0000000708400000|  0%| F|  |TAMS 0x0000000708200000| PB 0x0000000708200000| Untracked |  0
|  29|0x0000000708400000, 0x0000000708400000, 0x0000000708600000|  0%| F|  |TAMS 0x0000000708400000| PB 0x0000000708400000| Untracked |  0
|  30|0x0000000708600000, 0x0000000708600000, 0x0000000708800000|  0%| F|  |TAMS 0x0000000708600000| PB 0x0000000708600000| Untracked |  0
|  31|0x0000000708800000, 0x0000000708800000, 0x0000000708a00000|  0%| F|  |TAMS 0x0000000708800000| PB 0x0000000708800000| Untracked |  0
|  32|0x0000000708a00000, 0x0000000708a00000, 0x0000000708c00000|  0%| F|  |TAMS 0x0000000708a00000| PB 0x0000000708a00000| Untracked |  0
|  33|0x0000000708c00000, 0x0000000708c00000, 0x0000000708e00000|  0%| F|  |TAMS 0x0000000708c00000| PB 0x0000000708c00000| Untracked |  0
|  34|0x0000000708e00000, 0x0000000708e00000, 0x0000000709000000|  0%| F|  |TAMS 0x0000000708e00000| PB 0x0000000708e00000| Untracked |  0
|  35|0x0000000709000000, 0x0000000709000000, 0x0000000709200000|  0%| F|  |TAMS 0x0000000709000000| PB 0x0000000709000000| Untracked |  0
|  36|0x0000000709200000, 0x0000000709200000, 0x0000000709400000|  0%| F|  |TAMS 0x0000000709200000| PB 0x0000000709200000| Untracked |  0
|  37|0x0000000709400000, 0x0000000709400000, 0x0000000709600000|  0%| F|  |TAMS 0x0000000709400000| PB 0x0000000709400000| Untracked |  0
|  38|0x0000000709600000, 0x0000000709600000, 0x0000000709800000|  0%| F|  |TAMS 0x0000000709600000| PB 0x0000000709600000| Untracked |  0
|  39|0x0000000709800000, 0x0000000709800000, 0x0000000709a00000|  0%| F|  |TAMS 0x0000000709800000| PB 0x0000000709800000| Untracked |  0
|  40|0x0000000709a00000, 0x0000000709a00000, 0x0000000709c00000|  0%| F|  |TAMS 0x0000000709a00000| PB 0x0000000709a00000| Untracked |  0
|  41|0x0000000709c00000, 0x0000000709c00000, 0x0000000709e00000|  0%| F|  |TAMS 0x0000000709c00000| PB 0x0000000709c00000| Untracked |  0
|  42|0x0000000709e00000, 0x0000000709e00000, 0x000000070a000000|  0%| F|  |TAMS 0x0000000709e00000| PB 0x0000000709e00000| Untracked |  0
|  43|0x000000070a000000, 0x000000070a000000, 0x000000070a200000|  0%| F|  |TAMS 0x000000070a000000| PB 0x000000070a000000| Untracked |  0
|  44|0x000000070a200000, 0x000000070a200000, 0x000000070a400000|  0%| F|  |TAMS 0x000000070a200000| PB 0x000000070a200000| Untracked |  0
|  45|0x000000070a400000, 0x000000070a400000, 0x000000070a600000|  0%| F|  |TAMS 0x000000070a400000| PB 0x000000070a400000| Untracked |  0
|  46|0x000000070a600000, 0x000000070a600000, 0x000000070a800000|  0%| F|  |TAMS 0x000000070a600000| PB 0x000000070a600000| Untracked |  0
|  47|0x000000070a800000, 0x000000070a800000, 0x000000070aa00000|  0%| F|  |TAMS 0x000000070a800000| PB 0x000000070a800000| Untracked |  0
|  48|0x000000070aa00000, 0x000000070aa00000, 0x000000070ac00000|  0%| F|  |TAMS 0x000000070aa00000| PB 0x000000070aa00000| Untracked |  0
|  49|0x000000070ac00000, 0x000000070ac00000, 0x000000070ae00000|  0%| F|  |TAMS 0x000000070ac00000| PB 0x000000070ac00000| Untracked |  0
|  50|0x000000070ae00000, 0x000000070ae00000, 0x000000070b000000|  0%| F|  |TAMS 0x000000070ae00000| PB 0x000000070ae00000| Untracked |  0
|  51|0x000000070b000000, 0x000000070b000000, 0x000000070b200000|  0%| F|  |TAMS 0x000000070b000000| PB 0x000000070b000000| Untracked |  0
|  52|0x000000070b200000, 0x000000070b200000, 0x000000070b400000|  0%| F|  |TAMS 0x000000070b200000| PB 0x000000070b200000| Untracked |  0
|  53|0x000000070b400000, 0x000000070b400000, 0x000000070b600000|  0%| F|  |TAMS 0x000000070b400000| PB 0x000000070b400000| Untracked |  0
|  54|0x000000070b600000, 0x000000070b600000, 0x000000070b800000|  0%| F|  |TAMS 0x000000070b600000| PB 0x000000070b600000| Untracked |  0
|  55|0x000000070b800000, 0x000000070b800000, 0x000000070ba00000|  0%| F|  |TAMS 0x000000070b800000| PB 0x000000070b800000| Untracked |  0
|  56|0x000000070ba00000, 0x000000070ba00000, 0x000000070bc00000|  0%| F|  |TAMS 0x000000070ba00000| PB 0x000000070ba00000| Untracked |  0
|  57|0x000000070bc00000, 0x000000070bc00000, 0x000000070be00000|  0%| F|  |TAMS 0x000000070bc00000| PB 0x000000070bc00000| Untracked |  0
|  58|0x000000070be00000, 0x000000070be00000, 0x000000070c000000|  0%| F|  |TAMS 0x000000070be00000| PB 0x000000070be00000| Untracked |  0
|  59|0x000000070c000000, 0x000000070c000000, 0x000000070c200000|  0%| F|  |TAMS 0x000000070c000000| PB 0x000000070c000000| Untracked |  0
|  60|0x000000070c200000, 0x000000070c200000, 0x000000070c400000|  0%| F|  |TAMS 0x000000070c200000| PB 0x000000070c200000| Untracked |  0
|  61|0x000000070c400000, 0x000000070c400000, 0x000000070c600000|  0%| F|  |TAMS 0x000000070c400000| PB 0x000000070c400000| Untracked |  0
|  62|0x000000070c600000, 0x000000070c600000, 0x000000070c800000|  0%| F|  |TAMS 0x000000070c600000| PB 0x000000070c600000| Untracked |  0
|  63|0x000000070c800000, 0x000000070c800000, 0x000000070ca00000|  0%| F|  |TAMS 0x000000070c800000| PB 0x000000070c800000| Untracked |  0
|  64|0x000000070ca00000, 0x000000070ca00000, 0x000000070cc00000|  0%| F|  |TAMS 0x000000070ca00000| PB 0x000000070ca00000| Untracked |  0
|  65|0x000000070cc00000, 0x000000070cc00000, 0x000000070ce00000|  0%| F|  |TAMS 0x000000070cc00000| PB 0x000000070cc00000| Untracked |  0
|  66|0x000000070ce00000, 0x000000070ce00000, 0x000000070d000000|  0%| F|  |TAMS 0x000000070ce00000| PB 0x000000070ce00000| Untracked |  0
|  67|0x000000070d000000, 0x000000070d000000, 0x000000070d200000|  0%| F|  |TAMS 0x000000070d000000| PB 0x000000070d000000| Untracked |  0
|  68|0x000000070d200000, 0x000000070d200000, 0x000000070d400000|  0%| F|  |TAMS 0x000000070d200000| PB 0x000000070d200000| Untracked |  0
|  69|0x000000070d400000, 0x000000070d400000, 0x000000070d600000|  0%| F|  |TAMS 0x000000070d400000| PB 0x000000070d400000| Untracked |  0
|  70|0x000000070d600000, 0x000000070d600000, 0x000000070d800000|  0%| F|  |TAMS 0x000000070d600000| PB 0x000000070d600000| Untracked |  0
|  71|0x000000070d800000, 0x000000070d800000, 0x000000070da00000|  0%| F|  |TAMS 0x000000070d800000| PB 0x000000070d800000| Untracked |  0
|  72|0x000000070da00000, 0x000000070da00000, 0x000000070dc00000|  0%| F|  |TAMS 0x000000070da00000| PB 0x000000070da00000| Untracked |  0
|  73|0x000000070dc00000, 0x000000070dc00000, 0x000000070de00000|  0%| F|  |TAMS 0x000000070dc00000| PB 0x000000070dc00000| Untracked |  0
|  74|0x000000070de00000, 0x000000070de00000, 0x000000070e000000|  0%| F|  |TAMS 0x000000070de00000| PB 0x000000070de00000| Untracked |  0
|  75|0x000000070e000000, 0x000000070e000000, 0x000000070e200000|  0%| F|  |TAMS 0x000000070e000000| PB 0x000000070e000000| Untracked |  0
|  76|0x000000070e200000, 0x000000070e200000, 0x000000070e400000|  0%| F|  |TAMS 0x000000070e200000| PB 0x000000070e200000| Untracked |  0
|  77|0x000000070e400000, 0x000000070e400000, 0x000000070e600000|  0%| F|  |TAMS 0x000000070e400000| PB 0x000000070e400000| Untracked |  0
|  78|0x000000070e600000, 0x000000070e600000, 0x000000070e800000|  0%| F|  |TAMS 0x000000070e600000| PB 0x000000070e600000| Untracked |  0
|  79|0x000000070e800000, 0x000000070e800000, 0x000000070ea00000|  0%| F|  |TAMS 0x000000070e800000| PB 0x000000070e800000| Untracked |  0
|  80|0x000000070ea00000, 0x000000070ea00000, 0x000000070ec00000|  0%| F|  |TAMS 0x000000070ea00000| PB 0x000000070ea00000| Untracked |  0
|  81|0x000000070ec00000, 0x000000070ec00000, 0x000000070ee00000|  0%| F|  |TAMS 0x000000070ec00000| PB 0x000000070ec00000| Untracked |  0
|  82|0x000000070ee00000, 0x000000070ee00000, 0x000000070f000000|  0%| F|  |TAMS 0x000000070ee00000| PB 0x000000070ee00000| Untracked |  0
|  83|0x000000070f000000, 0x000000070f000000, 0x000000070f200000|  0%| F|  |TAMS 0x000000070f000000| PB 0x000000070f000000| Untracked |  0
|  84|0x000000070f200000, 0x000000070f200000, 0x000000070f400000|  0%| F|  |TAMS 0x000000070f200000| PB 0x000000070f200000| Untracked |  0
|  85|0x000000070f400000, 0x000000070f400000, 0x000000070f600000|  0%| F|  |TAMS 0x000000070f400000| PB 0x000000070f400000| Untracked |  0
|  86|0x000000070f600000, 0x000000070f600000, 0x000000070f800000|  0%| F|  |TAMS 0x000000070f600000| PB 0x000000070f600000| Untracked |  0
|  87|0x000000070f800000, 0x000000070f800000, 0x000000070fa00000|  0%| F|  |TAMS 0x000000070f800000| PB 0x000000070f800000| Untracked |  0
|  88|0x000000070fa00000, 0x000000070fa00000, 0x000000070fc00000|  0%| F|  |TAMS 0x000000070fa00000| PB 0x000000070fa00000| Untracked |  0
|  89|0x000000070fc00000, 0x000000070fc00000, 0x000000070fe00000|  0%| F|  |TAMS 0x000000070fc00000| PB 0x000000070fc00000| Untracked |  0
|  90|0x000000070fe00000, 0x000000070fe00000, 0x0000000710000000|  0%| F|  |TAMS 0x000000070fe00000| PB 0x000000070fe00000| Untracked |  0
|  91|0x0000000710000000, 0x0000000710000000, 0x0000000710200000|  0%| F|  |TAMS 0x0000000710000000| PB 0x0000000710000000| Untracked |  0
|  92|0x0000000710200000, 0x0000000710200000, 0x0000000710400000|  0%| F|  |TAMS 0x0000000710200000| PB 0x0000000710200000| Untracked |  0
|  93|0x0000000710400000, 0x0000000710400000, 0x0000000710600000|  0%| F|  |TAMS 0x0000000710400000| PB 0x0000000710400000| Untracked |  0
|  94|0x0000000710600000, 0x0000000710600000, 0x0000000710800000|  0%| F|  |TAMS 0x0000000710600000| PB 0x0000000710600000| Untracked |  0
|  95|0x0000000710800000, 0x0000000710800000, 0x0000000710a00000|  0%| F|  |TAMS 0x0000000710800000| PB 0x0000000710800000| Untracked |  0
|  96|0x0000000710a00000, 0x0000000710a00000, 0x0000000710c00000|  0%| F|  |TAMS 0x0000000710a00000| PB 0x0000000710a00000| Untracked |  0
|  97|0x0000000710c00000, 0x0000000710c00000, 0x0000000710e00000|  0%| F|  |TAMS 0x0000000710c00000| PB 0x0000000710c00000| Untracked |  0
|  98|0x0000000710e00000, 0x0000000710e00000, 0x0000000711000000|  0%| F|  |TAMS 0x0000000710e00000| PB 0x0000000710e00000| Untracked |  0
|  99|0x0000000711000000, 0x0000000711000000, 0x0000000711200000|  0%| F|  |TAMS 0x0000000711000000| PB 0x0000000711000000| Untracked |  0
| 100|0x0000000711200000, 0x0000000711200000, 0x0000000711400000|  0%| F|  |TAMS 0x0000000711200000| PB 0x0000000711200000| Untracked |  0
| 101|0x0000000711400000, 0x0000000711400000, 0x0000000711600000|  0%| F|  |TAMS 0x0000000711400000| PB 0x0000000711400000| Untracked |  0
| 102|0x0000000711600000, 0x0000000711600000, 0x0000000711800000|  0%| F|  |TAMS 0x0000000711600000| PB 0x0000000711600000| Untracked |  0
| 103|0x0000000711800000, 0x0000000711800000, 0x0000000711a00000|  0%| F|  |TAMS 0x0000000711800000| PB 0x0000000711800000| Untracked |  0
| 104|0x0000000711a00000, 0x0000000711a00000, 0x0000000711c00000|  0%| F|  |TAMS 0x0000000711a00000| PB 0x0000000711a00000| Untracked |  0
| 105|0x0000000711c00000, 0x0000000711c00000, 0x0000000711e00000|  0%| F|  |TAMS 0x0000000711c00000| PB 0x0000000711c00000| Untracked |  0
| 106|0x0000000711e00000, 0x0000000711e00000, 0x0000000712000000|  0%| F|  |TAMS 0x0000000711e00000| PB 0x0000000711e00000| Untracked |  0
| 107|0x0000000712000000, 0x0000000712000000, 0x0000000712200000|  0%| F|  |TAMS 0x0000000712000000| PB 0x0000000712000000| Untracked |  0
| 108|0x0000000712200000, 0x0000000712200000, 0x0000000712400000|  0%| F|  |TAMS 0x0000000712200000| PB 0x0000000712200000| Untracked |  0
| 109|0x0000000712400000, 0x0000000712400000, 0x0000000712600000|  0%| F|  |TAMS 0x0000000712400000| PB 0x0000000712400000| Untracked |  0
| 110|0x0000000712600000, 0x0000000712600000, 0x0000000712800000|  0%| F|  |TAMS 0x0000000712600000| PB 0x0000000712600000| Untracked |  0
| 111|0x0000000712800000, 0x0000000712800000, 0x0000000712a00000|  0%| F|  |TAMS 0x0000000712800000| PB 0x0000000712800000| Untracked |  0
| 112|0x0000000712a00000, 0x0000000712a00000, 0x0000000712c00000|  0%| F|  |TAMS 0x0000000712a00000| PB 0x0000000712a00000| Untracked |  0
| 113|0x0000000712c00000, 0x0000000712c00000, 0x0000000712e00000|  0%| F|  |TAMS 0x0000000712c00000| PB 0x0000000712c00000| Untracked |  0
| 114|0x0000000712e00000, 0x0000000712e00000, 0x0000000713000000|  0%| F|  |TAMS 0x0000000712e00000| PB 0x0000000712e00000| Untracked |  0
| 115|0x0000000713000000, 0x0000000713000000, 0x0000000713200000|  0%| F|  |TAMS 0x0000000713000000| PB 0x0000000713000000| Untracked |  0
| 116|0x0000000713200000, 0x0000000713200000, 0x0000000713400000|  0%| F|  |TAMS 0x0000000713200000| PB 0x0000000713200000| Untracked |  0
| 117|0x0000000713400000, 0x0000000713400000, 0x0000000713600000|  0%| F|  |TAMS 0x0000000713400000| PB 0x0000000713400000| Untracked |  0
| 118|0x0000000713600000, 0x0000000713600000, 0x0000000713800000|  0%| F|  |TAMS 0x0000000713600000| PB 0x0000000713600000| Untracked |  0
| 119|0x0000000713800000, 0x00000007138f5c68, 0x0000000713a00000| 48%| E|  |TAMS 0x0000000713800000| PB 0x0000000713800000| Complete |  0
| 120|0x0000000713a00000, 0x0000000713c00000, 0x0000000713c00000|100%| E|CS|TAMS 0x0000000713a00000| PB 0x0000000713a00000| Complete |  0
| 121|0x0000000713c00000, 0x0000000713e00000, 0x0000000713e00000|100%| E|  |TAMS 0x0000000713c00000| PB 0x0000000713c00000| Complete |  0
| 122|0x0000000713e00000, 0x0000000714000000, 0x0000000714000000|100%| E|CS|TAMS 0x0000000713e00000| PB 0x0000000713e00000| Complete |  0
| 123|0x0000000714000000, 0x0000000714200000, 0x0000000714200000|100%| E|CS|TAMS 0x0000000714000000| PB 0x0000000714000000| Complete |  0
| 124|0x0000000714200000, 0x0000000714400000, 0x0000000714400000|100%| E|CS|TAMS 0x0000000714200000| PB 0x0000000714200000| Complete |  0
| 125|0x0000000714400000, 0x0000000714600000, 0x0000000714600000|100%| E|CS|TAMS 0x0000000714400000| PB 0x0000000714400000| Complete |  0

Card table byte_map: [0x0000029aee8c0000,0x0000029aef0a0000] _byte_map_base: 0x0000029aeb09b000

Marking Bits: (CMBitMap*) 0x0000029ad3cce5c0
 Bits: [0x0000029aef0a0000, 0x0000029af2f78000)

Polling page: 0x0000029ad3e40000

Metaspace:

Usage:
  Non-class:      2.89 MB used.
      Class:    315.45 KB used.
       Both:      3.20 MB used.

Virtual space:
  Non-class space:       64.00 MB reserved,       2.94 MB (  5%) committed,  1 nodes.
      Class space:        1.00 GB reserved,     384.00 KB ( <1%) committed,  1 nodes.
             Both:        1.06 GB reserved,       3.31 MB ( <1%) committed. 

Chunk freelists:
   Non-Class:  10.94 MB
       Class:  15.59 MB
        Both:  26.53 MB

MaxMetaspaceSize: unlimited
CompressedClassSpaceSize: 1.00 GB
Initial GC threshold: 21.00 MB
Current GC threshold: 21.00 MB
CDS: on
 - commit_granule_bytes: 65536.
 - commit_granule_words: 8192.
 - virtual_space_node_default_size: 8388608.
 - enlarge_chunks_in_place: 1.
 - use_allocation_guard: 0.


Internal statistics:

num_allocs_failed_limit: 0.
num_arena_births: 44.
num_arena_deaths: 0.
num_vsnodes_births: 2.
num_vsnodes_deaths: 0.
num_space_committed: 53.
num_space_uncommitted: 0.
num_chunks_returned_to_freelist: 0.
num_chunks_taken_from_freelist: 106.
num_chunk_merges: 0.
num_chunk_splits: 69.
num_chunks_enlarged: 50.
num_inconsistent_stats: 0.

CodeHeap 'non-profiled nmethods': size=119232Kb used=261Kb max_used=261Kb free=118970Kb
 bounds [0x0000029ae62e0000, 0x0000029ae6550000, 0x0000029aed750000]
CodeHeap 'profiled nmethods': size=119104Kb used=1340Kb max_used=1340Kb free=117763Kb
 bounds [0x0000029ade750000, 0x0000029ade9c0000, 0x0000029ae5ba0000]
CodeHeap 'non-nmethods': size=7424Kb used=3046Kb max_used=3061Kb free=4377Kb
 bounds [0x0000029ae5ba0000, 0x0000029ae5eb0000, 0x0000029ae62e0000]
CodeCache: size=245760Kb, used=4647Kb, max_used=4662Kb, free=241110Kb
 total_blobs=1470, nmethods=998, adapters=375, full_count=0
Compilation: enabled, stopped_count=0, restarted_count=0

Compilation events (20 events):
Event: 0.423 Thread 0x0000029ac10471d0 nmethod 979 0x0000029ae631fa88 code [0x0000029ae631fc00, 0x0000029ae6320108]
Event: 0.424 Thread 0x0000029ac104a0a0 nmethod 994 0x0000029ade89d708 code [0x0000029ade89d840, 0x0000029ade89da00]
Event: 0.424 Thread 0x0000029ac10471d0  981       4       sun.util.locale.LocaleUtils::toLower (17 bytes)
Event: 0.424 Thread 0x0000029ac10471d0 nmethod 981 0x0000029ae6320188 code [0x0000029ae6320280, 0x0000029ae6320300]
Event: 0.424 Thread 0x0000029ac10471d0  993       4       java.lang.StringUTF16::getChar (60 bytes)
Event: 0.425 Thread 0x0000029ac10471d0 nmethod 993 0x0000029ae6320488 code [0x0000029ae6320580, 0x0000029ae6320668]
Event: 0.425 Thread 0x0000029ac10471d0  992       4       java.util.HashMap::put (13 bytes)
Event: 0.426 Thread 0x0000029ac104a0a0  996       3       java.lang.Record::<init> (5 bytes)
Event: 0.426 Thread 0x0000029ac104a0a0 nmethod 996 0x0000029ade89da88 code [0x0000029ade89dba0, 0x0000029ade89dd08]
Event: 0.428 Thread 0x0000029ac104a0a0  997       3       sun.net.www.protocol.jar.Handler::checkNestedProtocol (18 bytes)
Event: 0.428 Thread 0x0000029ac104a0a0 nmethod 997 0x0000029ade89dd88 code [0x0000029ade89dec0, 0x0000029ade89e098]
Event: 0.432 Thread 0x0000029ac1161510  999   !   3       jdk.internal.ref.PhantomCleanable::remove (60 bytes)
Event: 0.432 Thread 0x0000029ac1154b90 1000       3       java.lang.ref.Reference::clear (5 bytes)
Event: 0.432 Thread 0x0000029ac1154b90 nmethod 1000 0x0000029ade89e108 code [0x0000029ade89e220, 0x0000029ade89e358]
Event: 0.432 Thread 0x0000029ac1161510 nmethod 999 0x0000029ade89e408 code [0x0000029ade89e540, 0x0000029ade89ea60]
Event: 0.432 Thread 0x0000029ac1184aa0 nmethod 980 0x0000029ae6320788 code [0x0000029ae63208e0, 0x0000029ae6321078]
Event: 0.432 Thread 0x0000029ac1184aa0  998   !   4       jdk.internal.loader.URLClassPath$JarLoader::ensureOpen (36 bytes)
Event: 0.433 Thread 0x0000029ac1161510 1001       3       java.lang.AbstractStringBuilder::append (77 bytes)
Event: 0.433 Thread 0x0000029ac1184aa0 nmethod 998 0x0000029ae6321188 code [0x0000029ae63212a0, 0x0000029ae63213f0]
Event: 0.433 Thread 0x0000029ac1161510 nmethod 1001 0x0000029ade89ea88 code [0x0000029ade89ec20, 0x0000029ade89f2b8]

GC Heap History (0 events):
No events

Dll operation events (12 events):
Event: 0.011 Loaded shared library C:\Users\msi\.jdks\openjdk-23.0.2\bin\java.dll
Event: 0.046 Loaded shared library C:\Users\msi\.jdks\openjdk-23.0.2\bin\jsvml.dll
Event: 0.083 Loaded shared library C:\Users\msi\.jdks\openjdk-23.0.2\bin\zip.dll
Event: 0.087 Loaded shared library C:\Users\msi\.jdks\openjdk-23.0.2\bin\instrument.dll
Event: 0.091 Loaded shared library C:\Users\msi\.jdks\openjdk-23.0.2\bin\net.dll
Event: 0.093 Loaded shared library C:\Users\msi\.jdks\openjdk-23.0.2\bin\nio.dll
Event: 0.096 Loaded shared library C:\Users\msi\.jdks\openjdk-23.0.2\bin\zip.dll
Event: 0.107 Loaded shared library C:\Program Files\JetBrains\intellij\IntelliJ IDEA 2024.2.3\bin\breakgen64.dll
Event: 0.118 Loaded shared library C:\Users\msi\.jdks\openjdk-23.0.2\bin\extnet.dll
Event: 0.206 Loaded shared library C:\Users\msi\.jdks\openjdk-23.0.2\bin\jimage.dll
Event: 0.259 Loaded shared library C:\Users\msi\AppData\Local\Temp\jansi-2.4.1-dda150d1f1af389b-jansi.dll
Event: 0.270 Loaded shared library C:\Users\msi\.jdks\openjdk-23.0.2\bin\verify.dll

Deoptimization events (20 events):
Event: 0.325 Thread 0x0000029ad3c254a0 Uncommon trap: trap_request=0xffffffde fr.pc=0x0000029ae630a3f0 relative=0x00000000000004f0
Event: 0.325 Thread 0x0000029ad3c254a0 Uncommon trap: reason=class_check action=maybe_recompile pc=0x0000029ae630a3f0 method=java.util.HashMap.putVal(ILjava/lang/Object;Ljava/lang/Object;ZZ)Ljava/lang/Object; @ 253 c2
Event: 0.325 Thread 0x0000029ad3c254a0 DEOPT PACKING pc=0x0000029ae630a3f0 sp=0x000000f8528feea0
Event: 0.325 Thread 0x0000029ad3c254a0 DEOPT UNPACKING pc=0x0000029ae5bf4402 sp=0x000000f8528fee50 mode 2
Event: 0.330 Thread 0x0000029ad3c254a0 DEOPT PACKING pc=0x0000029ade7b8f41 sp=0x000000f8528febc0
Event: 0.330 Thread 0x0000029ad3c254a0 DEOPT UNPACKING pc=0x0000029ae5bf4b22 sp=0x000000f8528fe030 mode 0
Event: 0.337 Thread 0x0000029ad3c254a0 DEOPT PACKING pc=0x0000029ade7b8f41 sp=0x000000f8528fe5c0
Event: 0.337 Thread 0x0000029ad3c254a0 DEOPT UNPACKING pc=0x0000029ae5bf4b22 sp=0x000000f8528fda30 mode 0
Event: 0.354 Thread 0x0000029ad3c254a0 DEOPT PACKING pc=0x0000029ade7bb28d sp=0x000000f8528f8be0
Event: 0.354 Thread 0x0000029ad3c254a0 DEOPT UNPACKING pc=0x0000029ae5bf4b22 sp=0x000000f8528f8030 mode 0
Event: 0.355 Thread 0x0000029ad3c254a0 DEOPT PACKING pc=0x0000029ade7b8f41 sp=0x000000f8528fa5b0
Event: 0.355 Thread 0x0000029ad3c254a0 DEOPT UNPACKING pc=0x0000029ae5bf4b22 sp=0x000000f8528f9a20 mode 0
Event: 0.420 Thread 0x0000029ad3c254a0 Uncommon trap: trap_request=0xffffff45 fr.pc=0x0000029ae62f9ba0 relative=0x00000000000004e0
Event: 0.420 Thread 0x0000029ad3c254a0 Uncommon trap: reason=unstable_if action=reinterpret pc=0x0000029ae62f9ba0 method=java.lang.StringLatin1.canEncode(C)Z @ 4 c2
Event: 0.420 Thread 0x0000029ad3c254a0 DEOPT PACKING pc=0x0000029ae62f9ba0 sp=0x000000f8528fe720
Event: 0.420 Thread 0x0000029ad3c254a0 DEOPT UNPACKING pc=0x0000029ae5bf4402 sp=0x000000f8528fe650 mode 2
Event: 0.420 Thread 0x0000029ad3c254a0 Uncommon trap: trap_request=0xffffff45 fr.pc=0x0000029ae62fa370 relative=0x00000000000004b0
Event: 0.420 Thread 0x0000029ad3c254a0 Uncommon trap: reason=unstable_if action=reinterpret pc=0x0000029ae62fa370 method=java.lang.AbstractStringBuilder.isLatin1()Z @ 10 c2
Event: 0.420 Thread 0x0000029ad3c254a0 DEOPT PACKING pc=0x0000029ae62fa370 sp=0x000000f8528fe740
Event: 0.420 Thread 0x0000029ad3c254a0 DEOPT UNPACKING pc=0x0000029ae5bf4402 sp=0x000000f8528fe6d0 mode 2

Classes loaded (20 events):
Event: 0.376 Loading class java/util/concurrent/locks/ReentrantReadWriteLock$Sync done
Event: 0.376 Loading class java/util/concurrent/locks/ReentrantReadWriteLock$NonfairSync done
Event: 0.376 Loading class java/util/concurrent/locks/ReentrantReadWriteLock$Sync$ThreadLocalHoldCounter
Event: 0.376 Loading class java/util/concurrent/locks/ReentrantReadWriteLock$Sync$ThreadLocalHoldCounter done
Event: 0.376 Loading class java/util/concurrent/locks/ReentrantReadWriteLock$ReadLock
Event: 0.377 Loading class java/util/concurrent/locks/ReentrantReadWriteLock$ReadLock done
Event: 0.377 Loading class java/util/concurrent/locks/ReentrantReadWriteLock$WriteLock
Event: 0.377 Loading class java/util/concurrent/locks/ReentrantReadWriteLock$WriteLock done
Event: 0.381 Loading class java/text/ParseException
Event: 0.381 Loading class java/text/ParseException done
Event: 0.390 Loading class sun/util/calendar/ZoneInfoFile$Checksum
Event: 0.390 Loading class sun/util/calendar/ZoneInfoFile$Checksum done
Event: 0.393 Loading class jdk/internal/module/ModulePatcher$PatchedModuleReader
Event: 0.393 Loading class jdk/internal/module/ModulePatcher$PatchedModuleReader done
Event: 0.393 Loading class sun/net/www/protocol/jrt/Handler
Event: 0.393 Loading class sun/net/www/protocol/jrt/Handler done
Event: 0.417 Loading class sun/text/resources/cldr/FormatData_en
Event: 0.418 Loading class sun/text/resources/cldr/FormatData_en done
Event: 0.418 Loading class sun/text/resources/cldr/FormatData_en_US
Event: 0.418 Loading class sun/text/resources/cldr/FormatData_en_US done

Classes unloaded (0 events):
No events

Classes redefined (0 events):
No events

Internal exceptions (13 events):
Event: 0.104 Thread 0x0000029ad3c254a0 Exception <a 'java/lang/NoSuchMethodError'{0x0000000714266940}: 'java.lang.Object java.lang.invoke.Invokers$Holder.invokeExact_MT(java.lang.Object, java.lang.Object, java.lang.Object, java.lang.Object, java.lang.Object)'> (0x0000000714266940) 
thrown [s\open\src\hotspot\share\interpreter\linkResolver.cpp, line 796]
Event: 0.119 Thread 0x0000029ac12cf240 Exception <a 'java/lang/NoSuchMethodError'{0x00000007143798e0}: 'void java.lang.invoke.DirectMethodHandle$Holder.invokeStatic(java.lang.Object, java.lang.Object)'> (0x00000007143798e0) 
thrown [s\open\src\hotspot\share\interpreter\linkResolver.cpp, line 796]
Event: 0.138 Thread 0x0000029ad3c254a0 Exception <a 'java/lang/NoSuchMethodError'{0x0000000714056be0}: 'int java.lang.invoke.DirectMethodHandle$Holder.invokeSpecial(java.lang.Object, java.lang.Object, java.lang.Object)'> (0x0000000714056be0) 
thrown [s\open\src\hotspot\share\interpreter\linkResolver.cpp, line 796]
Event: 0.202 Thread 0x0000029ad3c254a0 Exception <a 'java/lang/NullPointerException'{0x0000000713f50b70}> (0x0000000713f50b70) 
thrown [s\open\src\hotspot\share\interpreter\linkResolver.cpp, line 1389]
Event: 0.214 Thread 0x0000029ad3c254a0 Exception <a 'sun/nio/fs/WindowsException'{0x0000000713fedca0}> (0x0000000713fedca0) 
thrown [s\open\src\hotspot\share\prims\jni.cpp, line 520]
Event: 0.268 Thread 0x0000029ad3c254a0 Exception <a 'sun/nio/fs/WindowsException'{0x0000000713c3dea0}> (0x0000000713c3dea0) 
thrown [s\open\src\hotspot\share\prims\jni.cpp, line 520]
Event: 0.268 Thread 0x0000029ad3c254a0 Exception <a 'sun/nio/fs/WindowsException'{0x0000000713c3e5e0}> (0x0000000713c3e5e0) 
thrown [s\open\src\hotspot\share\prims\jni.cpp, line 520]
Event: 0.268 Thread 0x0000029ad3c254a0 Exception <a 'sun/nio/fs/WindowsException'{0x0000000713c3ebd0}> (0x0000000713c3ebd0) 
thrown [s\open\src\hotspot\share\prims\jni.cpp, line 520]
Event: 0.268 Thread 0x0000029ad3c254a0 Exception <a 'sun/nio/fs/WindowsException'{0x0000000713c3f128}> (0x0000000713c3f128) 
thrown [s\open\src\hotspot\share\prims\jni.cpp, line 520]
Event: 0.268 Thread 0x0000029ad3c254a0 Exception <a 'sun/nio/fs/WindowsException'{0x0000000713c3f630}> (0x0000000713c3f630) 
thrown [s\open\src\hotspot\share\prims\jni.cpp, line 520]
Event: 0.268 Thread 0x0000029ad3c254a0 Exception <a 'sun/nio/fs/WindowsException'{0x0000000713c3faf0}> (0x0000000713c3faf0) 
thrown [s\open\src\hotspot\share\prims\jni.cpp, line 520]
Event: 0.276 Thread 0x0000029ad3c254a0 Exception <a 'java/lang/NoSuchMethodError'{0x0000000713c8dd70}: 'void java.lang.invoke.DirectMethodHandle$Holder.invokeStaticInit(java.lang.Object, java.lang.Object)'> (0x0000000713c8dd70) 
thrown [s\open\src\hotspot\share\interpreter\linkResolver.cpp, line 796]
Event: 0.350 Thread 0x0000029ad3c254a0 Exception <a 'java/lang/NoSuchMethodError'{0x0000000713a46818}: 'java.lang.Object java.lang.invoke.DirectMethodHandle$Holder.invokeSpecialIFC(java.lang.Object, java.lang.Object, java.lang.Object, java.lang.Object)'> (0x0000000713a46818) 
thrown [s\open\src\hotspot\share\interpreter\linkResolver.cpp, line 796]

VM Operations (4 events):
Event: 0.201 Executing VM operation: HandshakeAllThreads (Deoptimize)
Event: 0.201 Executing VM operation: HandshakeAllThreads (Deoptimize) done
Event: 0.208 Executing VM operation: HandshakeAllThreads (Deoptimize)
Event: 0.208 Executing VM operation: HandshakeAllThreads (Deoptimize) done

Memory protections (0 events):
No events

Nmethod flushes (0 events):
No events

Events (18 events):
Event: 0.031 Thread 0x0000029ad3c254a0 Thread added: 0x0000029ad3c254a0
Event: 0.042 Thread 0x0000029ad3c254a0 Thread added: 0x0000029ac1024ee0
Event: 0.042 Thread 0x0000029ad3c254a0 Thread added: 0x0000029ac1026100
Event: 0.043 Thread 0x0000029ad3c254a0 Thread added: 0x0000029ac102a0b0
Event: 0.043 Thread 0x0000029ad3c254a0 Thread added: 0x0000029ac102aea0
Event: 0.043 Thread 0x0000029ad3c254a0 Thread added: 0x0000029ac1038ae0
Event: 0.043 Thread 0x0000029ad3c254a0 Thread added: 0x0000029ac103ae40
Event: 0.043 Thread 0x0000029ad3c254a0 Thread added: 0x0000029ac10471d0
Event: 0.043 Thread 0x0000029ad3c254a0 Thread added: 0x0000029ac104a0a0
Event: 0.062 Thread 0x0000029ad3c254a0 Thread added: 0x0000029af5683c40
Event: 0.068 Thread 0x0000029ac104a0a0 Thread added: 0x0000029ac1154b90
Event: 0.068 Thread 0x0000029ac104a0a0 Thread added: 0x0000029ac1155250
Event: 0.068 Thread 0x0000029ac104a0a0 Thread added: 0x0000029ac1161510
Event: 0.074 Thread 0x0000029ac1154b90 Thread added: 0x0000029ac1184aa0
Event: 0.108 Thread 0x0000029ad3c254a0 Thread added: 0x0000029ac12cf240
Event: 0.109 Thread 0x0000029ad3c254a0 Thread added: 0x0000029ac12405f0
Event: 0.204 Thread 0x0000029ad3c254a0 Thread added: 0x0000029ac1576ad0
Event: 0.218 Thread 0x0000029ac1576ad0 Thread exited: 0x0000029ac1576ad0


Dynamic libraries:
0x00007ff6436a0000 - 0x00007ff6436ae000 	C:\Users\msi\.jdks\openjdk-23.0.2\bin\java.exe
0x00007ffb67450000 - 0x00007ffb67667000 	C:\WINDOWS\SYSTEM32\ntdll.dll
0x00007ffb2b470000 - 0x00007ffb2b48a000 	C:\Program Files\Avast Software\Avast\aswhook.dll
0x00007ffb65140000 - 0x00007ffb65204000 	C:\WINDOWS\System32\KERNEL32.DLL
0x00007ffb64ad0000 - 0x00007ffb64ea0000 	C:\WINDOWS\System32\KERNELBASE.dll
0x000000005bc40000 - 0x000000005bf6e000 	C:\Program Files\Norton Security\NortonData\22.24.3.6\Definitions\IPSDefs\20250115.064\IPSEng64.dll
0x00007ffb66c30000 - 0x00007ffb66ce1000 	C:\WINDOWS\System32\ADVAPI32.dll
0x00007ffb67070000 - 0x00007ffb67117000 	C:\WINDOWS\System32\msvcrt.dll
0x00007ffb664c0000 - 0x00007ffb66567000 	C:\WINDOWS\System32\sechost.dll
0x00007ffb64980000 - 0x00007ffb649a8000 	C:\WINDOWS\System32\bcrypt.dll
0x00007ffb658e0000 - 0x00007ffb659f4000 	C:\WINDOWS\System32\RPCRT4.dll
0x00007ffb66af0000 - 0x00007ffb66af8000 	C:\WINDOWS\System32\PSAPI.DLL
0x00007ffb649b0000 - 0x00007ffb64ac1000 	C:\WINDOWS\System32\ucrtbase.dll
0x00007ffb4c320000 - 0x00007ffb4c337000 	C:\Users\msi\.jdks\openjdk-23.0.2\bin\jli.dll
0x00007ffb53ba0000 - 0x00007ffb53bbb000 	C:\Users\msi\.jdks\openjdk-23.0.2\bin\VCRUNTIME140.dll
0x00007ffb65a90000 - 0x00007ffb65c3e000 	C:\WINDOWS\System32\USER32.dll
0x00007ffb64f20000 - 0x00007ffb64f46000 	C:\WINDOWS\System32\win32u.dll
0x00007ffb65a00000 - 0x00007ffb65a29000 	C:\WINDOWS\System32\GDI32.dll
0x00007ffb47b20000 - 0x00007ffb47db2000 	C:\WINDOWS\WinSxS\amd64_microsoft.windows.common-controls_6595b64144ccf1df_6.0.22621.4830_none_270fe7d773858e80\COMCTL32.dll
0x00007ffb64700000 - 0x00007ffb6481b000 	C:\WINDOWS\System32\gdi32full.dll
0x00007ffb64820000 - 0x00007ffb648ba000 	C:\WINDOWS\System32\msvcp_win.dll
0x00007ffb66e80000 - 0x00007ffb66eb1000 	C:\WINDOWS\System32\IMM32.DLL
0x00007ffb53b90000 - 0x00007ffb53b9c000 	C:\Users\msi\.jdks\openjdk-23.0.2\bin\vcruntime140_1.dll
0x00007ffb173c0000 - 0x00007ffb1744e000 	C:\Users\msi\.jdks\openjdk-23.0.2\bin\msvcp140.dll
0x00007ffa71410000 - 0x00007ffa72160000 	C:\Users\msi\.jdks\openjdk-23.0.2\bin\server\jvm.dll
0x00007ffb66960000 - 0x00007ffb669d1000 	C:\WINDOWS\System32\WS2_32.dll
0x00007ffb635c0000 - 0x00007ffb6360d000 	C:\WINDOWS\SYSTEM32\POWRPROF.dll
0x00007ffb5d330000 - 0x00007ffb5d33a000 	C:\WINDOWS\SYSTEM32\VERSION.dll
0x00007ffb57be0000 - 0x00007ffb57c14000 	C:\WINDOWS\SYSTEM32\WINMM.dll
0x00007ffb63580000 - 0x00007ffb63593000 	C:\WINDOWS\SYSTEM32\UMPDC.dll
0x00007ffb63830000 - 0x00007ffb63848000 	C:\WINDOWS\SYSTEM32\kernel.appcore.dll
0x00007ffb4c5d0000 - 0x00007ffb4c5da000 	C:\Users\msi\.jdks\openjdk-23.0.2\bin\jimage.dll
0x00007ffb62040000 - 0x00007ffb62272000 	C:\WINDOWS\SYSTEM32\DBGHELP.DLL
0x00007ffb66570000 - 0x00007ffb66900000 	C:\WINDOWS\System32\combase.dll
0x00007ffb671d0000 - 0x00007ffb672a7000 	C:\WINDOWS\System32\OLEAUT32.dll
0x00007ffb5a680000 - 0x00007ffb5a6b2000 	C:\WINDOWS\SYSTEM32\dbgcore.DLL
0x00007ffb650c0000 - 0x00007ffb6513b000 	C:\WINDOWS\System32\bcryptPrimitives.dll
0x00007ffb4c4b0000 - 0x00007ffb4c4bf000 	C:\Users\msi\.jdks\openjdk-23.0.2\bin\instrument.dll
0x00007ffb42070000 - 0x00007ffb4208e000 	C:\Users\msi\.jdks\openjdk-23.0.2\bin\java.dll
0x00007ffb66ec0000 - 0x00007ffb67061000 	C:\WINDOWS\System32\ole32.dll
0x00007ffb65c40000 - 0x00007ffb664b8000 	C:\WINDOWS\System32\SHELL32.dll
0x00007ffb62660000 - 0x00007ffb62f70000 	C:\WINDOWS\SYSTEM32\windows.storage.dll
0x00007ffb62520000 - 0x00007ffb6265f000 	C:\WINDOWS\SYSTEM32\wintypes.dll
0x00007ffb66d70000 - 0x00007ffb66e7a000 	C:\WINDOWS\System32\SHCORE.dll
0x00007ffb65a30000 - 0x00007ffb65a8e000 	C:\WINDOWS\System32\shlwapi.dll
0x00007ffb64630000 - 0x00007ffb6465b000 	C:\WINDOWS\SYSTEM32\profapi.dll
0x00007ffb17110000 - 0x00007ffb171e7000 	C:\Users\msi\.jdks\openjdk-23.0.2\bin\jsvml.dll
0x00007ffb3d110000 - 0x00007ffb3d127000 	C:\Users\msi\.jdks\openjdk-23.0.2\bin\zip.dll
0x00007ffb4c310000 - 0x00007ffb4c320000 	C:\Users\msi\.jdks\openjdk-23.0.2\bin\net.dll
0x00007ffb63cb0000 - 0x00007ffb63d1a000 	C:\WINDOWS\system32\mswsock.dll
0x00007ffb3d580000 - 0x00007ffb3d596000 	C:\Users\msi\.jdks\openjdk-23.0.2\bin\nio.dll
0x00007ffb427a0000 - 0x00007ffb427ba000 	C:\Program Files\JetBrains\intellij\IntelliJ IDEA 2024.2.3\bin\breakgen64.dll
0x00007ffb4c4a0000 - 0x00007ffb4c4a9000 	C:\Users\msi\.jdks\openjdk-23.0.2\bin\extnet.dll
0x00007ffb14680000 - 0x00007ffb146a4000 	C:\Users\msi\AppData\Local\Temp\jansi-2.4.1-dda150d1f1af389b-jansi.dll
0x00007ffb4c190000 - 0x00007ffb4c1a0000 	C:\Users\msi\.jdks\openjdk-23.0.2\bin\verify.dll

dbghelp: loaded successfully - version: 4.0.5 - missing functions: none
symbol engine: initialized successfully - sym options: 0x614 - pdb path: .;C:\Users\msi\.jdks\openjdk-23.0.2\bin;C:\WINDOWS\SYSTEM32;C:\Program Files\Avast Software\Avast;C:\Program Files\Norton Security\NortonData\22.24.3.6\Definitions\IPSDefs\20250115.064;C:\WINDOWS\WinSxS\amd64_microsoft.windows.common-controls_6595b64144ccf1df_6.0.22621.4830_none_270fe7d773858e80;C:\Users\msi\.jdks\openjdk-23.0.2\bin\server;C:\Program Files\JetBrains\intellij\IntelliJ IDEA 2024.2.3\bin;C:\Users\msi\AppData\Local\Temp

VM Arguments:
jvm_args: -Dmaven.multiModuleProjectDirectory=C:\Users\msi\OneDrive - ESPRIT\Bureau\AutoHeaven -Djansi.passthrough=true -Dmaven.home=C:\Program Files\JetBrains\intellij\IntelliJ IDEA 2024.2.3\plugins\maven\lib\maven3 -Dclassworlds.conf=C:\Program Files\JetBrains\intellij\IntelliJ IDEA 2024.2.3\plugins\maven\lib\maven3\bin\m2.conf -Dmaven.ext.class.path=C:\Program Files\JetBrains\intellij\IntelliJ IDEA 2024.2.3\plugins\maven\lib\maven-event-listener.jar -javaagent:C:\Program Files\JetBrains\intellij\IntelliJ IDEA 2024.2.3\lib\idea_rt.jar=52602:C:\Program Files\JetBrains\intellij\IntelliJ IDEA 2024.2.3\bin -Dfile.encoding=UTF-8 -Dsun.stdout.encoding=UTF-8 -Dsun.stderr.encoding=UTF-8 
java_command: org.codehaus.classworlds.Launcher -Didea.version=2024.2.3 org.openjfx:javafx-maven-plugin:0.0.8:run
java_class_path (initial): C:\Program Files\JetBrains\intellij\IntelliJ IDEA 2024.2.3\plugins\maven\lib\maven3\boot\plexus-classworlds-2.8.0.jar;C:\Program Files\JetBrains\intellij\IntelliJ IDEA 2024.2.3\plugins\maven\lib\maven3\boot\plexus-classworlds.license
Launcher Type: SUN_STANDARD

[Global flags]
     intx CICompilerCount                          = 12                                        {product} {ergonomic}
     uint ConcGCThreads                            = 3                                         {product} {ergonomic}
     uint G1ConcRefinementThreads                  = 13                                        {product} {ergonomic}
   size_t G1HeapRegionSize                         = 2097152                                   {product} {ergonomic}
   size_t InitialHeapSize                          = 264241152                                 {product} {ergonomic}
   size_t MarkStackSize                            = 4194304                                   {product} {ergonomic}
   size_t MarkStackSizeMax                         = 536870912                                 {product} {ergonomic}
   size_t MaxHeapSize                              = 4217372672                                {product} {ergonomic}
   size_t MaxNewSize                               = 2529165312                                {product} {ergonomic}
   size_t MinHeapDeltaBytes                        = 2097152                                   {product} {ergonomic}
   size_t MinHeapSize                              = 8388608                                   {product} {ergonomic}
    uintx NonNMethodCodeHeapSize                   = 7602176                                {pd product} {ergonomic}
    uintx NonProfiledCodeHeapSize                  = 122093568                              {pd product} {ergonomic}
    uintx ProfiledCodeHeapSize                     = 121962496                              {pd product} {ergonomic}
    uintx ReservedCodeCacheSize                    = 251658240                              {pd product} {ergonomic}
     bool SegmentedCodeCache                       = true                                      {product} {ergonomic}
   size_t SoftMaxHeapSize                          = 4217372672                             {manageable} {ergonomic}
     bool UseCompressedOops                        = true                           {product lp64_product} {ergonomic}
     bool UseG1GC                                  = true                                      {product} {ergonomic}
     bool UseLargePagesIndividualAllocation        = false                                  {pd product} {ergonomic}

Logging:
Log output configuration:
 #0: stdout all=warning uptime,level,tags foldmultilines=false
 #1: stderr all=off uptime,level,tags foldmultilines=false

Environment Variables:
PATH=C:\oraclexe\app\oracle\product\11.2.0\server\bin;C:\Program Files (x86)\VMware\VMware Workstation\bin\;C:\Windows\system32;C:\Windows;C:\Windows\System32\Wbem;C:\Windows\System32\WindowsPowerShell\v1.0\;C:\Windows\System32\OpenSSH\;C:\Program Files (x86)\NVIDIA Corporation\PhysX\Common;C:\Program Files\NVIDIA Corporation\NVIDIA NvDLISR;C:\xampp\php;C:\composer;C:\Program Files\Git\cmd;C:\WINDOWS\system32;C:\WINDOWS;C:\WINDOWS\System32\Wbem;C:\WINDOWS\System32\WindowsPowerShell\v1.0\;C:\WINDOWS\System32\OpenSSH\;C:\maven\apache-maven-3.9.9\bin;C:\Users\msi\scoop\shims;C:\Users\msi\AppData\Local\Microsoft\WindowsApps;C:\Users\msi\AppData\Local\Programs\Microsoft VS Code\bin;C:\Users\msi\AppData\Roaming\Composer\vendor\bin;C:\Program Files\JetBrains\intellij\IntelliJ IDEA 2024.2.3\bin;;
USERNAME=msi
OS=Windows_NT
PROCESSOR_IDENTIFIER=Intel64 Family 6 Model 154 Stepping 3, GenuineIntel
TMP=C:\Users\msi\AppData\Local\Temp
TEMP=C:\Users\msi\AppData\Local\Temp




Periodic native trim disabled

---------------  S Y S T E M  ---------------

OS:
 Windows 11 , 64 bit Build 22621 (10.0.22621.4830)
OS uptime: 1 days 1:26 hours

CPU: total 16 (initial active 16) (8 cores per cpu, 2 threads per core) family 6 model 154 stepping 3 microcode 0x424, cx8, cmov, fxsr, ht, mmx, 3dnowpref, sse, sse2, sse3, ssse3, sse4.1, sse4.2, popcnt, lzcnt, tsc, tscinvbit, avx, avx2, aes, erms, clmul, bmi1, bmi2, adx, sha, fma, vzeroupper, clflush, clflushopt, clwb, serialize, rdtscp, rdpid, fsrm, gfni, f16c, pku, cet_ibt, cet_ss
Processor Information for processor 0
  Max Mhz: 2300, Current Mhz: 2300, Mhz Limit: 2300
Processor Information for processor 1
  Max Mhz: 2300, Current Mhz: 2300, Mhz Limit: 2300
Processor Information for processor 2
  Max Mhz: 2300, Current Mhz: 2300, Mhz Limit: 2300
Processor Information for processor 3
  Max Mhz: 2300, Current Mhz: 2300, Mhz Limit: 2300
Processor Information for processor 4
  Max Mhz: 2300, Current Mhz: 2300, Mhz Limit: 2300
Processor Information for processor 5
  Max Mhz: 2300, Current Mhz: 2300, Mhz Limit: 2300
Processor Information for processor 6
  Max Mhz: 2300, Current Mhz: 2300, Mhz Limit: 2300
Processor Information for processor 7
  Max Mhz: 2300, Current Mhz: 2300, Mhz Limit: 2300
Processor Information for processor 8
  Max Mhz: 2300, Current Mhz: 2300, Mhz Limit: 2300
Processor Information for processor 9
  Max Mhz: 2300, Current Mhz: 2300, Mhz Limit: 2300
Processor Information for processor 10
  Max Mhz: 2300, Current Mhz: 2300, Mhz Limit: 2300
Processor Information for processor 11
  Max Mhz: 2300, Current Mhz: 2300, Mhz Limit: 2300
Processor Information for processor 12
  Max Mhz: 2300, Current Mhz: 1488, Mhz Limit: 2300
Processor Information for processor 13
  Max Mhz: 2300, Current Mhz: 1488, Mhz Limit: 2300
Processor Information for processor 14
  Max Mhz: 2300, Current Mhz: 2300, Mhz Limit: 2300
Processor Information for processor 15
  Max Mhz: 2300, Current Mhz: 2300, Mhz Limit: 2300

Memory: 4k page, system-wide physical 16085M (433M free)
TotalPageFile size 65237M (AvailPageFile size 0M)
current process WorkingSet (physical memory assigned to process): 65M, peak: 65M
current process commit charge ("private bytes"): 362M, peak: 362M

vm_info: OpenJDK 64-Bit Server VM (23.0.2+7-58) for windows-amd64 JRE (23.0.2+7-58), built on 2024-11-29T09:34:55Z with MS VC++ 17.6 (VS2022)

END.
