#
# There is insufficient memory for the Java Runtime Environment to continue.
# Native memory allocation (malloc) failed to allocate 1897648 bytes. Error detail: Chunk::new
# Possible reasons:
#   The system is out of physical RAM or swap space
#   This process is running with CompressedOops enabled, and the Java Heap may be blocking the growth of the native heap
# Possible solutions:
#   Reduce memory load on the system
#   Increase physical memory or swap space
#   Check if swap backing store is full
#   Decrease Java heap size (-Xmx/-Xms)
#   Decrease number of Java threads
#   Decrease Java thread stack sizes (-Xss)
#   Set larger code cache with -XX:ReservedCodeCacheSize=
#   JVM is running with Zero Based Compressed Oops mode in which the Java heap is
#     placed in the first 32GB address space. The Java Heap base address is the
#     maximum limit for the native heap growth. Please use -XX:HeapBaseMinAddress
#     to set the Java Heap base and to place the Java Heap above 32GB virtual address.
# This output file may be truncated or incomplete.
#
#  Out of Memory Error (arena.cpp:149), pid=24092, tid=21704
#
# JRE version: OpenJDK Runtime Environment (23.0.2+7) (build 23.0.2+7-58)
# Java VM: OpenJDK 64-Bit Server VM (23.0.2+7-58, mixed mode, sharing, tiered, compressed oops, compressed class ptrs, g1 gc, windows-amd64)
# No core dump will be written. Minidumps are not enabled by default on client versions of Windows
#

---------------  S U M M A R Y ------------

Command Line: --module-path=C:/javafx-sdk/javafx-sdk-23.0.2/lib --add-modules=javafx.controls,javafx.fxml --module-path=C:\Users\msi\.m2\repository\org\openjfx\javafx-base\23.0.2\javafx-base-23.0.2-win.jar;C:\Users\msi\.m2\repository\org\openjfx\javafx-base\23.0.2\javafx-base-23.0.2.jar;C:\Users\msi\.m2\repository\org\openjfx\javafx-controls\23.0.2\javafx-controls-23.0.2-win.jar;C:\Users\msi\.m2\repository\org\openjfx\javafx-controls\23.0.2\javafx-controls-23.0.2.jar;C:\Users\msi\.m2\repository\org\openjfx\javafx-fxml\23.0.2\javafx-fxml-23.0.2-win.jar;C:\Users\msi\.m2\repository\org\openjfx\javafx-fxml\23.0.2\javafx-fxml-23.0.2.jar;C:\Users\msi\.m2\repository\org\openjfx\javafx-graphics\23.0.2\javafx-graphics-23.0.2-win.jar;C:\Users\msi\.m2\repository\org\openjfx\javafx-graphics\23.0.2\javafx-graphics-23.0.2.jar --add-modules=javafx.base,javafx.controls,javafx.fxml,javafx.graphics org.example.Mainfx

Host: 12th Gen Intel(R) Core(TM) i7-12650H, 16 cores, 15G,  Windows 11 , 64 bit Build 22621 (10.0.22621.4830)
Time: Sun Feb 16 15:03:42 2025 GMT elapsed time: 2.390007 seconds (0d 0h 0m 2s)

---------------  T H R E A D  ---------------

Current thread (0x000002129701ee10):  JavaThread "C2 CompilerThread0" daemon [_thread_in_native, id=21704, stack(0x000000abdf100000,0x000000abdf200000) (1024K)]


Current CompileTask:
C2:2390 1971   !   4       com.sun.javafx.css.ParsedValueImpl::readBinary (691 bytes)

Stack: [0x000000abdf100000,0x000000abdf200000]
Native frames: (J=compiled Java code, j=interpreted, Vv=VM code, C=native code)
V  [jvm.dll+0x6e0b99]  (no source info available)
V  [jvm.dll+0x87e2b3]  (no source info available)
V  [jvm.dll+0x88073e]  (no source info available)
V  [jvm.dll+0x880e13]  (no source info available)
V  [jvm.dll+0x27b006]  (no source info available)
V  [jvm.dll+0xbc06f]  (no source info available)
V  [jvm.dll+0xbc2cb]  (no source info available)
V  [jvm.dll+0x3b3c5c]  (no source info available)
V  [jvm.dll+0x38a55b]  (no source info available)
V  [jvm.dll+0x3899ca]  (no source info available)
V  [jvm.dll+0x244ba1]  (no source info available)
V  [jvm.dll+0x243eff]  (no source info available)
V  [jvm.dll+0x1c34b0]  (no source info available)
V  [jvm.dll+0x253df1]  (no source info available)
V  [jvm.dll+0x2520aa]  (no source info available)
V  [jvm.dll+0x3ee226]  (no source info available)
V  [jvm.dll+0x8254cb]  (no source info available)
V  [jvm.dll+0x6df345]  (no source info available)
C  [ucrtbase.dll+0x29333]  (no source info available)
C  [KERNEL32.DLL+0x1259d]  (no source info available)
C  [ntdll.dll+0x5af38]  (no source info available)

Lock stack of current Java thread (top to bottom):


---------------  P R O C E S S  ---------------

Threads class SMR info:
_java_thread_list=0x0000021299e7fe00, length=21, elements={
0x000002122fae2390, 0x0000021297011040, 0x0000021297011e60, 0x0000021297017350,
0x000002129701a2a0, 0x000002129701b870, 0x000002129701c7d0, 0x000002129701ee10,
0x00000212970300f0, 0x000002129702fa20, 0x00000212971afcd0, 0x000002129702ec80,
0x000002129702f350, 0x00000212971b1710, 0x00000212971ae290, 0x00000212971b0360,
0x00000212971ae920, 0x00000212971b09f0, 0x00000212971af640, 0x0000021297031c30,
0x00000212971aefb0
}

Java Threads: ( => current thread )
  0x000002122fae2390 JavaThread "main"                              [_thread_blocked, id=47800, stack(0x000000abde300000,0x000000abde400000) (1024K)]
  0x0000021297011040 JavaThread "Reference Handler"          daemon [_thread_blocked, id=24736, stack(0x000000abdeb00000,0x000000abdec00000) (1024K)]
  0x0000021297011e60 JavaThread "Finalizer"                  daemon [_thread_blocked, id=25104, stack(0x000000abdec00000,0x000000abded00000) (1024K)]
  0x0000021297017350 JavaThread "Signal Dispatcher"          daemon [_thread_blocked, id=15644, stack(0x000000abded00000,0x000000abdee00000) (1024K)]
  0x000002129701a2a0 JavaThread "Attach Listener"            daemon [_thread_blocked, id=2188, stack(0x000000abdee00000,0x000000abdef00000) (1024K)]
  0x000002129701b870 JavaThread "Service Thread"             daemon [_thread_blocked, id=48412, stack(0x000000abdef00000,0x000000abdf000000) (1024K)]
  0x000002129701c7d0 JavaThread "Monitor Deflation Thread"   daemon [_thread_blocked, id=47412, stack(0x000000abdf000000,0x000000abdf100000) (1024K)]
=>0x000002129701ee10 JavaThread "C2 CompilerThread0"         daemon [_thread_in_native, id=21704, stack(0x000000abdf100000,0x000000abdf200000) (1024K)]
  0x00000212970300f0 JavaThread "C1 CompilerThread0"         daemon [_thread_in_native, id=23980, stack(0x000000abdf200000,0x000000abdf300000) (1024K)]
  0x000002129702fa20 JavaThread "C1 CompilerThread1"         daemon [_thread_in_native, id=8104, stack(0x000000abdf300000,0x000000abdf400000) (1024K)]
  0x00000212971afcd0 JavaThread "Common-Cleaner"             daemon [_thread_blocked, id=48700, stack(0x000000abdf400000,0x000000abdf500000) (1024K)]
  0x000002129702ec80 JavaThread "C1 CompilerThread2"         daemon [_thread_blocked, id=21648, stack(0x000000abdf500000,0x000000abdf600000) (1024K)]
  0x000002129702f350 JavaThread "C1 CompilerThread3"         daemon [_thread_blocked, id=3468, stack(0x000000abdf700000,0x000000abdf800000) (1024K)]
  0x00000212971b1710 JavaThread "Notification Thread"        daemon [_thread_blocked, id=48060, stack(0x000000abdf800000,0x000000abdf900000) (1024K)]
  0x00000212971ae290 JavaThread "QuantumRenderer-0"          daemon [_thread_blocked, id=49036, stack(0x000000abdf600000,0x000000abdf700000) (1024K)]
  0x00000212971b0360 JavaThread "InvokeLaterDispatcher"      daemon [_thread_blocked, id=41420, stack(0x000000abdf900000,0x000000abdfa00000) (1024K)]
  0x00000212971ae920 JavaThread "JavaFX Application Thread"         [_thread_in_vm, id=4872, stack(0x000000abdfa00000,0x000000abdfb00000) (1024K)]
  0x00000212971b09f0 JavaThread "JavaFX-Launcher"                   [_thread_blocked, id=32844, stack(0x000000abe1000000,0x000000abe1100000) (1024K)]
  0x00000212971af640 JavaThread "Thread-2"                   daemon [_thread_in_native, id=43336, stack(0x000000abe0f00000,0x000000abe1000000) (1024K)]
  0x0000021297031c30 JavaThread "C2 CompilerThread1"         daemon [_thread_in_native, id=48080, stack(0x000000abe1600000,0x000000abe1700000) (1024K)]
  0x00000212971aefb0 JavaThread "mysql-cj-abandoned-connection-cleanup" daemon [_thread_blocked, id=13124, stack(0x000000abe1700000,0x000000abe1800000) (1024K)]
Total: 21

Other Threads:
  0x0000021251266090 VMThread "VM Thread"                           [id=44896, stack(0x000000abdea00000,0x000000abdeb00000) (1024K)]
  0x00000212512521f0 WatcherThread "VM Periodic Task Thread"        [id=13336, stack(0x000000abde900000,0x000000abdea00000) (1024K)]
  0x0000021231fb5950 WorkerThread "GC Thread#0"                     [id=39664, stack(0x000000abde400000,0x000000abde500000) (1024K)]
  0x0000021299777ff0 WorkerThread "GC Thread#1"                     [id=45628, stack(0x000000abe1100000,0x000000abe1200000) (1024K)]
  0x00000212997783a0 WorkerThread "GC Thread#2"                     [id=44608, stack(0x000000abe1200000,0x000000abe1300000) (1024K)]
  0x00000212997791f0 WorkerThread "GC Thread#3"                     [id=30828, stack(0x000000abe1300000,0x000000abe1400000) (1024K)]
  0x00000212997795a0 WorkerThread "GC Thread#4"                     [id=21588, stack(0x000000abe1400000,0x000000abe1500000) (1024K)]
  0x0000021299779950 WorkerThread "GC Thread#5"                     [id=19704, stack(0x000000abe1500000,0x000000abe1600000) (1024K)]
  0x0000021299f28bf0 WorkerThread "GC Thread#6"                     [id=48564, stack(0x000000abe1800000,0x000000abe1900000) (1024K)]
  0x0000021299f29e60 WorkerThread "GC Thread#7"                     [id=33944, stack(0x000000abe1900000,0x000000abe1a00000) (1024K)]
  0x0000021299f28fa0 WorkerThread "GC Thread#8"                     [id=48772, stack(0x000000abe1a00000,0x000000abe1b00000) (1024K)]
  0x0000021299f29ab0 WorkerThread "GC Thread#9"                     [id=48400, stack(0x000000abe1b00000,0x000000abe1c00000) (1024K)]
  0x0000021299f29700 WorkerThread "GC Thread#10"                    [id=38208, stack(0x000000abe1c00000,0x000000abe1d00000) (1024K)]
  0x0000021231fcb750 ConcurrentGCThread "G1 Main Marker"            [id=14124, stack(0x000000abde500000,0x000000abde600000) (1024K)]
  0x0000021231fccce0 WorkerThread "G1 Conc#0"                       [id=7556, stack(0x000000abde600000,0x000000abde700000) (1024K)]
  0x0000021251124720 ConcurrentGCThread "G1 Refine#0"               [id=14700, stack(0x000000abde700000,0x000000abde800000) (1024K)]
  0x00000212511251b0 ConcurrentGCThread "G1 Service"                [id=48064, stack(0x000000abde800000,0x000000abde900000) (1024K)]
Total: 17

Threads with active compile tasks:
C2 CompilerThread0  2581 1971   !   4       com.sun.javafx.css.ParsedValueImpl::readBinary (691 bytes)
C1 CompilerThread0  2581 2242       3       java.lang.invoke.LambdaFormEditor::bindArgumentType (101 bytes)
C1 CompilerThread1  2581 2243       3       java.lang.invoke.LambdaFormEditor::bindArgumentForm (255 bytes)
C2 CompilerThread1  2581 2170       4       java.util.Locale::forLanguageTag (74 bytes)
Total: 4

VM state: not at safepoint (normal execution)

VM Mutex/Monitor currently owned by a thread:  ([mutex/lock_event])
[0x00007ffa72082888] Metaspace_lock - owner thread: 0x00000212971ae920

Heap address: 0x0000000704a00000, size: 4022 MB, Compressed Oops mode: Zero based, Oop shift amount: 3

CDS archive(s) mapped at: [0x0000021252000000-0x0000021252d70000-0x0000021252d70000), size 14090240, SharedBaseAddress: 0x0000021252000000, ArchiveRelocationMode: 1.
Compressed class space mapped at: 0x0000021253000000-0x0000021293000000, reserved size: 1073741824
Narrow klass base: 0x0000021252000000, Narrow klass shift: 0, Narrow klass range: 0x41000000

GC Precious Log:
 CardTable entry size: 512
 Card Set container configuration: InlinePtr #cards 4 size 8 Array Of Cards #cards 16 size 48 Howl #buckets 8 coarsen threshold 3686 Howl Bitmap #cards 512 size 80 coarsen threshold 460 Card regions per heap region 1 cards per card region 4096
 CPUs: 16 total, 16 available
 Memory: 16085M
 Large Page Support: Disabled
 NUMA Support: Disabled
 Compressed Oops: Enabled (Zero based)
 Heap Region Size: 2M
 Heap Min Capacity: 8M
 Heap Initial Capacity: 252M
 Heap Max Capacity: 4022M
 Pre-touch: Disabled
 Parallel Workers: 13
 Concurrent Workers: 3
 Concurrent Refinement Workers: 13
 Periodic GC: Disabled

Heap:
 garbage-first heap   total reserved 4118528K, committed 258048K, used 24954K [0x0000000704a00000, 0x0000000800000000)
  region size 2048K, 13 young (26624K), 2 survivors (4096K)
 Metaspace       used 14441K, committed 14720K, reserved 1114112K
  class space    used 1839K, committed 1984K, reserved 1048576K

Heap Regions: E=young(eden), S=young(survivor), O=old, HS=humongous(starts), HC=humongous(continues), CS=collection set, F=free, TAMS=top-at-mark-start, PB=parsable bottom
|   0|0x0000000704a00000, 0x0000000704c00000, 0x0000000704c00000|100%| O|  |TAMS 0x0000000704a00000| PB 0x0000000704a00000| Untracked |  0
|   1|0x0000000704c00000, 0x0000000704c69d20, 0x0000000704e00000| 20%| O|  |TAMS 0x0000000704c00000| PB 0x0000000704c00000| Untracked |  0
|   2|0x0000000704e00000, 0x0000000704e00000, 0x0000000705000000|  0%| F|  |TAMS 0x0000000704e00000| PB 0x0000000704e00000| Untracked |  0
|   3|0x0000000705000000, 0x0000000705000000, 0x0000000705200000|  0%| F|  |TAMS 0x0000000705000000| PB 0x0000000705000000| Untracked |  0
|   4|0x0000000705200000, 0x0000000705200000, 0x0000000705400000|  0%| F|  |TAMS 0x0000000705200000| PB 0x0000000705200000| Untracked |  0
|   5|0x0000000705400000, 0x0000000705400000, 0x0000000705600000|  0%| F|  |TAMS 0x0000000705400000| PB 0x0000000705400000| Untracked |  0
|   6|0x0000000705600000, 0x0000000705600000, 0x0000000705800000|  0%| F|  |TAMS 0x0000000705600000| PB 0x0000000705600000| Untracked |  0
|   7|0x0000000705800000, 0x0000000705800000, 0x0000000705a00000|  0%| F|  |TAMS 0x0000000705800000| PB 0x0000000705800000| Untracked |  0
|   8|0x0000000705a00000, 0x0000000705a00000, 0x0000000705c00000|  0%| F|  |TAMS 0x0000000705a00000| PB 0x0000000705a00000| Untracked |  0
|   9|0x0000000705c00000, 0x0000000705c00000, 0x0000000705e00000|  0%| F|  |TAMS 0x0000000705c00000| PB 0x0000000705c00000| Untracked |  0
|  10|0x0000000705e00000, 0x0000000705e00000, 0x0000000706000000|  0%| F|  |TAMS 0x0000000705e00000| PB 0x0000000705e00000| Untracked |  0
|  11|0x0000000706000000, 0x0000000706000000, 0x0000000706200000|  0%| F|  |TAMS 0x0000000706000000| PB 0x0000000706000000| Untracked |  0
|  12|0x0000000706200000, 0x0000000706200000, 0x0000000706400000|  0%| F|  |TAMS 0x0000000706200000| PB 0x0000000706200000| Untracked |  0
|  13|0x0000000706400000, 0x0000000706400000, 0x0000000706600000|  0%| F|  |TAMS 0x0000000706400000| PB 0x0000000706400000| Untracked |  0
|  14|0x0000000706600000, 0x0000000706600000, 0x0000000706800000|  0%| F|  |TAMS 0x0000000706600000| PB 0x0000000706600000| Untracked |  0
|  15|0x0000000706800000, 0x0000000706800000, 0x0000000706a00000|  0%| F|  |TAMS 0x0000000706800000| PB 0x0000000706800000| Untracked |  0
|  16|0x0000000706a00000, 0x0000000706a00000, 0x0000000706c00000|  0%| F|  |TAMS 0x0000000706a00000| PB 0x0000000706a00000| Untracked |  0
|  17|0x0000000706c00000, 0x0000000706c00000, 0x0000000706e00000|  0%| F|  |TAMS 0x0000000706c00000| PB 0x0000000706c00000| Untracked |  0
|  18|0x0000000706e00000, 0x0000000706e00000, 0x0000000707000000|  0%| F|  |TAMS 0x0000000706e00000| PB 0x0000000706e00000| Untracked |  0
|  19|0x0000000707000000, 0x0000000707000000, 0x0000000707200000|  0%| F|  |TAMS 0x0000000707000000| PB 0x0000000707000000| Untracked |  0
|  20|0x0000000707200000, 0x0000000707200000, 0x0000000707400000|  0%| F|  |TAMS 0x0000000707200000| PB 0x0000000707200000| Untracked |  0
|  21|0x0000000707400000, 0x0000000707400000, 0x0000000707600000|  0%| F|  |TAMS 0x0000000707400000| PB 0x0000000707400000| Untracked |  0
|  22|0x0000000707600000, 0x0000000707600000, 0x0000000707800000|  0%| F|  |TAMS 0x0000000707600000| PB 0x0000000707600000| Untracked |  0
|  23|0x0000000707800000, 0x0000000707800000, 0x0000000707a00000|  0%| F|  |TAMS 0x0000000707800000| PB 0x0000000707800000| Untracked |  0
|  24|0x0000000707a00000, 0x0000000707a00000, 0x0000000707c00000|  0%| F|  |TAMS 0x0000000707a00000| PB 0x0000000707a00000| Untracked |  0
|  25|0x0000000707c00000, 0x0000000707c00000, 0x0000000707e00000|  0%| F|  |TAMS 0x0000000707c00000| PB 0x0000000707c00000| Untracked |  0
|  26|0x0000000707e00000, 0x0000000707e00000, 0x0000000708000000|  0%| F|  |TAMS 0x0000000707e00000| PB 0x0000000707e00000| Untracked |  0
|  27|0x0000000708000000, 0x0000000708000000, 0x0000000708200000|  0%| F|  |TAMS 0x0000000708000000| PB 0x0000000708000000| Untracked |  0
|  28|0x0000000708200000, 0x0000000708200000, 0x0000000708400000|  0%| F|  |TAMS 0x0000000708200000| PB 0x0000000708200000| Untracked |  0
|  29|0x0000000708400000, 0x0000000708400000, 0x0000000708600000|  0%| F|  |TAMS 0x0000000708400000| PB 0x0000000708400000| Untracked |  0
|  30|0x0000000708600000, 0x0000000708600000, 0x0000000708800000|  0%| F|  |TAMS 0x0000000708600000| PB 0x0000000708600000| Untracked |  0
|  31|0x0000000708800000, 0x0000000708800000, 0x0000000708a00000|  0%| F|  |TAMS 0x0000000708800000| PB 0x0000000708800000| Untracked |  0
|  32|0x0000000708a00000, 0x0000000708a00000, 0x0000000708c00000|  0%| F|  |TAMS 0x0000000708a00000| PB 0x0000000708a00000| Untracked |  0
|  33|0x0000000708c00000, 0x0000000708c00000, 0x0000000708e00000|  0%| F|  |TAMS 0x0000000708c00000| PB 0x0000000708c00000| Untracked |  0
|  34|0x0000000708e00000, 0x0000000708e00000, 0x0000000709000000|  0%| F|  |TAMS 0x0000000708e00000| PB 0x0000000708e00000| Untracked |  0
|  35|0x0000000709000000, 0x0000000709000000, 0x0000000709200000|  0%| F|  |TAMS 0x0000000709000000| PB 0x0000000709000000| Untracked |  0
|  36|0x0000000709200000, 0x0000000709200000, 0x0000000709400000|  0%| F|  |TAMS 0x0000000709200000| PB 0x0000000709200000| Untracked |  0
|  37|0x0000000709400000, 0x0000000709400000, 0x0000000709600000|  0%| F|  |TAMS 0x0000000709400000| PB 0x0000000709400000| Untracked |  0
|  38|0x0000000709600000, 0x0000000709600000, 0x0000000709800000|  0%| F|  |TAMS 0x0000000709600000| PB 0x0000000709600000| Untracked |  0
|  39|0x0000000709800000, 0x0000000709800000, 0x0000000709a00000|  0%| F|  |TAMS 0x0000000709800000| PB 0x0000000709800000| Untracked |  0
|  40|0x0000000709a00000, 0x0000000709a00000, 0x0000000709c00000|  0%| F|  |TAMS 0x0000000709a00000| PB 0x0000000709a00000| Untracked |  0
|  41|0x0000000709c00000, 0x0000000709c00000, 0x0000000709e00000|  0%| F|  |TAMS 0x0000000709c00000| PB 0x0000000709c00000| Untracked |  0
|  42|0x0000000709e00000, 0x0000000709e00000, 0x000000070a000000|  0%| F|  |TAMS 0x0000000709e00000| PB 0x0000000709e00000| Untracked |  0
|  43|0x000000070a000000, 0x000000070a000000, 0x000000070a200000|  0%| F|  |TAMS 0x000000070a000000| PB 0x000000070a000000| Untracked |  0
|  44|0x000000070a200000, 0x000000070a200000, 0x000000070a400000|  0%| F|  |TAMS 0x000000070a200000| PB 0x000000070a200000| Untracked |  0
|  45|0x000000070a400000, 0x000000070a400000, 0x000000070a600000|  0%| F|  |TAMS 0x000000070a400000| PB 0x000000070a400000| Untracked |  0
|  46|0x000000070a600000, 0x000000070a600000, 0x000000070a800000|  0%| F|  |TAMS 0x000000070a600000| PB 0x000000070a600000| Untracked |  0
|  47|0x000000070a800000, 0x000000070a800000, 0x000000070aa00000|  0%| F|  |TAMS 0x000000070a800000| PB 0x000000070a800000| Untracked |  0
|  48|0x000000070aa00000, 0x000000070aa00000, 0x000000070ac00000|  0%| F|  |TAMS 0x000000070aa00000| PB 0x000000070aa00000| Untracked |  0
|  49|0x000000070ac00000, 0x000000070ac00000, 0x000000070ae00000|  0%| F|  |TAMS 0x000000070ac00000| PB 0x000000070ac00000| Untracked |  0
|  50|0x000000070ae00000, 0x000000070ae00000, 0x000000070b000000|  0%| F|  |TAMS 0x000000070ae00000| PB 0x000000070ae00000| Untracked |  0
|  51|0x000000070b000000, 0x000000070b000000, 0x000000070b200000|  0%| F|  |TAMS 0x000000070b000000| PB 0x000000070b000000| Untracked |  0
|  52|0x000000070b200000, 0x000000070b200000, 0x000000070b400000|  0%| F|  |TAMS 0x000000070b200000| PB 0x000000070b200000| Untracked |  0
|  53|0x000000070b400000, 0x000000070b400000, 0x000000070b600000|  0%| F|  |TAMS 0x000000070b400000| PB 0x000000070b400000| Untracked |  0
|  54|0x000000070b600000, 0x000000070b600000, 0x000000070b800000|  0%| F|  |TAMS 0x000000070b600000| PB 0x000000070b600000| Untracked |  0
|  55|0x000000070b800000, 0x000000070b800000, 0x000000070ba00000|  0%| F|  |TAMS 0x000000070b800000| PB 0x000000070b800000| Untracked |  0
|  56|0x000000070ba00000, 0x000000070ba00000, 0x000000070bc00000|  0%| F|  |TAMS 0x000000070ba00000| PB 0x000000070ba00000| Untracked |  0
|  57|0x000000070bc00000, 0x000000070bc00000, 0x000000070be00000|  0%| F|  |TAMS 0x000000070bc00000| PB 0x000000070bc00000| Untracked |  0
|  58|0x000000070be00000, 0x000000070be00000, 0x000000070c000000|  0%| F|  |TAMS 0x000000070be00000| PB 0x000000070be00000| Untracked |  0
|  59|0x000000070c000000, 0x000000070c000000, 0x000000070c200000|  0%| F|  |TAMS 0x000000070c000000| PB 0x000000070c000000| Untracked |  0
|  60|0x000000070c200000, 0x000000070c200000, 0x000000070c400000|  0%| F|  |TAMS 0x000000070c200000| PB 0x000000070c200000| Untracked |  0
|  61|0x000000070c400000, 0x000000070c400000, 0x000000070c600000|  0%| F|  |TAMS 0x000000070c400000| PB 0x000000070c400000| Untracked |  0
|  62|0x000000070c600000, 0x000000070c600000, 0x000000070c800000|  0%| F|  |TAMS 0x000000070c600000| PB 0x000000070c600000| Untracked |  0
|  63|0x000000070c800000, 0x000000070c800000, 0x000000070ca00000|  0%| F|  |TAMS 0x000000070c800000| PB 0x000000070c800000| Untracked |  0
|  64|0x000000070ca00000, 0x000000070ca00000, 0x000000070cc00000|  0%| F|  |TAMS 0x000000070ca00000| PB 0x000000070ca00000| Untracked |  0
|  65|0x000000070cc00000, 0x000000070cc00000, 0x000000070ce00000|  0%| F|  |TAMS 0x000000070cc00000| PB 0x000000070cc00000| Untracked |  0
|  66|0x000000070ce00000, 0x000000070ce00000, 0x000000070d000000|  0%| F|  |TAMS 0x000000070ce00000| PB 0x000000070ce00000| Untracked |  0
|  67|0x000000070d000000, 0x000000070d000000, 0x000000070d200000|  0%| F|  |TAMS 0x000000070d000000| PB 0x000000070d000000| Untracked |  0
|  68|0x000000070d200000, 0x000000070d200000, 0x000000070d400000|  0%| F|  |TAMS 0x000000070d200000| PB 0x000000070d200000| Untracked |  0
|  69|0x000000070d400000, 0x000000070d400000, 0x000000070d600000|  0%| F|  |TAMS 0x000000070d400000| PB 0x000000070d400000| Untracked |  0
|  70|0x000000070d600000, 0x000000070d600000, 0x000000070d800000|  0%| F|  |TAMS 0x000000070d600000| PB 0x000000070d600000| Untracked |  0
|  71|0x000000070d800000, 0x000000070d800000, 0x000000070da00000|  0%| F|  |TAMS 0x000000070d800000| PB 0x000000070d800000| Untracked |  0
|  72|0x000000070da00000, 0x000000070da00000, 0x000000070dc00000|  0%| F|  |TAMS 0x000000070da00000| PB 0x000000070da00000| Untracked |  0
|  73|0x000000070dc00000, 0x000000070dc00000, 0x000000070de00000|  0%| F|  |TAMS 0x000000070dc00000| PB 0x000000070dc00000| Untracked |  0
|  74|0x000000070de00000, 0x000000070de00000, 0x000000070e000000|  0%| F|  |TAMS 0x000000070de00000| PB 0x000000070de00000| Untracked |  0
|  75|0x000000070e000000, 0x000000070e000000, 0x000000070e200000|  0%| F|  |TAMS 0x000000070e000000| PB 0x000000070e000000| Untracked |  0
|  76|0x000000070e200000, 0x000000070e200000, 0x000000070e400000|  0%| F|  |TAMS 0x000000070e200000| PB 0x000000070e200000| Untracked |  0
|  77|0x000000070e400000, 0x000000070e400000, 0x000000070e600000|  0%| F|  |TAMS 0x000000070e400000| PB 0x000000070e400000| Untracked |  0
|  78|0x000000070e600000, 0x000000070e600000, 0x000000070e800000|  0%| F|  |TAMS 0x000000070e600000| PB 0x000000070e600000| Untracked |  0
|  79|0x000000070e800000, 0x000000070e800000, 0x000000070ea00000|  0%| F|  |TAMS 0x000000070e800000| PB 0x000000070e800000| Untracked |  0
|  80|0x000000070ea00000, 0x000000070ea00000, 0x000000070ec00000|  0%| F|  |TAMS 0x000000070ea00000| PB 0x000000070ea00000| Untracked |  0
|  81|0x000000070ec00000, 0x000000070ec00000, 0x000000070ee00000|  0%| F|  |TAMS 0x000000070ec00000| PB 0x000000070ec00000| Untracked |  0
|  82|0x000000070ee00000, 0x000000070ee00000, 0x000000070f000000|  0%| F|  |TAMS 0x000000070ee00000| PB 0x000000070ee00000| Untracked |  0
|  83|0x000000070f000000, 0x000000070f000000, 0x000000070f200000|  0%| F|  |TAMS 0x000000070f000000| PB 0x000000070f000000| Untracked |  0
|  84|0x000000070f200000, 0x000000070f200000, 0x000000070f400000|  0%| F|  |TAMS 0x000000070f200000| PB 0x000000070f200000| Untracked |  0
|  85|0x000000070f400000, 0x000000070f400000, 0x000000070f600000|  0%| F|  |TAMS 0x000000070f400000| PB 0x000000070f400000| Untracked |  0
|  86|0x000000070f600000, 0x000000070f600000, 0x000000070f800000|  0%| F|  |TAMS 0x000000070f600000| PB 0x000000070f600000| Untracked |  0
|  87|0x000000070f800000, 0x000000070f800000, 0x000000070fa00000|  0%| F|  |TAMS 0x000000070f800000| PB 0x000000070f800000| Untracked |  0
|  88|0x000000070fa00000, 0x000000070fa00000, 0x000000070fc00000|  0%| F|  |TAMS 0x000000070fa00000| PB 0x000000070fa00000| Untracked |  0
|  89|0x000000070fc00000, 0x000000070fc00000, 0x000000070fe00000|  0%| F|  |TAMS 0x000000070fc00000| PB 0x000000070fc00000| Untracked |  0
|  90|0x000000070fe00000, 0x000000070fe00000, 0x0000000710000000|  0%| F|  |TAMS 0x000000070fe00000| PB 0x000000070fe00000| Untracked |  0
|  91|0x0000000710000000, 0x0000000710000000, 0x0000000710200000|  0%| F|  |TAMS 0x0000000710000000| PB 0x0000000710000000| Untracked |  0
|  92|0x0000000710200000, 0x0000000710200000, 0x0000000710400000|  0%| F|  |TAMS 0x0000000710200000| PB 0x0000000710200000| Untracked |  0
|  93|0x0000000710400000, 0x0000000710400000, 0x0000000710600000|  0%| F|  |TAMS 0x0000000710400000| PB 0x0000000710400000| Untracked |  0
|  94|0x0000000710600000, 0x0000000710600000, 0x0000000710800000|  0%| F|  |TAMS 0x0000000710600000| PB 0x0000000710600000| Untracked |  0
|  95|0x0000000710800000, 0x0000000710800000, 0x0000000710a00000|  0%| F|  |TAMS 0x0000000710800000| PB 0x0000000710800000| Untracked |  0
|  96|0x0000000710a00000, 0x0000000710a00000, 0x0000000710c00000|  0%| F|  |TAMS 0x0000000710a00000| PB 0x0000000710a00000| Untracked |  0
|  97|0x0000000710c00000, 0x0000000710c00000, 0x0000000710e00000|  0%| F|  |TAMS 0x0000000710c00000| PB 0x0000000710c00000| Untracked |  0
|  98|0x0000000710e00000, 0x0000000710e00000, 0x0000000711000000|  0%| F|  |TAMS 0x0000000710e00000| PB 0x0000000710e00000| Untracked |  0
|  99|0x0000000711000000, 0x0000000711000000, 0x0000000711200000|  0%| F|  |TAMS 0x0000000711000000| PB 0x0000000711000000| Untracked |  0
| 100|0x0000000711200000, 0x0000000711200000, 0x0000000711400000|  0%| F|  |TAMS 0x0000000711200000| PB 0x0000000711200000| Untracked |  0
| 101|0x0000000711400000, 0x0000000711400000, 0x0000000711600000|  0%| F|  |TAMS 0x0000000711400000| PB 0x0000000711400000| Untracked |  0
| 102|0x0000000711600000, 0x0000000711600000, 0x0000000711800000|  0%| F|  |TAMS 0x0000000711600000| PB 0x0000000711600000| Untracked |  0
| 103|0x0000000711800000, 0x0000000711800000, 0x0000000711a00000|  0%| F|  |TAMS 0x0000000711800000| PB 0x0000000711800000| Untracked |  0
| 104|0x0000000711a00000, 0x0000000711a00000, 0x0000000711c00000|  0%| F|  |TAMS 0x0000000711a00000| PB 0x0000000711a00000| Untracked |  0
| 105|0x0000000711c00000, 0x0000000711c00000, 0x0000000711e00000|  0%| F|  |TAMS 0x0000000711c00000| PB 0x0000000711c00000| Untracked |  0
| 106|0x0000000711e00000, 0x0000000711e00000, 0x0000000712000000|  0%| F|  |TAMS 0x0000000711e00000| PB 0x0000000711e00000| Untracked |  0
| 107|0x0000000712000000, 0x0000000712000000, 0x0000000712200000|  0%| F|  |TAMS 0x0000000712000000| PB 0x0000000712000000| Untracked |  0
| 108|0x0000000712200000, 0x0000000712200000, 0x0000000712400000|  0%| F|  |TAMS 0x0000000712200000| PB 0x0000000712200000| Untracked |  0
| 109|0x0000000712400000, 0x0000000712400000, 0x0000000712600000|  0%| F|  |TAMS 0x0000000712400000| PB 0x0000000712400000| Untracked |  0
| 110|0x0000000712600000, 0x00000007127f4da8, 0x0000000712800000| 97%| S|CS|TAMS 0x0000000712600000| PB 0x0000000712600000| Complete |  0
| 111|0x0000000712800000, 0x0000000712a00000, 0x0000000712a00000|100%| S|CS|TAMS 0x0000000712800000| PB 0x0000000712800000| Complete |  0
| 112|0x0000000712a00000, 0x0000000712a00000, 0x0000000712c00000|  0%| F|  |TAMS 0x0000000712a00000| PB 0x0000000712a00000| Untracked |  0
| 113|0x0000000712c00000, 0x0000000712c00000, 0x0000000712e00000|  0%| F|  |TAMS 0x0000000712c00000| PB 0x0000000712c00000| Untracked |  0
| 114|0x0000000712e00000, 0x0000000712e00000, 0x0000000713000000|  0%| F|  |TAMS 0x0000000712e00000| PB 0x0000000712e00000| Untracked |  0
| 115|0x0000000713000000, 0x0000000713059888, 0x0000000713200000| 17%| E|  |TAMS 0x0000000713000000| PB 0x0000000713000000| Complete |  0
| 116|0x0000000713200000, 0x0000000713400000, 0x0000000713400000|100%| E|CS|TAMS 0x0000000713200000| PB 0x0000000713200000| Complete |  0
| 117|0x0000000713400000, 0x0000000713600000, 0x0000000713600000|100%| E|CS|TAMS 0x0000000713400000| PB 0x0000000713400000| Complete |  0
| 118|0x0000000713600000, 0x0000000713800000, 0x0000000713800000|100%| E|CS|TAMS 0x0000000713600000| PB 0x0000000713600000| Complete |  0
| 119|0x0000000713800000, 0x0000000713a00000, 0x0000000713a00000|100%| E|CS|TAMS 0x0000000713800000| PB 0x0000000713800000| Complete |  0
| 120|0x0000000713a00000, 0x0000000713c00000, 0x0000000713c00000|100%| E|CS|TAMS 0x0000000713a00000| PB 0x0000000713a00000| Complete |  0
| 121|0x0000000713c00000, 0x0000000713e00000, 0x0000000713e00000|100%| E|  |TAMS 0x0000000713c00000| PB 0x0000000713c00000| Complete |  0
| 122|0x0000000713e00000, 0x0000000714000000, 0x0000000714000000|100%| E|CS|TAMS 0x0000000713e00000| PB 0x0000000713e00000| Complete |  0
| 123|0x0000000714000000, 0x0000000714200000, 0x0000000714200000|100%| E|CS|TAMS 0x0000000714000000| PB 0x0000000714000000| Complete |  0
| 124|0x0000000714200000, 0x0000000714400000, 0x0000000714400000|100%| E|CS|TAMS 0x0000000714200000| PB 0x0000000714200000| Complete |  0
| 125|0x0000000714400000, 0x0000000714600000, 0x0000000714600000|100%| E|CS|TAMS 0x0000000714400000| PB 0x0000000714400000| Complete |  0

Card table byte_map: [0x000002124a6c0000,0x000002124aea0000] _byte_map_base: 0x0000021246e9b000

Marking Bits: (CMBitMap*) 0x0000021231fb5f70
 Bits: [0x000002124aea0000, 0x000002124ed78000)

Polling page: 0x000002122fda0000

Metaspace:

Usage:
  Non-class:     12.31 MB used.
      Class:      1.80 MB used.
       Both:     14.10 MB used.

Virtual space:
  Non-class space:       64.00 MB reserved,      12.44 MB ( 19%) committed,  1 nodes.
      Class space:        1.00 GB reserved,       1.94 MB ( <1%) committed,  1 nodes.
             Both:        1.06 GB reserved,      14.38 MB (  1%) committed. 

Chunk freelists:
   Non-Class:  3.42 MB
       Class:  13.92 MB
        Both:  17.34 MB

MaxMetaspaceSize: unlimited
CompressedClassSpaceSize: 1.00 GB
Initial GC threshold: 21.00 MB
Current GC threshold: 21.00 MB
CDS: on
 - commit_granule_bytes: 65536.
 - commit_granule_words: 8192.
 - virtual_space_node_default_size: 8388608.
 - enlarge_chunks_in_place: 1.
 - use_allocation_guard: 0.


Internal statistics:

num_allocs_failed_limit: 0.
num_arena_births: 236.
num_arena_deaths: 0.
num_vsnodes_births: 2.
num_vsnodes_deaths: 0.
num_space_committed: 230.
num_space_uncommitted: 0.
num_chunks_returned_to_freelist: 0.
num_chunks_taken_from_freelist: 624.
num_chunk_merges: 0.
num_chunk_splits: 442.
num_chunks_enlarged: 334.
num_inconsistent_stats: 0.

CodeHeap 'non-profiled nmethods': size=119232Kb used=709Kb max_used=709Kb free=118523Kb
 bounds [0x00000212421e0000, 0x0000021242450000, 0x0000021249650000]
CodeHeap 'profiled nmethods': size=119104Kb used=3285Kb max_used=3285Kb free=115819Kb
 bounds [0x000002123a650000, 0x000002123a990000, 0x0000021241aa0000]
CodeHeap 'non-nmethods': size=7424Kb used=3301Kb max_used=3301Kb free=4122Kb
 bounds [0x0000021241aa0000, 0x0000021241de0000, 0x00000212421e0000]
CodeCache: size=245760Kb, used=7295Kb, max_used=7295Kb, free=238464Kb
 total_blobs=2937, nmethods=2248, adapters=591, full_count=0
Compilation: enabled, stopped_count=0, restarted_count=0

Compilation events (20 events):
Event: 2.380 Thread 0x000002129702fa20 2136   !   3       jdk.internal.loader.Resource::getBytes (244 bytes)
Event: 2.381 Thread 0x000002129702ec80 nmethod 2130 0x000002123a94e308 code [0x000002123a94e500, 0x000002123a94efa0]
Event: 2.381 Thread 0x000002129702ec80 2133   !   3       jdk.internal.loader.BuiltinClassLoader::defineOrCheckPackage (94 bytes)
Event: 2.381 Thread 0x00000212970300f0 nmethod 2129 0x000002123a94f088 code [0x000002123a94f2a0, 0x000002123a94fc60]
Event: 2.381 Thread 0x00000212970300f0 2134       3       jdk.internal.loader.BuiltinClassLoader::getAndVerifyPackage (113 bytes)
Event: 2.382 Thread 0x000002129702fa20 nmethod 2136 0x000002123a94fd08 code [0x000002123a94ffa0, 0x000002123a9516f0]
Event: 2.382 Thread 0x000002129702ec80 nmethod 2133 0x000002123a951788 code [0x000002123a951980, 0x000002123a952290]
Event: 2.382 Thread 0x000002129702fa20 2135       3       java.lang.ClassLoader::getDefinedPackage (36 bytes)
Event: 2.383 Thread 0x000002129702f350 nmethod 2131 0x000002123a952308 code [0x000002123a952600, 0x000002123a953ab8]
Event: 2.383 Thread 0x00000212970300f0 nmethod 2134 0x000002123a953b88 code [0x000002123a953e60, 0x000002123a954fe0]
Event: 2.383 Thread 0x000002129702ec80 2138       3       jdk.internal.loader.Resource::getByteBuffer (24 bytes)
Event: 2.383 Thread 0x000002129702f350 2137       3       java.lang.ClassLoader::definePackage (85 bytes)
Event: 2.383 Thread 0x000002129702fa20 nmethod 2135 0x000002123a955088 code [0x000002123a955200, 0x000002123a955770]
Event: 2.383 Thread 0x000002129702ec80 nmethod 2138 0x000002123a955808 code [0x000002123a955960, 0x000002123a9560b0]
Event: 2.384 Thread 0x000002129702f350 nmethod 2137 0x000002123a956108 code [0x000002123a9563a0, 0x000002123a9575e0]
Event: 2.385 Thread 0x0000021297031c30 2139       4       java.lang.StringBuilder::append (8 bytes)
Event: 2.386 Thread 0x00000212970300f0 2140   !   3       jdk.internal.loader.URLClassPath$JarLoader::checkResource (73 bytes)
Event: 2.386 Thread 0x000002129702fa20 2141       3       jdk.internal.loader.URLClassPath$JarLoader$2::<init> (31 bytes)
Event: 2.386 Thread 0x000002129702fa20 nmethod 2141 0x000002123a957708 code [0x000002123a957840, 0x000002123a957bc8]
Event: 2.387 Thread 0x00000212970300f0 nmethod 2140 0x000002123a957c08 code [0x000002123a957dc0, 0x000002123a9586d8]

GC Heap History (4 events):
Event: 1.178 GC heap before
{Heap before GC invocations=0 (full 0):
 garbage-first heap   total reserved 4118528K, committed 258048K, used 22528K [0x0000000704a00000, 0x0000000800000000)
  region size 2048K, 12 young (24576K), 0 survivors (0K)
 Metaspace       used 4160K, committed 4352K, reserved 1114112K
  class space    used 462K, committed 512K, reserved 1048576K
}
Event: 1.186 GC heap after
{Heap after GC invocations=1 (full 0):
 garbage-first heap   total reserved 4118528K, committed 258048K, used 2602K [0x0000000704a00000, 0x0000000800000000)
  region size 2048K, 2 young (4096K), 2 survivors (4096K)
 Metaspace       used 4160K, committed 4352K, reserved 1114112K
  class space    used 462K, committed 512K, reserved 1048576K
}
Event: 2.044 GC heap before
{Heap before GC invocations=1 (full 0):
 garbage-first heap   total reserved 4118528K, committed 258048K, used 27178K [0x0000000704a00000, 0x0000000800000000)
  region size 2048K, 14 young (28672K), 2 survivors (4096K)
 Metaspace       used 9934K, committed 10176K, reserved 1114112K
  class space    used 1110K, committed 1216K, reserved 1048576K
}
Event: 2.051 GC heap after
{Heap after GC invocations=2 (full 0):
 garbage-first heap   total reserved 4118528K, committed 258048K, used 6522K [0x0000000704a00000, 0x0000000800000000)
  region size 2048K, 2 young (4096K), 2 survivors (4096K)
 Metaspace       used 9934K, committed 10176K, reserved 1114112K
  class space    used 1110K, committed 1216K, reserved 1048576K
}

Dll operation events (20 events):
Event: 0.472 Loaded shared library C:\Users\msi\.openjfx\cache\23.0.2+3\amd64\api-ms-win-crt-math-l1-1-0.dll
Event: 0.476 Loaded shared library C:\Users\msi\.openjfx\cache\23.0.2+3\amd64\api-ms-win-crt-multibyte-l1-1-0.dll
Event: 0.481 Loaded shared library C:\Users\msi\.openjfx\cache\23.0.2+3\amd64\api-ms-win-crt-private-l1-1-0.dll
Event: 0.485 Loaded shared library C:\Users\msi\.openjfx\cache\23.0.2+3\amd64\api-ms-win-crt-process-l1-1-0.dll
Event: 0.489 Loaded shared library C:\Users\msi\.openjfx\cache\23.0.2+3\amd64\api-ms-win-crt-runtime-l1-1-0.dll
Event: 0.493 Loaded shared library C:\Users\msi\.openjfx\cache\23.0.2+3\amd64\api-ms-win-crt-stdio-l1-1-0.dll
Event: 0.496 Loaded shared library C:\Users\msi\.openjfx\cache\23.0.2+3\amd64\api-ms-win-crt-string-l1-1-0.dll
Event: 0.499 Loaded shared library C:\Users\msi\.openjfx\cache\23.0.2+3\amd64\api-ms-win-crt-time-l1-1-0.dll
Event: 0.504 Loaded shared library C:\Users\msi\.openjfx\cache\23.0.2+3\amd64\api-ms-win-crt-utility-l1-1-0.dll
Event: 0.529 Loaded shared library C:\Users\msi\.openjfx\cache\23.0.2+3\amd64\ucrtbase.dll
Event: 0.536 Loaded shared library C:\Users\msi\.openjfx\cache\23.0.2+3\amd64\vcruntime140.dll
Event: 0.542 Loaded shared library C:\Users\msi\.openjfx\cache\23.0.2+3\amd64\vcruntime140_1.dll
Event: 0.554 Loaded shared library C:\Users\msi\.openjfx\cache\23.0.2+3\amd64\msvcp140.dll
Event: 0.558 Loaded shared library C:\Users\msi\.openjfx\cache\23.0.2+3\amd64\msvcp140_1.dll
Event: 0.566 Loaded shared library C:\Users\msi\.openjfx\cache\23.0.2+3\amd64\msvcp140_2.dll
Event: 0.623 Loaded shared library C:\Users\msi\.openjfx\cache\23.0.2+3\amd64\prism_d3d.dll
Event: 0.758 Loaded shared library C:\Users\msi\.openjfx\cache\23.0.2+3\amd64\glass.dll
Event: 1.204 Loaded shared library C:\Users\msi\.jdks\openjdk-23.0.2\bin\jimage.dll
Event: 1.913 Loaded shared library C:\Users\msi\.jdks\openjdk-23.0.2\bin\extnet.dll
Event: 2.186 Loaded shared library C:\Users\msi\.openjfx\cache\23.0.2+3\amd64\javafx_font.dll

Deoptimization events (20 events):
Event: 1.973 Thread 0x00000212971ae920 Uncommon trap: trap_request=0xffffff45 fr.pc=0x0000021242213bf8 relative=0x0000000000000078
Event: 1.973 Thread 0x00000212971ae920 Uncommon trap: reason=unstable_if action=reinterpret pc=0x0000021242213bf8 method=jdk.internal.misc.Unsafe.convEndian(ZI)I @ 4 c2
Event: 1.973 Thread 0x00000212971ae920 DEOPT PACKING pc=0x0000021242213bf8 sp=0x000000abdfafd000
Event: 1.973 Thread 0x00000212971ae920 DEOPT UNPACKING pc=0x0000021241af4402 sp=0x000000abdfafcf30 mode 2
Event: 1.973 Thread 0x00000212971ae920 Uncommon trap: trap_request=0xffffff45 fr.pc=0x0000021242215e44 relative=0x0000000000000044
Event: 1.973 Thread 0x00000212971ae920 Uncommon trap: reason=unstable_if action=reinterpret pc=0x0000021242215e44 method=jdk.internal.misc.Unsafe.convEndian(ZI)I @ 4 c2
Event: 1.973 Thread 0x00000212971ae920 DEOPT PACKING pc=0x0000021242215e44 sp=0x000000abdfafd000
Event: 1.973 Thread 0x00000212971ae920 DEOPT UNPACKING pc=0x0000021241af4402 sp=0x000000abdfafcf98 mode 2
Event: 1.995 Thread 0x00000212971ae920 Uncommon trap: trap_request=0xffffff45 fr.pc=0x0000021242229e54 relative=0x0000000000000574
Event: 1.995 Thread 0x00000212971ae920 Uncommon trap: reason=unstable_if action=reinterpret pc=0x0000021242229e54 method=java.lang.AbstractStringBuilder.inflateIfNeededFor(Ljava/lang/String;)V @ 14 c2
Event: 1.995 Thread 0x00000212971ae920 DEOPT PACKING pc=0x0000021242229e54 sp=0x000000abdfafc110
Event: 1.995 Thread 0x00000212971ae920 DEOPT UNPACKING pc=0x0000021241af4402 sp=0x000000abdfafc008 mode 2
Event: 2.194 Thread 0x00000212971ae920 Uncommon trap: trap_request=0xffffff45 fr.pc=0x00000212422594a8 relative=0x0000000000000308
Event: 2.194 Thread 0x00000212971ae920 Uncommon trap: reason=unstable_if action=reinterpret pc=0x00000212422594a8 method=java.lang.String.<init>([CIILjava/lang/Void;)V @ 5 c2
Event: 2.194 Thread 0x00000212971ae920 DEOPT PACKING pc=0x00000212422594a8 sp=0x000000abdfafcab0
Event: 2.194 Thread 0x00000212971ae920 DEOPT UNPACKING pc=0x0000021241af4402 sp=0x000000abdfafca70 mode 2
Event: 2.366 Thread 0x00000212971ae920 Uncommon trap: trap_request=0xffffff45 fr.pc=0x000002124227964c relative=0x00000000000007ec
Event: 2.366 Thread 0x00000212971ae920 Uncommon trap: reason=unstable_if action=reinterpret pc=0x000002124227964c method=java.io.BufferedInputStream.implRead([BII)I @ 55 c2
Event: 2.366 Thread 0x00000212971ae920 DEOPT PACKING pc=0x000002124227964c sp=0x000000abdfafdbd0
Event: 2.366 Thread 0x00000212971ae920 DEOPT UNPACKING pc=0x0000021241af4402 sp=0x000000abdfafdb88 mode 2

Classes loaded (20 events):
Event: 2.341 Loading class java/lang/classfile/attribute/StackMapFrameInfo$SimpleVerificationTypeInfo
Event: 2.341 Loading class java/lang/classfile/attribute/StackMapFrameInfo$SimpleVerificationTypeInfo done
Event: 2.341 Loading class java/lang/classfile/attribute/StackMapFrameInfo$UninitializedVerificationTypeInfo
Event: 2.341 Loading class java/lang/classfile/attribute/StackMapFrameInfo$UninitializedVerificationTypeInfo done
Event: 2.342 Loading class jdk/internal/classfile/impl/TemporaryConstantPool
Event: 2.343 Loading class jdk/internal/classfile/impl/TemporaryConstantPool done
Event: 2.344 Loading class java/lang/reflect/Proxy$ProxyBuilder$1
Event: 2.344 Loading class java/lang/reflect/Proxy$ProxyBuilder$1 done
Event: 2.344 Loading class java/lang/annotation/Documented
Event: 2.344 Loading class java/lang/annotation/Documented done
Event: 2.345 Loading class sun/reflect/annotation/AnnotationTypeMismatchExceptionProxy
Event: 2.345 Loading class sun/reflect/annotation/ExceptionProxy
Event: 2.345 Loading class sun/reflect/annotation/ExceptionProxy done
Event: 2.345 Loading class sun/reflect/annotation/AnnotationTypeMismatchExceptionProxy done
Event: 2.349 Loading class java/lang/annotation/Target
Event: 2.349 Loading class java/lang/annotation/Target done
Event: 2.353 Loading class java/lang/reflect/UndeclaredThrowableException
Event: 2.353 Loading class java/lang/reflect/UndeclaredThrowableException done
Event: 2.357 Loading class java/lang/Class$AnnotationData
Event: 2.357 Loading class java/lang/Class$AnnotationData done

Classes unloaded (0 events):
No events

Classes redefined (0 events):
No events

Internal exceptions (20 events):
Event: 1.596 Thread 0x00000212971ae920 Exception <a 'java/lang/ClassNotFoundException'{0x00000007136cf320}: com/sun/glass/ui/win/themes_es_VE> (0x00000007136cf320) 
thrown [s\open\src\hotspot\share\prims\jni.cpp, line 539]
Event: 1.597 Thread 0x00000212971ae920 Exception <a 'java/lang/ClassNotFoundException'{0x00000007136d0b08}: com/sun/glass/ui/win/themes_ses_Latn> (0x00000007136d0b08) 
thrown [s\open\src\hotspot\share\prims\jni.cpp, line 539]
Event: 1.597 Thread 0x00000212971ae920 Exception <a 'java/lang/ClassNotFoundException'{0x00000007136d1bb8}: com/sun/glass/ui/win/themes_ses_Latn_ML> (0x00000007136d1bb8) 
thrown [s\open\src\hotspot\share\prims\jni.cpp, line 539]
Event: 1.597 Thread 0x00000212971ae920 Exception <a 'java/lang/ClassNotFoundException'{0x00000007136d31f8}: com/sun/glass/ui/win/themes_doi_Deva> (0x00000007136d31f8) 
thrown [s\open\src\hotspot\share\prims\jni.cpp, line 539]
Event: 1.597 Thread 0x00000212971ae920 Exception <a 'java/lang/ClassNotFoundException'{0x00000007136d42a8}: com/sun/glass/ui/win/themes_doi_Deva_IN> (0x00000007136d42a8) 
thrown [s\open\src\hotspot\share\prims\jni.cpp, line 539]
Event: 1.597 Thread 0x00000212971ae920 Exception <a 'java/lang/ClassNotFoundException'{0x00000007136d5570}: com/sun/glass/ui/win/themes_fr_PM> (0x00000007136d5570) 
thrown [s\open\src\hotspot\share\prims\jni.cpp, line 539]
Event: 1.597 Thread 0x00000212971ae920 Exception <a 'java/lang/ClassNotFoundException'{0x00000007136d69d8}: com/sun/glass/ui/win/themes_es_UY> (0x00000007136d69d8) 
thrown [s\open\src\hotspot\share\prims\jni.cpp, line 539]
Event: 1.597 Thread 0x00000212971ae920 Exception <a 'java/lang/ClassNotFoundException'{0x00000007136d7da0}: com/sun/glass/ui/win/themes_gu_Gujr> (0x00000007136d7da0) 
thrown [s\open\src\hotspot\share\prims\jni.cpp, line 539]
Event: 1.597 Thread 0x00000212971ae920 Exception <a 'java/lang/ClassNotFoundException'{0x00000007136d8e50}: com/sun/glass/ui/win/themes_gu_Gujr_IN> (0x00000007136d8e50) 
thrown [s\open\src\hotspot\share\prims\jni.cpp, line 539]
Event: 1.642 Thread 0x00000212971ae920 Exception <a 'java/lang/NoSuchMethodError'{0x0000000713754be0}: 'java.lang.Object java.lang.invoke.DirectMethodHandle$Holder.invokeInterface(java.lang.Object, java.lang.Object)'> (0x0000000713754be0) 
thrown [s\open\src\hotspot\share\interpreter\linkResolver.cpp, line 796]
Event: 1.793 Thread 0x00000212971ae920 Exception <a 'java/lang/NoSuchMethodError'{0x00000007135a03c0}: 'java.lang.Object java.lang.invoke.DirectMethodHandle$Holder.invokeVirtual(java.lang.Object, java.lang.Object, java.lang.Object)'> (0x00000007135a03c0) 
thrown [s\open\src\hotspot\share\interpreter\linkResolver.cpp, line 796]
Event: 2.095 Thread 0x00000212971ae920 Exception <a 'java/lang/NoSuchMethodError'{0x00000007142e9dd0}: 'java.lang.Object java.lang.invoke.DirectMethodHandle$Holder.invokeStaticInit(java.lang.Object, java.lang.Object, java.lang.Object, java.lang.Object)'> (0x00000007142e9dd0) 
thrown [s\open\src\hotspot\share\interpreter\linkResolver.cpp, line 796]
Event: 2.096 Thread 0x00000212971ae920 Exception <a 'java/lang/NullPointerException'{0x00000007142f6c00}> (0x00000007142f6c00) 
thrown [s\open\src\hotspot\share\interpreter\linkResolver.cpp, line 1389]
Event: 2.266 Thread 0x00000212971ae920 Exception <a 'java/lang/NoSuchMethodError'{0x000000071388bd08}: 'void java.lang.invoke.DirectMethodHandle$Holder.invokeStaticInit(java.lang.Object, java.lang.Object)'> (0x000000071388bd08) 
thrown [s\open\src\hotspot\share\interpreter\linkResolver.cpp, line 796]
Event: 2.287 Thread 0x00000212971ae920 Exception <a 'java/lang/NoSuchMethodError'{0x00000007139119c8}: 'void java.lang.invoke.DirectMethodHandle$Holder.invokeSpecial(java.lang.Object, java.lang.Object, double)'> (0x00000007139119c8) 
thrown [s\open\src\hotspot\share\interpreter\linkResolver.cpp, line 796]
Event: 2.289 Thread 0x00000212971ae920 Exception <a 'java/lang/NoSuchMethodError'{0x000000071391c838}: 'double java.lang.invoke.DelegatingMethodHandle$Holder.reinvoke_L(java.lang.Object, java.lang.Object, int)'> (0x000000071391c838) 
thrown [s\open\src\hotspot\share\interpreter\linkResolver.cpp, line 796]
Event: 2.290 Thread 0x00000212971ae920 Exception <a 'java/lang/NoSuchMethodError'{0x000000071392e710}: 'java.lang.Object java.lang.invoke.DirectMethodHandle$Holder.invokeStatic(java.lang.Object, java.lang.Object, java.lang.Object, java.lang.Object, int)'> (0x000000071392e710) 
thrown [s\open\src\hotspot\share\interpreter\linkResolver.cpp, line 796]
Event: 2.291 Thread 0x00000212971ae920 Exception <a 'java/lang/NoSuchMethodError'{0x0000000713939b58}: 'void java.lang.invoke.DelegatingMethodHandle$Holder.reinvoke_L(java.lang.Object, java.lang.Object, double)'> (0x0000000713939b58) 
thrown [s\open\src\hotspot\share\interpreter\linkResolver.cpp, line 796]
Event: 2.328 Thread 0x00000212971ae920 Exception <a 'java/lang/NoSuchMethodError'{0x00000007139d8e10}: 'void java.lang.invoke.DirectMethodHandle$Holder.invokeStatic(java.lang.Object, int, java.lang.Object)'> (0x00000007139d8e10) 
thrown [s\open\src\hotspot\share\interpreter\linkResolver.cpp, line 796]
Event: 2.372 Thread 0x00000212971ae920 Exception <a 'java/lang/NoSuchMethodError'{0x0000000713696a20}: 'void java.lang.invoke.DirectMethodHandle$Holder.invokeVirtual(java.lang.Object, java.lang.Object)'> (0x0000000713696a20) 
thrown [s\open\src\hotspot\share\interpreter\linkResolver.cpp, line 796]

VM Operations (20 events):
Event: 0.135 Executing VM operation: HandshakeAllThreads (Deoptimize)
Event: 0.135 Executing VM operation: HandshakeAllThreads (Deoptimize) done
Event: 0.176 Executing VM operation: HandshakeAllThreads (Deoptimize)
Event: 0.176 Executing VM operation: HandshakeAllThreads (Deoptimize) done
Event: 0.747 Executing VM operation: HandshakeAllThreads (Deoptimize)
Event: 0.747 Executing VM operation: HandshakeAllThreads (Deoptimize) done
Event: 1.178 Executing VM operation: G1CollectForAllocation (G1 Evacuation Pause)
Event: 1.186 Executing VM operation: G1CollectForAllocation (G1 Evacuation Pause) done
Event: 1.219 Executing VM operation: HandshakeAllThreads (Deoptimize)
Event: 1.219 Executing VM operation: HandshakeAllThreads (Deoptimize) done
Event: 1.696 Executing VM operation: HandshakeAllThreads (Deoptimize)
Event: 1.696 Executing VM operation: HandshakeAllThreads (Deoptimize) done
Event: 1.740 Executing VM operation: HandshakeAllThreads (Deoptimize)
Event: 1.740 Executing VM operation: HandshakeAllThreads (Deoptimize) done
Event: 1.747 Executing VM operation: HandshakeAllThreads (Deoptimize)
Event: 1.747 Executing VM operation: HandshakeAllThreads (Deoptimize) done
Event: 1.785 Executing VM operation: HandshakeAllThreads (Deoptimize)
Event: 1.785 Executing VM operation: HandshakeAllThreads (Deoptimize) done
Event: 2.044 Executing VM operation: G1CollectForAllocation (G1 Evacuation Pause)
Event: 2.051 Executing VM operation: G1CollectForAllocation (G1 Evacuation Pause) done

Memory protections (0 events):
No events

Nmethod flushes (0 events):
No events

Events (20 events):
Event: 0.064 Thread 0x000002122fae2390 Thread added: 0x0000021297017350
Event: 0.064 Thread 0x000002122fae2390 Thread added: 0x000002129701a2a0
Event: 0.064 Thread 0x000002122fae2390 Thread added: 0x000002129701b870
Event: 0.064 Thread 0x000002122fae2390 Thread added: 0x000002129701c7d0
Event: 0.064 Thread 0x000002122fae2390 Thread added: 0x000002129701ee10
Event: 0.065 Thread 0x000002122fae2390 Thread added: 0x00000212970300f0
Event: 0.069 Thread 0x00000212970300f0 Thread added: 0x000002129702fa20
Event: 0.094 Thread 0x000002122fae2390 Thread added: 0x00000212971afcd0
Event: 0.114 Thread 0x00000212970300f0 Thread added: 0x000002129702ec80
Event: 0.129 Thread 0x000002129702ec80 Thread added: 0x0000021297030e90
Event: 0.131 Thread 0x000002129702ec80 Thread added: 0x000002129702f350
Event: 0.189 Thread 0x000002122fae2390 Thread added: 0x00000212971b1710
Event: 0.575 Thread 0x0000021297030e90 Thread exited: 0x0000021297030e90
Event: 0.611 Thread 0x000002122fae2390 Thread added: 0x00000212971ae290
Event: 0.761 Thread 0x000002122fae2390 Thread added: 0x00000212971b0360
Event: 0.764 Thread 0x000002122fae2390 Thread added: 0x00000212971ae920
Event: 1.168 Thread 0x000002122fae2390 Thread added: 0x00000212971b09f0
Event: 1.172 Thread 0x00000212971af640 Thread added: 0x00000212971af640
Event: 1.457 Thread 0x00000212970300f0 Thread added: 0x0000021297031c30
Event: 1.731 Thread 0x00000212971ae920 Thread added: 0x00000212971aefb0


Dynamic libraries:
0x00007ff6436a0000 - 0x00007ff6436ae000 	C:\Users\msi\.jdks\openjdk-23.0.2\bin\java.exe
0x00007ffb67450000 - 0x00007ffb67667000 	C:\WINDOWS\SYSTEM32\ntdll.dll
0x00007ffb2b470000 - 0x00007ffb2b48a000 	C:\Program Files\Avast Software\Avast\aswhook.dll
0x00007ffb65140000 - 0x00007ffb65204000 	C:\WINDOWS\System32\KERNEL32.DLL
0x00007ffb64ad0000 - 0x00007ffb64ea0000 	C:\WINDOWS\System32\KERNELBASE.dll
0x000000005bc40000 - 0x000000005bf6e000 	C:\Program Files\Norton Security\NortonData\22.24.3.6\Definitions\IPSDefs\20250115.064\IPSEng64.dll
0x00007ffb66c30000 - 0x00007ffb66ce1000 	C:\WINDOWS\System32\ADVAPI32.dll
0x00007ffb67070000 - 0x00007ffb67117000 	C:\WINDOWS\System32\msvcrt.dll
0x00007ffb664c0000 - 0x00007ffb66567000 	C:\WINDOWS\System32\sechost.dll
0x00007ffb64980000 - 0x00007ffb649a8000 	C:\WINDOWS\System32\bcrypt.dll
0x00007ffb658e0000 - 0x00007ffb659f4000 	C:\WINDOWS\System32\RPCRT4.dll
0x00007ffb66af0000 - 0x00007ffb66af8000 	C:\WINDOWS\System32\PSAPI.DLL
0x00007ffb649b0000 - 0x00007ffb64ac1000 	C:\WINDOWS\System32\ucrtbase.dll
0x00007ffb53ba0000 - 0x00007ffb53bbb000 	C:\Users\msi\.jdks\openjdk-23.0.2\bin\VCRUNTIME140.dll
0x00007ffb4c320000 - 0x00007ffb4c337000 	C:\Users\msi\.jdks\openjdk-23.0.2\bin\jli.dll
0x00007ffb65a90000 - 0x00007ffb65c3e000 	C:\WINDOWS\System32\USER32.dll
0x00007ffb64f20000 - 0x00007ffb64f46000 	C:\WINDOWS\System32\win32u.dll
0x00007ffb47b20000 - 0x00007ffb47db2000 	C:\WINDOWS\WinSxS\amd64_microsoft.windows.common-controls_6595b64144ccf1df_6.0.22621.4830_none_270fe7d773858e80\COMCTL32.dll
0x00007ffb65a00000 - 0x00007ffb65a29000 	C:\WINDOWS\System32\GDI32.dll
0x00007ffb64700000 - 0x00007ffb6481b000 	C:\WINDOWS\System32\gdi32full.dll
0x00007ffb64820000 - 0x00007ffb648ba000 	C:\WINDOWS\System32\msvcp_win.dll
0x00007ffb66e80000 - 0x00007ffb66eb1000 	C:\WINDOWS\System32\IMM32.DLL
0x00007ffb53b90000 - 0x00007ffb53b9c000 	C:\Users\msi\.jdks\openjdk-23.0.2\bin\vcruntime140_1.dll
0x00007ffb173c0000 - 0x00007ffb1744e000 	C:\Users\msi\.jdks\openjdk-23.0.2\bin\msvcp140.dll
0x00007ffa71410000 - 0x00007ffa72160000 	C:\Users\msi\.jdks\openjdk-23.0.2\bin\server\jvm.dll
0x00007ffb66960000 - 0x00007ffb669d1000 	C:\WINDOWS\System32\WS2_32.dll
0x00007ffb635c0000 - 0x00007ffb6360d000 	C:\WINDOWS\SYSTEM32\POWRPROF.dll
0x00007ffb57be0000 - 0x00007ffb57c14000 	C:\WINDOWS\SYSTEM32\WINMM.dll
0x00007ffb5d330000 - 0x00007ffb5d33a000 	C:\WINDOWS\SYSTEM32\VERSION.dll
0x00007ffb63580000 - 0x00007ffb63593000 	C:\WINDOWS\SYSTEM32\UMPDC.dll
0x00007ffb63830000 - 0x00007ffb63848000 	C:\WINDOWS\SYSTEM32\kernel.appcore.dll
0x00007ffb4c5d0000 - 0x00007ffb4c5da000 	C:\Users\msi\.jdks\openjdk-23.0.2\bin\jimage.dll
0x00007ffb62040000 - 0x00007ffb62272000 	C:\WINDOWS\SYSTEM32\DBGHELP.DLL
0x00007ffb66570000 - 0x00007ffb66900000 	C:\WINDOWS\System32\combase.dll
0x00007ffb671d0000 - 0x00007ffb672a7000 	C:\WINDOWS\System32\OLEAUT32.dll
0x00007ffb5a680000 - 0x00007ffb5a6b2000 	C:\WINDOWS\SYSTEM32\dbgcore.DLL
0x00007ffb650c0000 - 0x00007ffb6513b000 	C:\WINDOWS\System32\bcryptPrimitives.dll
0x00007ffb42070000 - 0x00007ffb4208e000 	C:\Users\msi\.jdks\openjdk-23.0.2\bin\java.dll
0x00007ffb66ec0000 - 0x00007ffb67061000 	C:\WINDOWS\System32\ole32.dll
0x00007ffb65c40000 - 0x00007ffb664b8000 	C:\WINDOWS\System32\SHELL32.dll
0x00007ffb62660000 - 0x00007ffb62f70000 	C:\WINDOWS\SYSTEM32\windows.storage.dll
0x00007ffb62520000 - 0x00007ffb6265f000 	C:\WINDOWS\SYSTEM32\wintypes.dll
0x00007ffb66d70000 - 0x00007ffb66e7a000 	C:\WINDOWS\System32\SHCORE.dll
0x00007ffb65a30000 - 0x00007ffb65a8e000 	C:\WINDOWS\System32\shlwapi.dll
0x00007ffb64630000 - 0x00007ffb6465b000 	C:\WINDOWS\SYSTEM32\profapi.dll
0x00007ffb17110000 - 0x00007ffb171e7000 	C:\Users\msi\.jdks\openjdk-23.0.2\bin\jsvml.dll
0x00007ffb4c310000 - 0x00007ffb4c320000 	C:\Users\msi\.jdks\openjdk-23.0.2\bin\net.dll
0x00007ffb63cb0000 - 0x00007ffb63d1a000 	C:\WINDOWS\system32\mswsock.dll
0x00007ffb3d580000 - 0x00007ffb3d596000 	C:\Users\msi\.jdks\openjdk-23.0.2\bin\nio.dll
0x00007ffb3d110000 - 0x00007ffb3d127000 	C:\Users\msi\.jdks\openjdk-23.0.2\bin\zip.dll
0x000002122fde0000 - 0x000002122fde3000 	C:\Users\msi\.openjfx\cache\23.0.2+3\amd64\api-ms-win-core-console-l1-1-0.dll
0x0000021231e20000 - 0x0000021231e23000 	C:\Users\msi\.openjfx\cache\23.0.2+3\amd64\api-ms-win-core-console-l1-2-0.dll
0x0000021231e30000 - 0x0000021231e33000 	C:\Users\msi\.openjfx\cache\23.0.2+3\amd64\api-ms-win-core-datetime-l1-1-0.dll
0x0000021231e40000 - 0x0000021231e43000 	C:\Users\msi\.openjfx\cache\23.0.2+3\amd64\api-ms-win-core-debug-l1-1-0.dll
0x0000021231e50000 - 0x0000021231e53000 	C:\Users\msi\.openjfx\cache\23.0.2+3\amd64\api-ms-win-core-errorhandling-l1-1-0.dll
0x0000021231e60000 - 0x0000021231e64000 	C:\Users\msi\.openjfx\cache\23.0.2+3\amd64\api-ms-win-core-file-l1-1-0.dll
0x0000021231e70000 - 0x0000021231e73000 	C:\Users\msi\.openjfx\cache\23.0.2+3\amd64\api-ms-win-core-file-l1-2-0.dll
0x0000021231e80000 - 0x0000021231e83000 	C:\Users\msi\.openjfx\cache\23.0.2+3\amd64\api-ms-win-core-file-l2-1-0.dll
0x0000021231e90000 - 0x0000021231e93000 	C:\Users\msi\.openjfx\cache\23.0.2+3\amd64\api-ms-win-core-handle-l1-1-0.dll
0x0000021231ea0000 - 0x0000021231ea3000 	C:\Users\msi\.openjfx\cache\23.0.2+3\amd64\api-ms-win-core-heap-l1-1-0.dll
0x0000021231eb0000 - 0x0000021231eb3000 	C:\Users\msi\.openjfx\cache\23.0.2+3\amd64\api-ms-win-core-interlocked-l1-1-0.dll
0x0000021231ec0000 - 0x0000021231ec3000 	C:\Users\msi\.openjfx\cache\23.0.2+3\amd64\api-ms-win-core-libraryloader-l1-1-0.dll
0x0000021231ed0000 - 0x0000021231ed3000 	C:\Users\msi\.openjfx\cache\23.0.2+3\amd64\api-ms-win-core-localization-l1-2-0.dll
0x0000021251fd0000 - 0x0000021251fd3000 	C:\Users\msi\.openjfx\cache\23.0.2+3\amd64\api-ms-win-core-memory-l1-1-0.dll
0x0000021251fe0000 - 0x0000021251fe3000 	C:\Users\msi\.openjfx\cache\23.0.2+3\amd64\api-ms-win-core-namedpipe-l1-1-0.dll
0x0000021251ff0000 - 0x0000021251ff3000 	C:\Users\msi\.openjfx\cache\23.0.2+3\amd64\api-ms-win-core-processenvironment-l1-1-0.dll
0x0000021297c00000 - 0x0000021297c03000 	C:\Users\msi\.openjfx\cache\23.0.2+3\amd64\api-ms-win-core-processthreads-l1-1-0.dll
0x0000021297c10000 - 0x0000021297c13000 	C:\Users\msi\.openjfx\cache\23.0.2+3\amd64\api-ms-win-core-processthreads-l1-1-1.dll
0x0000021297c20000 - 0x0000021297c23000 	C:\Users\msi\.openjfx\cache\23.0.2+3\amd64\api-ms-win-core-profile-l1-1-0.dll
0x0000021297c30000 - 0x0000021297c33000 	C:\Users\msi\.openjfx\cache\23.0.2+3\amd64\api-ms-win-core-rtlsupport-l1-1-0.dll
0x0000021297c40000 - 0x0000021297c43000 	C:\Users\msi\.openjfx\cache\23.0.2+3\amd64\api-ms-win-core-string-l1-1-0.dll
0x0000021297c50000 - 0x0000021297c53000 	C:\Users\msi\.openjfx\cache\23.0.2+3\amd64\api-ms-win-core-synch-l1-1-0.dll
0x0000021297c60000 - 0x0000021297c63000 	C:\Users\msi\.openjfx\cache\23.0.2+3\amd64\api-ms-win-core-synch-l1-2-0.dll
0x0000021297c70000 - 0x0000021297c73000 	C:\Users\msi\.openjfx\cache\23.0.2+3\amd64\api-ms-win-core-sysinfo-l1-1-0.dll
0x0000021297c80000 - 0x0000021297c83000 	C:\Users\msi\.openjfx\cache\23.0.2+3\amd64\api-ms-win-core-timezone-l1-1-0.dll
0x0000021297c90000 - 0x0000021297c93000 	C:\Users\msi\.openjfx\cache\23.0.2+3\amd64\api-ms-win-core-util-l1-1-0.dll
0x0000021297ca0000 - 0x0000021297ca3000 	C:\Users\msi\.openjfx\cache\23.0.2+3\amd64\api-ms-win-crt-conio-l1-1-0.dll
0x0000021297cb0000 - 0x0000021297cb4000 	C:\Users\msi\.openjfx\cache\23.0.2+3\amd64\api-ms-win-crt-convert-l1-1-0.dll
0x0000021297cc0000 - 0x0000021297cc3000 	C:\Users\msi\.openjfx\cache\23.0.2+3\amd64\api-ms-win-crt-environment-l1-1-0.dll
0x0000021297cd0000 - 0x0000021297cd3000 	C:\Users\msi\.openjfx\cache\23.0.2+3\amd64\api-ms-win-crt-filesystem-l1-1-0.dll
0x0000021297ce0000 - 0x0000021297ce3000 	C:\Users\msi\.openjfx\cache\23.0.2+3\amd64\api-ms-win-crt-heap-l1-1-0.dll
0x0000021297cf0000 - 0x0000021297cf3000 	C:\Users\msi\.openjfx\cache\23.0.2+3\amd64\api-ms-win-crt-locale-l1-1-0.dll
0x0000021297d00000 - 0x0000021297d05000 	C:\Users\msi\.openjfx\cache\23.0.2+3\amd64\api-ms-win-crt-math-l1-1-0.dll
0x0000021297d10000 - 0x0000021297d15000 	C:\Users\msi\.openjfx\cache\23.0.2+3\amd64\api-ms-win-crt-multibyte-l1-1-0.dll
0x0000021297d20000 - 0x0000021297d30000 	C:\Users\msi\.openjfx\cache\23.0.2+3\amd64\api-ms-win-crt-private-l1-1-0.dll
0x0000021297d30000 - 0x0000021297d33000 	C:\Users\msi\.openjfx\cache\23.0.2+3\amd64\api-ms-win-crt-process-l1-1-0.dll
0x0000021297d40000 - 0x0000021297d44000 	C:\Users\msi\.openjfx\cache\23.0.2+3\amd64\api-ms-win-crt-runtime-l1-1-0.dll
0x0000021297d50000 - 0x0000021297d54000 	C:\Users\msi\.openjfx\cache\23.0.2+3\amd64\api-ms-win-crt-stdio-l1-1-0.dll
0x0000021297d60000 - 0x0000021297d64000 	C:\Users\msi\.openjfx\cache\23.0.2+3\amd64\api-ms-win-crt-string-l1-1-0.dll
0x0000021297d70000 - 0x0000021297d73000 	C:\Users\msi\.openjfx\cache\23.0.2+3\amd64\api-ms-win-crt-time-l1-1-0.dll
0x0000021297d80000 - 0x0000021297d83000 	C:\Users\msi\.openjfx\cache\23.0.2+3\amd64\api-ms-win-crt-utility-l1-1-0.dll
0x00007ffb16ed0000 - 0x00007ffb16fcc000 	C:\Users\msi\.openjfx\cache\23.0.2+3\amd64\ucrtbase.dll
0x00007ffb27cb0000 - 0x00007ffb27ccb000 	C:\Users\msi\.openjfx\cache\23.0.2+3\amd64\vcruntime140.dll
0x00007ffb3d470000 - 0x00007ffb3d47c000 	C:\Users\msi\.openjfx\cache\23.0.2+3\amd64\vcruntime140_1.dll
0x00007ffb17230000 - 0x00007ffb172be000 	C:\Users\msi\.openjfx\cache\23.0.2+3\amd64\msvcp140.dll
0x00007ffb3d100000 - 0x00007ffb3d109000 	C:\Users\msi\.openjfx\cache\23.0.2+3\amd64\msvcp140_1.dll
0x00007ffb27c60000 - 0x00007ffb27ca1000 	C:\Users\msi\.openjfx\cache\23.0.2+3\amd64\msvcp140_2.dll
0x00007ffb27ae0000 - 0x00007ffb27b10000 	C:\Users\msi\.openjfx\cache\23.0.2+3\amd64\prism_d3d.dll
0x00007ffb23e60000 - 0x00007ffb24008000 	C:\WINDOWS\system32\d3d9.dll
0x00007ffb5f080000 - 0x00007ffb5f0ab000 	C:\WINDOWS\SYSTEM32\dwmapi.dll
0x00007ffb61860000 - 0x00007ffb61897000 	C:\WINDOWS\SYSTEM32\dxcore.dll
0x00007ffb5edf0000 - 0x00007ffb5eea1000 	C:\WINDOWS\system32\uxtheme.dll
0x00007ffb1c570000 - 0x00007ffb1c7e3000 	C:\WINDOWS\System32\DriverStore\FileRepository\iigd_dch.inf_amd64_eb07181cd8456323\igdumdim64.dll
0x00007ffb1b030000 - 0x00007ffb1c567000 	C:\WINDOWS\System32\DriverStore\FileRepository\iigd_dch.inf_amd64_eb07181cd8456323\igd9trinity64.dll
0x00007ffb5ef70000 - 0x00007ffb5f067000 	C:\WINDOWS\system32\dxgi.dll
0x00007ffb50fe0000 - 0x00007ffb51420000 	C:\WINDOWS\System32\DriverStore\FileRepository\iigd_dch.inf_amd64_eb07181cd8456323\igdgmm64.dll
0x00007ffb50cf0000 - 0x00007ffb50d16000 	C:\WINDOWS\System32\DriverStore\FileRepository\iigd_dch.inf_amd64_eb07181cd8456323\igc64.dll
0x00007ffb1afe0000 - 0x00007ffb1b02f000 	C:\WINDOWS\SYSTEM32\ControlLib.dll
0x00007ffb643d0000 - 0x00007ffb6441e000 	C:\WINDOWS\SYSTEM32\CFGMGR32.dll
0x00007ffb51780000 - 0x00007ffb5181c000 	C:\WINDOWS\System32\DriverStore\FileRepository\iigd_dch.inf_amd64_eb07181cd8456323\IntelControlLib.dll
0x00007ffb59a80000 - 0x00007ffb59ac9000 	C:\WINDOWS\SYSTEM32\directxdatabasehelper.dll
0x00007ffb19ab0000 - 0x00007ffb1afd8000 	C:\WINDOWS\System32\DriverStore\FileRepository\iigd_dch.inf_amd64_eb07181cd8456323\igd9dxva64.dll
0x00007ffb65210000 - 0x00007ffb65684000 	C:\WINDOWS\System32\SETUPAPI.dll
0x00007ffb17d80000 - 0x00007ffb19aae000 	C:\WINDOWS\System32\DriverStore\FileRepository\iigd_dch.inf_amd64_eb07181cd8456323\media_bin_64.dll
0x00007ffb25680000 - 0x00007ffb256c5000 	C:\Users\msi\.openjfx\cache\23.0.2+3\amd64\glass.dll
0x00007ffb66b20000 - 0x00007ffb66c22000 	C:\WINDOWS\System32\COMDLG32.dll
0x00007ffb672b0000 - 0x00007ffb6740f000 	C:\WINDOWS\System32\MSCTF.dll
0x00007ffb4c7b0000 - 0x00007ffb506b9000 	C:\WINDOWS\System32\DriverStore\FileRepository\iigd_dch.inf_amd64_eb07181cd8456323\igc1464.dll
0x00007ffb13220000 - 0x00007ffb13369000 	C:\WINDOWS\System32\DriverStore\FileRepository\iigd_dch.inf_amd64_eb07181cd8456323\igdml64.dll
0x00007ffb13600000 - 0x00007ffb13629000 	C:\WINDOWS\System32\DriverStore\FileRepository\iigd_dch.inf_amd64_eb07181cd8456323\igdinfo64.dll
0x00007ffb67120000 - 0x00007ffb671d0000 	C:\WINDOWS\System32\clbcatq.dll
0x00007ffb59c20000 - 0x00007ffb59d9d000 	C:\Windows\System32\Windows.UI.dll
0x00007ffb5a470000 - 0x00007ffb5a5e5000 	C:\Windows\System32\Windows.UI.Immersive.dll
0x00007ffb63270000 - 0x00007ffb63372000 	C:\WINDOWS\SYSTEM32\DNSAPI.dll
0x00007ffb63240000 - 0x00007ffb6326d000 	C:\WINDOWS\SYSTEM32\IPHLPAPI.DLL
0x00007ffb66950000 - 0x00007ffb66959000 	C:\WINDOWS\System32\NSI.dll
0x00007ffb5d7a0000 - 0x00007ffb5d7aa000 	C:\Windows\System32\rasadhlp.dll
0x00007ffb5d490000 - 0x00007ffb5d513000 	C:\WINDOWS\System32\fwpuclnt.dll

dbghelp: loaded successfully - version: 4.0.5 - missing functions: none
symbol engine: initialized successfully - sym options: 0x614 - pdb path: .;C:\Users\msi\.jdks\openjdk-23.0.2\bin;C:\WINDOWS\SYSTEM32;C:\Program Files\Avast Software\Avast;C:\Program Files\Norton Security\NortonData\22.24.3.6\Definitions\IPSDefs\20250115.064;C:\WINDOWS\WinSxS\amd64_microsoft.windows.common-controls_6595b64144ccf1df_6.0.22621.4830_none_270fe7d773858e80;C:\Users\msi\.jdks\openjdk-23.0.2\bin\server;C:\Users\msi\.openjfx\cache\23.0.2+3\amd64;C:\WINDOWS\System32\DriverStore\FileRepository\iigd_dch.inf_amd64_eb07181cd8456323

VM Arguments:
jvm_args: --module-path=C:/javafx-sdk/javafx-sdk-23.0.2/lib --add-modules=javafx.controls,javafx.fxml --module-path=C:\Users\msi\.m2\repository\org\openjfx\javafx-base\23.0.2\javafx-base-23.0.2-win.jar;C:\Users\msi\.m2\repository\org\openjfx\javafx-base\23.0.2\javafx-base-23.0.2.jar;C:\Users\msi\.m2\repository\org\openjfx\javafx-controls\23.0.2\javafx-controls-23.0.2-win.jar;C:\Users\msi\.m2\repository\org\openjfx\javafx-controls\23.0.2\javafx-controls-23.0.2.jar;C:\Users\msi\.m2\repository\org\openjfx\javafx-fxml\23.0.2\javafx-fxml-23.0.2-win.jar;C:\Users\msi\.m2\repository\org\openjfx\javafx-fxml\23.0.2\javafx-fxml-23.0.2.jar;C:\Users\msi\.m2\repository\org\openjfx\javafx-graphics\23.0.2\javafx-graphics-23.0.2-win.jar;C:\Users\msi\.m2\repository\org\openjfx\javafx-graphics\23.0.2\javafx-graphics-23.0.2.jar --add-modules=javafx.base,javafx.controls,javafx.fxml,javafx.graphics 
java_command: org.example.Mainfx
java_class_path (initial): C:\Users\msi\OneDrive - ESPRIT\Bureau\AutoHeaven\target\classes;C:\Users\msi\.m2\repository\com\google\protobuf\protobuf-java\3.21.9\protobuf-java-3.21.9.jar;C:\Users\msi\.m2\repository\com\mysql\mysql-connector-j\8.0.33\mysql-connector-j-8.0.33.jar
Launcher Type: SUN_STANDARD

[Global flags]
     intx CICompilerCount                          = 12                                        {product} {ergonomic}
     uint ConcGCThreads                            = 3                                         {product} {ergonomic}
     uint G1ConcRefinementThreads                  = 13                                        {product} {ergonomic}
   size_t G1HeapRegionSize                         = 2097152                                   {product} {ergonomic}
   size_t InitialHeapSize                          = 264241152                                 {product} {ergonomic}
   size_t MarkStackSize                            = 4194304                                   {product} {ergonomic}
   size_t MarkStackSizeMax                         = 536870912                                 {product} {ergonomic}
   size_t MaxHeapSize                              = 4217372672                                {product} {ergonomic}
   size_t MaxNewSize                               = 2529165312                                {product} {ergonomic}
   size_t MinHeapDeltaBytes                        = 2097152                                   {product} {ergonomic}
   size_t MinHeapSize                              = 8388608                                   {product} {ergonomic}
    uintx NonNMethodCodeHeapSize                   = 7602176                                {pd product} {ergonomic}
    uintx NonProfiledCodeHeapSize                  = 122093568                              {pd product} {ergonomic}
    uintx ProfiledCodeHeapSize                     = 121962496                              {pd product} {ergonomic}
    uintx ReservedCodeCacheSize                    = 251658240                              {pd product} {ergonomic}
     bool SegmentedCodeCache                       = true                                      {product} {ergonomic}
   size_t SoftMaxHeapSize                          = 4217372672                             {manageable} {ergonomic}
     bool UseCompressedOops                        = true                           {product lp64_product} {ergonomic}
     bool UseG1GC                                  = true                                      {product} {ergonomic}
     bool UseLargePagesIndividualAllocation        = false                                  {pd product} {ergonomic}

Logging:
Log output configuration:
 #0: stdout all=warning uptime,level,tags foldmultilines=false
 #1: stderr all=off uptime,level,tags foldmultilines=false

Environment Variables:
PATH=C:\oraclexe\app\oracle\product\11.2.0\server\bin;C:\Program Files (x86)\VMware\VMware Workstation\bin\;C:\Windows\system32;C:\Windows;C:\Windows\System32\Wbem;C:\Windows\System32\WindowsPowerShell\v1.0\;C:\Windows\System32\OpenSSH\;C:\Program Files (x86)\NVIDIA Corporation\PhysX\Common;C:\Program Files\NVIDIA Corporation\NVIDIA NvDLISR;C:\xampp\php;C:\composer;C:\Program Files\Git\cmd;C:\WINDOWS\system32;C:\WINDOWS;C:\WINDOWS\System32\Wbem;C:\WINDOWS\System32\WindowsPowerShell\v1.0\;C:\WINDOWS\System32\OpenSSH\;C:\maven\apache-maven-3.9.9\bin;C:\Users\msi\scoop\shims;C:\Users\msi\AppData\Local\Microsoft\WindowsApps;C:\Users\msi\AppData\Local\Programs\Microsoft VS Code\bin;C:\Users\msi\AppData\Roaming\Composer\vendor\bin;C:\Program Files\JetBrains\intellij\IntelliJ IDEA 2024.2.3\bin;;
USERNAME=msi
OS=Windows_NT
PROCESSOR_IDENTIFIER=Intel64 Family 6 Model 154 Stepping 3, GenuineIntel
TMP=C:\Users\msi\AppData\Local\Temp
TEMP=C:\Users\msi\AppData\Local\Temp




Periodic native trim disabled

---------------  S Y S T E M  ---------------

OS:
 Windows 11 , 64 bit Build 22621 (10.0.22621.4830)
OS uptime: 1 days 1:51 hours

CPU: total 16 (initial active 16) (8 cores per cpu, 2 threads per core) family 6 model 154 stepping 3 microcode 0x424, cx8, cmov, fxsr, ht, mmx, 3dnowpref, sse, sse2, sse3, ssse3, sse4.1, sse4.2, popcnt, lzcnt, tsc, tscinvbit, avx, avx2, aes, erms, clmul, bmi1, bmi2, adx, sha, fma, vzeroupper, clflush, clflushopt, clwb, serialize, rdtscp, rdpid, fsrm, gfni, f16c, pku, cet_ibt, cet_ss
Processor Information for processor 0
  Max Mhz: 2300, Current Mhz: 2300, Mhz Limit: 2300
Processor Information for processor 1
  Max Mhz: 2300, Current Mhz: 2300, Mhz Limit: 2300
Processor Information for processor 2
  Max Mhz: 2300, Current Mhz: 2300, Mhz Limit: 2300
Processor Information for processor 3
  Max Mhz: 2300, Current Mhz: 2300, Mhz Limit: 2300
Processor Information for processor 4
  Max Mhz: 2300, Current Mhz: 2300, Mhz Limit: 2300
Processor Information for processor 5
  Max Mhz: 2300, Current Mhz: 2300, Mhz Limit: 2300
Processor Information for processor 6
  Max Mhz: 2300, Current Mhz: 2300, Mhz Limit: 2300
Processor Information for processor 7
  Max Mhz: 2300, Current Mhz: 2300, Mhz Limit: 2300
Processor Information for processor 8
  Max Mhz: 2300, Current Mhz: 2300, Mhz Limit: 2300
Processor Information for processor 9
  Max Mhz: 2300, Current Mhz: 2300, Mhz Limit: 2300
Processor Information for processor 10
  Max Mhz: 2300, Current Mhz: 2300, Mhz Limit: 2300
Processor Information for processor 11
  Max Mhz: 2300, Current Mhz: 2300, Mhz Limit: 2300
Processor Information for processor 12
  Max Mhz: 2300, Current Mhz: 1488, Mhz Limit: 2300
Processor Information for processor 13
  Max Mhz: 2300, Current Mhz: 2300, Mhz Limit: 2300
Processor Information for processor 14
  Max Mhz: 2300, Current Mhz: 2300, Mhz Limit: 2300
Processor Information for processor 15
  Max Mhz: 2300, Current Mhz: 1488, Mhz Limit: 2300

Memory: 4k page, system-wide physical 16085M (287M free)
TotalPageFile size 65237M (AvailPageFile size 0M)
current process WorkingSet (physical memory assigned to process): 229M, peak: 229M
current process commit charge ("private bytes"): 504M, peak: 504M

vm_info: OpenJDK 64-Bit Server VM (23.0.2+7-58) for windows-amd64 JRE (23.0.2+7-58), built on 2024-11-29T09:34:55Z with MS VC++ 17.6 (VS2022)

END.
